[2023-05-04 09:29:38][INFO] New user registered with ID: 102
[2023-05-04 09:29:38][INFO] *------------------------------------------------------------------------------------------------------*
[2023-05-04 09:29:38][INFO] User Create/Update routine started
[2023-05-04 09:29:38][INFO] *------------------------------------------------------------------------------------------------------*
[2023-05-04 09:29:38][INFO] Get candidate by email - helder.silva@knower.pt
[2023-05-04 09:29:38][INFO] JobconvoApiClient - Request method
[2023-05-04 09:29:38][INFO] METHOD - GET
[2023-05-04 09:29:38][INFO] URL - https://api.jobconvo.com/pt-br/api/companycandidate/?candidate=helder.silva@knower.pt
[2023-05-04 09:29:38][INFO] GET Methods enter: GET
[2023-05-04 09:29:38][WARN] Retry request attempt 1
[2023-05-04 09:29:38][ERROR] Can't acess Jobconvo API, error:
[2023-05-04 09:29:38][ERROR] Code: 404
[2023-05-04 09:29:38][ERROR] Message: Not Found
[2023-05-04 09:29:38][ERROR] Body details: {"detail":"Não encontrado."}
[2023-05-04 09:29:38][INFO] User - helder.silva@knower.pt not found on JobConvo, creating new one...
[2023-05-04 09:29:38][INFO] Candidate - Creating...
[2023-05-04 09:29:38][INFO] JobconvoApiClient - Request method
[2023-05-04 09:29:38][INFO] METHOD - POST
[2023-05-04 09:29:38][INFO] URL - https://api.jobconvo.com/pt-br/api/companycandidate/
[2023-05-04 09:29:38][INFO] wp_json_encode: {"profile":{"first_name":"Helder","last_name":"Almeida Silva","email":"helder.silva@knower.pt"}}
[2023-05-04 09:29:39][WARN] Retry request attempt 1
[2023-05-04 09:29:39][INFO] Candidate created.
[2023-05-04 09:29:39][INFO] Array
(
    [pk] => 5be673ae-6dcb-49bc-9db7-5eb607c51172
    [date] => 2023-05-04T06:29:40.457536-03:00
    [source] => Página de Carreiras
    [favorite] => 
    [blacklist] => 
    [by_recruiter] => 
    [referral] => Array
        (
            [by_name] => 
            [by_email] => 
            [confirmed] => 
            [answer_date] => 
            [answer_comments] => 
        )

    [profile] => Array
        (
            [first_name] => Helder
            [last_name] => Almeida Silva
            [full_name] => Helder Almeida Silva
            [email] => helder.silva@knower.pt
            [birthday] => 
            [social_status] => 
            [gender] => 
            [rais] => 
            [photo] => 
            [nationality] => 
            [social_name] => 
            [sexuality] => 0
            [ethnicity] => 0
            [pronoun] => 0
            [country_code] => 
            [area_code] => 
            [phone1] => 
            [phone2] => 
            [public_place_type] => 
            [address] => 
            [adddressnumber] => 
            [complement] => 
            [neighbourhood] => 
            [state] => 
            [city] => 
            [country] => 
            [latitude] => 
            [longitude] => 
            [cep] => 
            [user_language] => pt-br
            [complete_cv] => 
        )

    [disability] => Array
        (
            [disability] => Não
            [disability_id] => 0
        )

    [documents] => Array
        (
            [cpf] => 
            [doctype] => 
            [rg] => 
            [pis] => 
            [not_brazilian] => 
        )

    [work_experiences] => Array
        (
        )

    [career_objectives] => Array
        (
            [career_objective] => 
            [range_of_experience] => 
            [last_salary] => 
            [min_salary] => 
            [currency] => 
        )

    [educations] => Array
        (
        )

    [skills] => Array
        (
        )

    [languages] => Array
        (
        )

    [salary] => Array
        (
            [last_salary] => 
            [min_salary] => 
            [max_salary] => 
            [currency] => 
        )

    [website] => Array
        (
        )

    [applications] => Array
        (
        )

    [resume_file] => 
)

[2023-05-04 09:29:39][INFO] *------------------------------------------------------------------------------------------------------*
[2023-05-04 09:29:39][INFO] User Create/Update routine finished
[2023-05-04 09:29:39][INFO] *------------------------------------------------------------------------------------------------------*
[04-May-2023 10:31:09 UTC] PHP Notice:  ob_end_flush(): failed to send buffer of zlib output compression (0) in /home/knowerpt/public_html/wp-includes/functions.php on line 5309
[04-May-2023 10:31:25 UTC] PHP Notice:  ob_end_flush(): failed to send buffer of zlib output compression (0) in /home/knowerpt/public_html/wp-includes/functions.php on line 5309
[04-May-2023 10:31:52 UTC] PHP Notice:  ob_end_flush(): failed to send buffer of zlib output compression (0) in /home/knowerpt/public_html/wp-includes/functions.php on line 5309
[04-May-2023 10:43:21 UTC] PHP Notice:  ob_end_flush(): failed to send buffer of zlib output compression (0) in /home/knowerpt/public_html/wp-includes/functions.php on line 5309
[04-May-2023 10:47:26 UTC] PHP Notice:  ob_end_flush(): failed to send buffer of zlib output compression (0) in /home/knowerpt/public_html/wp-includes/functions.php on line 5309
[04-May-2023 10:47:28 UTC] PHP Notice:  ob_end_flush(): failed to send buffer of zlib output compression (0) in /home/knowerpt/public_html/wp-includes/functions.php on line 5309
[04-May-2023 10:47:45 UTC] PHP Notice:  ob_end_flush(): failed to send buffer of zlib output compression (0) in /home/knowerpt/public_html/wp-includes/functions.php on line 5309
[2023-05-04 10:51:07][INFO] *------------------------------------------------------------------------------------------------------*
[2023-05-04 10:51:07][INFO] Job Offer - 4408 updated, notifying admin - BEGIN
[2023-05-04 10:51:07][INFO] *------------------------------------------------------------------------------------------------------*
[2023-05-04 10:51:07][INFO] Mail sent successfully
[2023-05-04 10:51:07][INFO] *------------------------------------------------------------------------------------------------------*
[2023-05-04 10:51:07][INFO] Job Offer - 4408 updated, notifying admin - END
[2023-05-04 10:51:07][INFO] *------------------------------------------------------------------------------------------------------*
[2023-05-04 10:51:07][INFO] Post ID 4408 saved, status is publish , parent is 4398
[2023-05-04 10:51:07][INFO] Post ID 4408 saved, status is publish , parent is 4398
[04-May-2023 10:51:09 UTC] PHP Notice:  ob_end_flush(): failed to send buffer of zlib output compression (0) in /home/knowerpt/public_html/wp-includes/functions.php on line 5309
[04-May-2023 10:51:52 UTC] PHP Notice:  ob_end_flush(): failed to send buffer of zlib output compression (0) in /home/knowerpt/public_html/wp-includes/functions.php on line 5309
[2023-05-04 10:52:03][INFO] *------------------------------------------------------------------------------------------------------*
[2023-05-04 10:52:03][INFO] Job Offer - 4408 updated, notifying admin - BEGIN
[2023-05-04 10:52:03][INFO] *------------------------------------------------------------------------------------------------------*
[2023-05-04 10:52:03][INFO] Mail sent successfully
[2023-05-04 10:52:03][INFO] *------------------------------------------------------------------------------------------------------*
[2023-05-04 10:52:03][INFO] Job Offer - 4408 updated, notifying admin - END
[2023-05-04 10:52:03][INFO] *------------------------------------------------------------------------------------------------------*
[2023-05-04 10:52:03][INFO] Post ID 4408 saved, status is publish , parent is 4398
[2023-05-04 10:52:03][INFO] Post ID 4408 saved, status is publish , parent is 4398
[04-May-2023 10:52:05 UTC] PHP Notice:  ob_end_flush(): failed to send buffer of zlib output compression (0) in /home/knowerpt/public_html/wp-includes/functions.php on line 5309
[2023-05-04 10:52:33][INFO] Post auto-draft
[04-May-2023 10:52:33 UTC] PHP Notice:  ob_end_flush(): failed to send buffer of zlib output compression (0) in /home/knowerpt/public_html/wp-includes/functions.php on line 5309
[04-May-2023 10:52:38 UTC] PHP Notice:  ob_end_flush(): failed to send buffer of zlib output compression (0) in /home/knowerpt/public_html/wp-includes/functions.php on line 5309
[2023-05-04 10:57:53][INFO] *------------------------------------------------------------------------------------------------------*
[2023-05-04 10:57:53][INFO] Job Offer - 4415 updated, notifying admin - BEGIN
[2023-05-04 10:57:53][INFO] *------------------------------------------------------------------------------------------------------*
[2023-05-04 10:57:53][INFO] Mail sent successfully
[2023-05-04 10:57:53][INFO] *------------------------------------------------------------------------------------------------------*
[2023-05-04 10:57:53][INFO] Job Offer - 4415 updated, notifying admin - END
[2023-05-04 10:57:53][INFO] *------------------------------------------------------------------------------------------------------*
[2023-05-04 10:57:53][INFO] Post ID 4415 saved, status is publish , parent is 4398
[2023-05-04 10:57:53][INFO] Post ID 4415 saved, status is publish , parent is 4398
[04-May-2023 10:57:54 UTC] PHP Notice:  ob_end_flush(): failed to send buffer of zlib output compression (0) in /home/knowerpt/public_html/wp-includes/functions.php on line 5309
[04-May-2023 10:59:04 UTC] PHP Notice:  ob_end_flush(): failed to send buffer of zlib output compression (0) in /home/knowerpt/public_html/wp-includes/functions.php on line 5309
[2023-05-04 10:59:19][INFO] *------------------------------------------------------------------------------------------------------*
[2023-05-04 10:59:19][INFO] Job Offer - 4417 updated, notifying admin - BEGIN
[2023-05-04 10:59:19][INFO] *------------------------------------------------------------------------------------------------------*
[2023-05-04 10:59:19][INFO] Mail sent successfully
[2023-05-04 10:59:19][INFO] *------------------------------------------------------------------------------------------------------*
[2023-05-04 10:59:19][INFO] Job Offer - 4417 updated, notifying admin - END
[2023-05-04 10:59:19][INFO] *------------------------------------------------------------------------------------------------------*
[2023-05-04 10:59:19][INFO] Post ID 4417 saved, status is publish , parent is 4398
[2023-05-04 10:59:19][INFO] Post ID 4417 saved, status is publish , parent is 4398
[04-May-2023 10:59:21 UTC] PHP Notice:  ob_end_flush(): failed to send buffer of zlib output compression (0) in /home/knowerpt/public_html/wp-includes/functions.php on line 5309
[04-May-2023 11:00:03 UTC] PHP Notice:  ob_end_flush(): failed to send buffer of zlib output compression (0) in /home/knowerpt/public_html/wp-includes/functions.php on line 5309
[2023-05-04 11:01:56][INFO] *------------------------------------------------------------------------------------------------------*
[2023-05-04 11:01:56][INFO] Job Offer - 4413 updated, notifying admin - BEGIN
[2023-05-04 11:01:56][INFO] *------------------------------------------------------------------------------------------------------*
[2023-05-04 11:01:56][INFO] Mail sent successfully
[2023-05-04 11:01:56][INFO] *------------------------------------------------------------------------------------------------------*
[2023-05-04 11:01:56][INFO] Job Offer - 4413 updated, notifying admin - END
[2023-05-04 11:01:56][INFO] *------------------------------------------------------------------------------------------------------*
[2023-05-04 11:01:56][INFO] Post ID 4413 saved, status is publish , parent is 4398
[2023-05-04 11:01:56][INFO] Post ID 4413 saved, status is publish , parent is 4398
[04-May-2023 11:01:58 UTC] PHP Notice:  ob_end_flush(): failed to send buffer of zlib output compression (0) in /home/knowerpt/public_html/wp-includes/functions.php on line 5309
[04-May-2023 11:04:39 UTC] PHP Notice:  ob_end_flush(): failed to send buffer of zlib output compression (0) in /home/knowerpt/public_html/wp-includes/functions.php on line 5309
[2023-05-04 11:05:14][INFO] *------------------------------------------------------------------------------------------------------*
[2023-05-04 11:05:14][INFO] Job Offer - 4383 updated, notifying admin - BEGIN
[2023-05-04 11:05:14][INFO] *------------------------------------------------------------------------------------------------------*
[2023-05-04 11:05:14][INFO] Mail sent successfully
[2023-05-04 11:05:14][INFO] *------------------------------------------------------------------------------------------------------*
[2023-05-04 11:05:14][INFO] Job Offer - 4383 updated, notifying admin - END
[2023-05-04 11:05:14][INFO] *------------------------------------------------------------------------------------------------------*
[2023-05-04 11:05:14][INFO] Post ID 4383 saved, status is publish , parent is 4398
[2023-05-04 11:05:14][INFO] Post ID 4383 saved, status is publish , parent is 4398
[04-May-2023 11:05:16 UTC] PHP Notice:  ob_end_flush(): failed to send buffer of zlib output compression (0) in /home/knowerpt/public_html/wp-includes/functions.php on line 5309
[04-May-2023 11:05:51 UTC] PHP Notice:  ob_end_flush(): failed to send buffer of zlib output compression (0) in /home/knowerpt/public_html/wp-includes/functions.php on line 5309
[2023-05-04 11:20:20][INFO] *------------------------------------------------------------------------------------------------------*
[2023-05-04 11:20:20][INFO] Job Offer - 5471 updated, notifying admin - BEGIN
[2023-05-04 11:20:20][INFO] *------------------------------------------------------------------------------------------------------*
[2023-05-04 11:20:21][INFO] Mail sent successfully
[2023-05-04 11:20:21][INFO] *------------------------------------------------------------------------------------------------------*
[2023-05-04 11:20:21][INFO] Job Offer - 5471 updated, notifying admin - END
[2023-05-04 11:20:21][INFO] *------------------------------------------------------------------------------------------------------*
[2023-05-04 11:20:21][INFO] Post ID 5471 saved, status is publish , parent is 4398
[2023-05-04 11:20:21][INFO] Post ID 5471 saved, status is publish , parent is 4398
[04-May-2023 11:20:22 UTC] PHP Notice:  ob_end_flush(): failed to send buffer of zlib output compression (0) in /home/knowerpt/public_html/wp-includes/functions.php on line 5309
[04-May-2023 11:44:03 UTC] PHP Notice:  ob_end_flush(): failed to send buffer of zlib output compression (0) in /home/knowerpt/public_html/wp-includes/functions.php on line 5309
[2023-05-04 11:44:41][INFO] *------------------------------------------------------------------------------------------------------*
[2023-05-04 11:44:41][INFO] Job Offer - 5471 updated, notifying admin - BEGIN
[2023-05-04 11:44:41][INFO] *------------------------------------------------------------------------------------------------------*
[2023-05-04 11:44:41][INFO] Mail sent successfully
[2023-05-04 11:44:41][INFO] *------------------------------------------------------------------------------------------------------*
[2023-05-04 11:44:41][INFO] Job Offer - 5471 updated, notifying admin - END
[2023-05-04 11:44:41][INFO] *------------------------------------------------------------------------------------------------------*
[2023-05-04 11:44:41][INFO] Post ID 5471 saved, status is publish , parent is 4398
[2023-05-04 11:44:41][INFO] Post ID 5471 saved, status is publish , parent is 4398
[04-May-2023 11:44:43 UTC] PHP Notice:  ob_end_flush(): failed to send buffer of zlib output compression (0) in /home/knowerpt/public_html/wp-includes/functions.php on line 5309
[04-May-2023 11:45:24 UTC] PHP Notice:  ob_end_flush(): failed to send buffer of zlib output compression (0) in /home/knowerpt/public_html/wp-includes/functions.php on line 5309
[04-May-2023 14:43:15 UTC] PHP Notice:  ob_end_flush(): failed to send buffer of zlib output compression (0) in /home/knowerpt/public_html/wp-includes/functions.php on line 5309
[2023-05-04 14:49:46][INFO] *------------------------------------------------------------------------------------------------------*
[2023-05-04 14:49:46][INFO] Job Offer - 5415 updated, notifying admin - BEGIN
[2023-05-04 14:49:46][INFO] *------------------------------------------------------------------------------------------------------*
[2023-05-04 14:49:46][INFO] Mail sent successfully
[2023-05-04 14:49:46][INFO] *------------------------------------------------------------------------------------------------------*
[2023-05-04 14:49:46][INFO] Job Offer - 5415 updated, notifying admin - END
[2023-05-04 14:49:46][INFO] *------------------------------------------------------------------------------------------------------*
[2023-05-04 14:49:46][INFO] Post ID 5415 saved, status is publish , parent is 0
[2023-05-04 14:49:46][INFO] Post ID 5415 saved, status is publish , parent is 0
[04-May-2023 14:49:47 UTC] PHP Notice:  ob_end_flush(): failed to send buffer of zlib output compression (0) in /home/knowerpt/public_html/wp-includes/functions.php on line 5309
[04-May-2023 15:04:54 UTC] PHP Notice:  ob_end_flush(): failed to send buffer of zlib output compression (0) in /home/knowerpt/public_html/wp-includes/functions.php on line 5309
[2023-05-04 15:05:12][INFO] *------------------------------------------------------------------------------------------------------*
[2023-05-04 15:05:12][INFO] Job Offer - 5415 updated, notifying admin - BEGIN
[2023-05-04 15:05:12][INFO] *------------------------------------------------------------------------------------------------------*
[2023-05-04 15:05:12][INFO] Mail sent successfully
[2023-05-04 15:05:12][INFO] *------------------------------------------------------------------------------------------------------*
[2023-05-04 15:05:12][INFO] Job Offer - 5415 updated, notifying admin - END
[2023-05-04 15:05:12][INFO] *------------------------------------------------------------------------------------------------------*
[2023-05-04 15:05:12][INFO] Post ID 5415 saved, status is publish , parent is 0
[2023-05-04 15:05:12][INFO] Post ID 5415 saved, status is publish , parent is 0
[04-May-2023 15:05:13 UTC] PHP Notice:  ob_end_flush(): failed to send buffer of zlib output compression (0) in /home/knowerpt/public_html/wp-includes/functions.php on line 5309
[04-May-2023 15:11:09 UTC] PHP Notice:  ob_end_flush(): failed to send buffer of zlib output compression (0) in /home/knowerpt/public_html/wp-includes/functions.php on line 5309
[2023-05-04 15:12:04][INFO] *------------------------------------------------------------------------------------------------------*
[2023-05-04 15:12:04][INFO] Job Offer - 5471 updated, notifying admin - BEGIN
[2023-05-04 15:12:04][INFO] *------------------------------------------------------------------------------------------------------*
[2023-05-04 15:12:04][INFO] Mail sent successfully
[2023-05-04 15:12:04][INFO] *------------------------------------------------------------------------------------------------------*
[2023-05-04 15:12:04][INFO] Job Offer - 5471 updated, notifying admin - END
[2023-05-04 15:12:04][INFO] *------------------------------------------------------------------------------------------------------*
[2023-05-04 15:12:04][INFO] Post ID 5471 saved, status is publish , parent is 4398
[2023-05-04 15:12:04][INFO] Post ID 5471 saved, status is publish , parent is 4398
[04-May-2023 15:12:06 UTC] PHP Notice:  ob_end_flush(): failed to send buffer of zlib output compression (0) in /home/knowerpt/public_html/wp-includes/functions.php on line 5309
[04-May-2023 15:40:22 UTC] PHP Notice:  ob_end_flush(): failed to send buffer of zlib output compression (0) in /home/knowerpt/public_html/wp-includes/functions.php on line 5309
[2023-05-04 15:41:16][INFO] *------------------------------------------------------------------------------------------------------*
[2023-05-04 15:41:16][INFO] Job Offer - 5471 updated, notifying admin - BEGIN
[2023-05-04 15:41:16][INFO] *------------------------------------------------------------------------------------------------------*
[2023-05-04 15:41:16][INFO] Mail sent successfully
[2023-05-04 15:41:16][INFO] *------------------------------------------------------------------------------------------------------*
[2023-05-04 15:41:16][INFO] Job Offer - 5471 updated, notifying admin - END
[2023-05-04 15:41:16][INFO] *------------------------------------------------------------------------------------------------------*
[2023-05-04 15:41:16][INFO] Post ID 5471 saved, status is publish , parent is 4398
[2023-05-04 15:41:16][INFO] Post ID 5471 saved, status is publish , parent is 4398
[04-May-2023 15:41:18 UTC] PHP Notice:  ob_end_flush(): failed to send buffer of zlib output compression (0) in /home/knowerpt/public_html/wp-includes/functions.php on line 5309
[04-May-2023 15:43:00 UTC] PHP Notice:  ob_end_flush(): failed to send buffer of zlib output compression (0) in /home/knowerpt/public_html/wp-includes/functions.php on line 5309
[04-May-2023 15:44:09 UTC] PHP Notice:  ob_end_flush(): failed to send buffer of zlib output compression (0) in /home/knowerpt/public_html/wp-includes/functions.php on line 5309
[04-May-2023 16:29:45 UTC] PHP Notice:  ob_end_flush(): failed to send buffer of zlib output compression (0) in /home/knowerpt/public_html/wp-includes/functions.php on line 5309
[2023-05-04 16:30:35][INFO] *------------------------------------------------------------------------------------------------------*
[2023-05-04 16:30:35][INFO] Job Offer - 5515 updated, notifying admin - BEGIN
[2023-05-04 16:30:35][INFO] *------------------------------------------------------------------------------------------------------*
[2023-05-04 16:30:35][INFO] Mail sent successfully
[2023-05-04 16:30:35][INFO] *------------------------------------------------------------------------------------------------------*
[2023-05-04 16:30:35][INFO] Job Offer - 5515 updated, notifying admin - END
[2023-05-04 16:30:35][INFO] *------------------------------------------------------------------------------------------------------*
[2023-05-04 16:30:35][INFO] Post ID 5515 saved, status is publish , parent is 0
[2023-05-04 16:30:35][INFO] Post ID 5515 saved, status is publish , parent is 0
[04-May-2023 16:30:37 UTC] PHP Notice:  ob_end_flush(): failed to send buffer of zlib output compression (0) in /home/knowerpt/public_html/wp-includes/functions.php on line 5309
[2023-05-04 16:31:00][INFO] Post auto-draft
[04-May-2023 16:31:00 UTC] PHP Notice:  ob_end_flush(): failed to send buffer of zlib output compression (0) in /home/knowerpt/public_html/wp-includes/functions.php on line 5309
[04-May-2023 16:31:07 UTC] PHP Notice:  ob_end_flush(): failed to send buffer of zlib output compression (0) in /home/knowerpt/public_html/wp-includes/functions.php on line 5309
[2023-05-04 16:32:10][INFO] *------------------------------------------------------------------------------------------------------*
[2023-05-04 16:32:10][INFO] Job Offer - 5521 updated, notifying admin - BEGIN
[2023-05-04 16:32:10][INFO] *------------------------------------------------------------------------------------------------------*
[2023-05-04 16:32:10][INFO] Mail sent successfully
[2023-05-04 16:32:10][INFO] *------------------------------------------------------------------------------------------------------*
[2023-05-04 16:32:10][INFO] Job Offer - 5521 updated, notifying admin - END
[2023-05-04 16:32:10][INFO] *------------------------------------------------------------------------------------------------------*
[2023-05-04 16:32:10][INFO] Post ID 5521 saved, status is publish , parent is 0
[2023-05-04 16:32:10][INFO] Post ID 5521 saved, status is publish , parent is 0
[04-May-2023 16:32:12 UTC] PHP Notice:  ob_end_flush(): failed to send buffer of zlib output compression (0) in /home/knowerpt/public_html/wp-includes/functions.php on line 5309
[04-May-2023 16:32:30 UTC] PHP Notice:  ob_end_flush(): failed to send buffer of zlib output compression (0) in /home/knowerpt/public_html/wp-includes/functions.php on line 5309
[2023-05-04 16:33:24][INFO] *------------------------------------------------------------------------------------------------------*
[2023-05-04 16:33:24][INFO] Job Offer - 5527 updated, notifying admin - BEGIN
[2023-05-04 16:33:24][INFO] *------------------------------------------------------------------------------------------------------*
[2023-05-04 16:33:24][INFO] Mail sent successfully
[2023-05-04 16:33:24][INFO] *------------------------------------------------------------------------------------------------------*
[2023-05-04 16:33:24][INFO] Job Offer - 5527 updated, notifying admin - END
[2023-05-04 16:33:24][INFO] *------------------------------------------------------------------------------------------------------*
[2023-05-04 16:33:24][INFO] Post ID 5527 saved, status is publish , parent is 0
[2023-05-04 16:33:24][INFO] Post ID 5527 saved, status is publish , parent is 0
[04-May-2023 16:33:26 UTC] PHP Notice:  ob_end_flush(): failed to send buffer of zlib output compression (0) in /home/knowerpt/public_html/wp-includes/functions.php on line 5309
[2023-05-04 16:57:16][INFO] New user registered with ID: 103
[2023-05-04 16:57:16][INFO] *------------------------------------------------------------------------------------------------------*
[2023-05-04 16:57:16][INFO] User Create/Update routine started
[2023-05-04 16:57:16][INFO] *------------------------------------------------------------------------------------------------------*
[2023-05-04 16:57:16][INFO] Get candidate by email - dianateste2@sapo.pt
[2023-05-04 16:57:16][INFO] JobconvoApiClient - Request method
[2023-05-04 16:57:16][INFO] METHOD - GET
[2023-05-04 16:57:16][INFO] URL - https://api.jobconvo.com/pt-br/api/companycandidate/?candidate=dianateste2@sapo.pt
[2023-05-04 16:57:16][INFO] GET Methods enter: GET
[2023-05-04 16:57:16][WARN] Retry request attempt 1
[2023-05-04 16:57:16][ERROR] Can't acess Jobconvo API, error:
[2023-05-04 16:57:16][ERROR] Code: 404
[2023-05-04 16:57:16][ERROR] Message: Not Found
[2023-05-04 16:57:16][ERROR] Body details: {"detail":"Não encontrado."}
[2023-05-04 16:57:16][INFO] User - dianateste2@sapo.pt not found on JobConvo, creating new one...
[2023-05-04 16:57:16][INFO] Candidate - Creating...
[2023-05-04 16:57:16][INFO] JobconvoApiClient - Request method
[2023-05-04 16:57:16][INFO] METHOD - POST
[2023-05-04 16:57:16][INFO] URL - https://api.jobconvo.com/pt-br/api/companycandidate/
[2023-05-04 16:57:16][INFO] wp_json_encode: {"profile":{"first_name":"Diana","last_name":"Teste","email":"dianateste2@sapo.pt"}}
[2023-05-04 16:57:18][WARN] Retry request attempt 1
[2023-05-04 16:57:18][INFO] Candidate created.
[2023-05-04 16:57:18][INFO] Array
(
    [pk] => a066ac81-2aa4-4a41-a53c-4565851d05e7
    [date] => 2023-05-04T13:57:18.710342-03:00
    [source] => Página de Carreiras
    [favorite] => 
    [blacklist] => 
    [by_recruiter] => 
    [referral] => Array
        (
            [by_name] => 
            [by_email] => 
            [confirmed] => 
            [answer_date] => 
            [answer_comments] => 
        )

    [profile] => Array
        (
            [first_name] => Diana
            [last_name] => Teste
            [full_name] => Diana Teste
            [email] => dianateste2@sapo.pt
            [birthday] => 
            [social_status] => 
            [gender] => 
            [rais] => 
            [photo] => 
            [nationality] => 
            [social_name] => 
            [sexuality] => 0
            [ethnicity] => 0
            [pronoun] => 0
            [country_code] => 
            [area_code] => 
            [phone1] => 
            [phone2] => 
            [public_place_type] => 
            [address] => 
            [adddressnumber] => 
            [complement] => 
            [neighbourhood] => 
            [state] => 
            [city] => 
            [country] => 
            [latitude] => 
            [longitude] => 
            [cep] => 
            [user_language] => pt-br
            [complete_cv] => 
        )

    [disability] => Array
        (
            [disability] => Não
            [disability_id] => 0
        )

    [documents] => Array
        (
            [cpf] => 
            [doctype] => 
            [rg] => 
            [pis] => 
            [not_brazilian] => 
        )

    [work_experiences] => Array
        (
        )

    [career_objectives] => Array
        (
            [career_objective] => 
            [range_of_experience] => 
            [last_salary] => 
            [min_salary] => 
            [currency] => 
        )

    [educations] => Array
        (
        )

    [skills] => Array
        (
        )

    [languages] => Array
        (
        )

    [salary] => Array
        (
            [last_salary] => 
            [min_salary] => 
            [max_salary] => 
            [currency] => 
        )

    [website] => Array
        (
        )

    [applications] => Array
        (
        )

    [resume_file] => 
)

[2023-05-04 16:57:18][INFO] *------------------------------------------------------------------------------------------------------*
[2023-05-04 16:57:18][INFO] User Create/Update routine finished
[2023-05-04 16:57:18][INFO] *------------------------------------------------------------------------------------------------------*
[2023-05-04 17:04:19][INFO] *------------------------------------------------------------------------------------------------------*
[2023-05-04 17:04:19][INFO] User Create/Update routine started
[2023-05-04 17:04:19][INFO] *------------------------------------------------------------------------------------------------------*
[2023-05-04 17:04:19][INFO] Get candidate by email - dianateste2@sapo.pt
[2023-05-04 17:04:19][INFO] JobconvoApiClient - Request method
[2023-05-04 17:04:19][INFO] METHOD - GET
[2023-05-04 17:04:19][INFO] URL - https://api.jobconvo.com/pt-br/api/companycandidate/?candidate=dianateste2@sapo.pt
[2023-05-04 17:04:19][INFO] GET Methods enter: GET
[2023-05-04 17:04:19][WARN] Retry request attempt 1
[2023-05-04 17:04:19][INFO] User - dianateste2@sapo.pt and pk - a066ac81-2aa4-4a41-a53c-4565851d05e7 found on JobConvo, updating...
[2023-05-04 17:04:19][INFO] Checking User Educations
[2023-05-04 17:04:19][INFO] Educations found on Wordpress:
[2023-05-04 17:04:19][INFO] Array
(
)

[2023-05-04 17:04:19][INFO] Educations Now:
[2023-05-04 17:04:19][INFO] Array
(
)

[2023-05-04 17:04:19][INFO] Checking User Work Experiences
[2023-05-04 17:04:19][INFO] Work Experiences found on Wordpress:
[2023-05-04 17:04:19][INFO] Array
(
)

[2023-05-04 17:04:19][INFO] Work Experiences Now:
[2023-05-04 17:04:19][INFO] Array
(
)

[2023-05-04 17:04:19][INFO] Checking User Languages
[2023-05-04 17:04:19][INFO] Languages found on Wordpress:
[2023-05-04 17:04:19][INFO] Array
(
)

[2023-05-04 17:04:19][INFO] Languages Now:
[2023-05-04 17:04:19][INFO] Array
(
)

[2023-05-04 17:04:19][INFO] Checking User Websites
[2023-05-04 17:04:19][INFO] Websites found on Wordpress:
[2023-05-04 17:04:19][INFO] Array
(
)

[2023-05-04 17:04:19][INFO] Websites Now:
[2023-05-04 17:04:19][INFO] Array
(
)

[2023-05-04 17:04:19][INFO] Candidate id: a066ac81-2aa4-4a41-a53c-4565851d05e7 - Updating ...
[2023-05-04 17:04:19][INFO] JobconvoApiClient - Request method
[2023-05-04 17:04:19][INFO] METHOD - PATCH
[2023-05-04 17:04:19][INFO] URL - https://api.jobconvo.com/pt-br/api/companycandidate/a066ac81-2aa4-4a41-a53c-4565851d05e7/
[2023-05-04 17:04:19][INFO] wp_json_encode: {"profile":{"email":"dianateste2@sapo.pt","birthday":null,"address":"","adddressnumber":null,"complement":"-","neighbourhood":null,"city":null,"country":"Portugal","cep":null},"documents":{"doctype":null,"rg":null,"not_brazilian":true}}
[2023-05-04 17:04:20][WARN] Retry request attempt 1
[2023-05-04 17:04:20][INFO] Candidate id: a066ac81-2aa4-4a41-a53c-4565851d05e7 - Updating ...
[2023-05-04 17:04:20][INFO] JobconvoApiClient - Request method
[2023-05-04 17:04:20][INFO] METHOD - PATCH
[2023-05-04 17:04:20][INFO] URL - https://api.jobconvo.com/pt-br/api/userprofile/a066ac81-2aa4-4a41-a53c-4565851d05e7/
[2023-05-04 17:04:20][INFO] wp_json_encode: {"first_name":"Diana","last_name":"Teste","full_name":"dianateste2sapopt","country_code":"351","area_code":"0","phone1":"00000000000","phone2":"00000000000","social_status":"1","born_sex":"4"}
[2023-05-04 17:04:21][WARN] Retry request attempt 1
[2023-05-04 17:04:21][INFO] Candidate updated.
[2023-05-04 17:04:21][INFO] Array
(
    [id] => a066ac81-2aa4-4a41-a53c-4565851d05e7
    [profile] => Array
        (
            [first_name] => Diana
            [last_name] => Teste
            [full_name] => Diana Teste
            [email] => dianateste2@sapo.pt
            [birthday] => 
            [social_status] => 
            [gender] => 
            [rais] => 
            [photo] => 
            [nationality] => 
            [social_name] => 
            [sexuality] => 0
            [ethnicity] => 0
            [pronoun] => 0
            [country_code] => 351
            [area_code] => 
            [phone1] => 
            [phone2] => 
            [public_place_type] => 
            [address] => 
            [adddressnumber] => 
            [complement] => -
            [neighbourhood] => 
            [state] => 
            [city] => 
            [country] => Portugal
            [latitude] => 40.0332629
            [longitude] => -7.8896263
            [cep] => 
            [user_language] => pt-br
            [complete_cv] => 
        )

    [documents] => Array
        (
            [cpf] => 
            [doctype] => 
            [rg] => 
            [pis] => 
            [not_brazilian] => 1
        )

    [disability] => Array
        (
            [disability] => Não
            [disability_id] => 0
        )

    [salary] => Array
        (
            [last_salary] => 
            [min_salary] => 
            [max_salary] => 
            [currency] => 
        )

    [educations] => Array
        (
        )

    [career_objectives] => Array
        (
            [career_objective] => 
            [range_of_experience] => 
            [last_salary] => 
            [min_salary] => 
            [currency] => 
        )

    [languages] => Array
        (
        )

    [work_experiences] => Array
        (
        )

    [resume_file] => 
    [date] => 2023-05-04T13:57:19-03:00
    [source] => Página de Carreiras
    [referred_by] => 
    [referred_by_email] => 
    [favorite] => 
    [blacklist] => 
    [confirmed_referral] => 
    [referral_answer_date] => 
    [referral_answer_comments] => 
    [candidate] => 3474453
    [career_page_source] => 
    [by_recruiter] => 
)

[2023-05-04 17:04:21][INFO] *------------------------------------------------------------------------------------------------------*
[2023-05-04 17:04:21][INFO] User Create/Update routine finished
[2023-05-04 17:04:21][INFO] *------------------------------------------------------------------------------------------------------*
[2023-05-04 17:04:21][INFO] *------------------------------------------------------------------------------------------------------*
[2023-05-04 17:04:21][INFO] User Create/Update routine started
[2023-05-04 17:04:21][INFO] *------------------------------------------------------------------------------------------------------*
[2023-05-04 17:04:21][INFO] Get candidate by email - dianateste2@sapo.pt
[2023-05-04 17:04:21][INFO] JobconvoApiClient - Request method
[2023-05-04 17:04:21][INFO] METHOD - GET
[2023-05-04 17:04:21][INFO] URL - https://api.jobconvo.com/pt-br/api/companycandidate/?candidate=dianateste2@sapo.pt
[2023-05-04 17:04:21][INFO] GET Methods enter: GET
[2023-05-04 17:04:22][WARN] Retry request attempt 1
[2023-05-04 17:04:22][INFO] User - dianateste2@sapo.pt and pk - a066ac81-2aa4-4a41-a53c-4565851d05e7 found on JobConvo, updating...
[2023-05-04 17:04:22][INFO] Checking User Educations
[2023-05-04 17:04:22][INFO] Educations found on Wordpress:
[2023-05-04 17:04:22][INFO] Array
(
)

[2023-05-04 17:04:22][INFO] Educations Now:
[2023-05-04 17:04:22][INFO] Array
(
)

[2023-05-04 17:04:22][INFO] Checking User Work Experiences
[2023-05-04 17:04:22][INFO] Work Experiences found on Wordpress:
[2023-05-04 17:04:22][INFO] Array
(
)

[2023-05-04 17:04:22][INFO] Work Experiences Now:
[2023-05-04 17:04:22][INFO] Array
(
)

[2023-05-04 17:04:22][INFO] Checking User Languages
[2023-05-04 17:04:22][INFO] Languages found on Wordpress:
[2023-05-04 17:04:22][INFO] Array
(
)

[2023-05-04 17:04:22][INFO] Languages Now:
[2023-05-04 17:04:22][INFO] Array
(
)

[2023-05-04 17:04:22][INFO] Checking User Websites
[2023-05-04 17:04:22][INFO] Websites found on Wordpress:
[2023-05-04 17:04:22][INFO] Array
(
)

[2023-05-04 17:04:22][INFO] Websites Now:
[2023-05-04 17:04:22][INFO] Array
(
)

[2023-05-04 17:04:22][INFO] Candidate id: a066ac81-2aa4-4a41-a53c-4565851d05e7 - Updating ...
[2023-05-04 17:04:22][INFO] JobconvoApiClient - Request method
[2023-05-04 17:04:22][INFO] METHOD - PATCH
[2023-05-04 17:04:22][INFO] URL - https://api.jobconvo.com/pt-br/api/companycandidate/a066ac81-2aa4-4a41-a53c-4565851d05e7/
[2023-05-04 17:04:22][INFO] wp_json_encode: {"profile":{"email":"dianateste2@sapo.pt","birthday":null,"address":"","adddressnumber":null,"complement":"-","neighbourhood":null,"city":null,"country":"Portugal","cep":null},"documents":{"doctype":null,"rg":null,"not_brazilian":true}}
[2023-05-04 17:04:23][WARN] Retry request attempt 1
[2023-05-04 17:04:23][INFO] Candidate id: a066ac81-2aa4-4a41-a53c-4565851d05e7 - Updating ...
[2023-05-04 17:04:23][INFO] JobconvoApiClient - Request method
[2023-05-04 17:04:23][INFO] METHOD - PATCH
[2023-05-04 17:04:23][INFO] URL - https://api.jobconvo.com/pt-br/api/userprofile/a066ac81-2aa4-4a41-a53c-4565851d05e7/
[2023-05-04 17:04:23][INFO] wp_json_encode: {"first_name":"Diana","last_name":"Teste","full_name":"dianateste2sapopt","country_code":"351","area_code":"0","phone1":"00000000000","phone2":"00000000000","social_status":"1","born_sex":"4"}
[2023-05-04 17:04:23][WARN] Retry request attempt 1
[2023-05-04 17:04:23][INFO] Candidate updated.
[2023-05-04 17:04:23][INFO] Array
(
    [id] => a066ac81-2aa4-4a41-a53c-4565851d05e7
    [profile] => Array
        (
            [first_name] => Diana
            [last_name] => Teste
            [full_name] => Diana Teste
            [email] => dianateste2@sapo.pt
            [birthday] => 
            [social_status] => Solteiro
            [gender] => Nao informado
            [rais] => 
            [photo] => 
            [nationality] => 
            [social_name] => 
            [sexuality] => 0
            [ethnicity] => 0
            [pronoun] => 0
            [country_code] => 351
            [area_code] => 0
            [phone1] => 00000000000
            [phone2] => 00000000000
            [public_place_type] => 
            [address] => 
            [adddressnumber] => 
            [complement] => -
            [neighbourhood] => 
            [state] => 
            [city] => 
            [country] => Portugal
            [latitude] => 40.0332629
            [longitude] => -7.8896263
            [cep] => 
            [user_language] => pt-br
            [complete_cv] => 
        )

    [documents] => Array
        (
            [cpf] => 
            [doctype] => 
            [rg] => 
            [pis] => 
            [not_brazilian] => 1
        )

    [disability] => Array
        (
            [disability] => Não
            [disability_id] => 0
        )

    [salary] => Array
        (
            [last_salary] => 
            [min_salary] => 
            [max_salary] => 
            [currency] => 
        )

    [educations] => Array
        (
        )

    [career_objectives] => Array
        (
            [career_objective] => 
            [range_of_experience] => 
            [last_salary] => 
            [min_salary] => 
            [currency] => 
        )

    [languages] => Array
        (
        )

    [work_experiences] => Array
        (
        )

    [resume_file] => 
    [date] => 2023-05-04T13:57:19-03:00
    [source] => Página de Carreiras
    [referred_by] => 
    [referred_by_email] => 
    [favorite] => 
    [blacklist] => 
    [confirmed_referral] => 
    [referral_answer_date] => 
    [referral_answer_comments] => 
    [candidate] => 3474453
    [career_page_source] => 
    [by_recruiter] => 
)

[2023-05-04 17:04:23][INFO] *------------------------------------------------------------------------------------------------------*
[2023-05-04 17:04:23][INFO] User Create/Update routine finished
[2023-05-04 17:04:23][INFO] *------------------------------------------------------------------------------------------------------*
