[2023-04-18 15:07:20][INFO] *------------------------------------------------------------------------------------------------------*
[2023-04-18 15:07:20][INFO] Job Offer - 4402 updated, notifying admin - BEGIN
[2023-04-18 15:07:20][INFO] *------------------------------------------------------------------------------------------------------*
[2023-04-18 15:07:30][INFO] Mail could not be sent
[2023-04-18 15:07:30][INFO] *------------------------------------------------------------------------------------------------------*
[2023-04-18 15:07:30][INFO] Job Offer - 4402 updated, notifying admin - END
[2023-04-18 15:07:30][INFO] *------------------------------------------------------------------------------------------------------*
[2023-04-18 15:07:30][INFO] Post ID 4402 saved, status is publish , parent is 4398
[2023-04-18 15:07:30][INFO] Post ID 4402 saved, status is publish , parent is 4398
[2023-04-18 15:10:56][INFO] *------------------------------------------------------------------------------------------------------*
[2023-04-18 15:10:56][INFO] Job Offer - 4021 updated, notifying admin - BEGIN
[2023-04-18 15:10:56][INFO] *------------------------------------------------------------------------------------------------------*
[2023-04-18 15:11:06][INFO] Mail could not be sent
[2023-04-18 15:11:06][INFO] *------------------------------------------------------------------------------------------------------*
[2023-04-18 15:11:06][INFO] Job Offer - 4021 updated, notifying admin - END
[2023-04-18 15:11:06][INFO] *------------------------------------------------------------------------------------------------------*
[2023-04-18 15:11:06][INFO] Post ID 4021 saved, status is publish , parent is 0
[2023-04-18 15:11:06][INFO] *------------------------------------------------------------------------------------------------------*
[2023-04-18 15:11:06][INFO] Job Offer - 4833 updated, notifying admin - BEGIN
[2023-04-18 15:11:06][INFO] *------------------------------------------------------------------------------------------------------*
[2023-04-18 15:11:16][INFO] Mail could not be sent
[2023-04-18 15:11:16][INFO] *------------------------------------------------------------------------------------------------------*
[2023-04-18 15:11:16][INFO] Job Offer - 4833 updated, notifying admin - END
[2023-04-18 15:11:16][INFO] *------------------------------------------------------------------------------------------------------*
[2023-04-18 15:11:16][INFO] Post ID 4021 saved, status is publish , parent is 0
[2023-04-18 15:11:16][INFO] *------------------------------------------------------------------------------------------------------*
[2023-04-18 15:11:16][INFO] Job Offer - 4834 updated, notifying admin - BEGIN
[2023-04-18 15:11:16][INFO] *------------------------------------------------------------------------------------------------------*
[2023-04-18 15:11:26][INFO] Mail could not be sent
[2023-04-18 15:11:26][INFO] *------------------------------------------------------------------------------------------------------*
[2023-04-18 15:11:26][INFO] Job Offer - 4834 updated, notifying admin - END
[2023-04-18 15:11:26][INFO] *------------------------------------------------------------------------------------------------------*
[2023-04-18 15:11:26][INFO] Post ID 4021 saved, status is publish , parent is 0
[2023-04-18 15:11:26][INFO] *------------------------------------------------------------------------------------------------------*
[2023-04-18 15:11:26][INFO] Job Offer - 4835 updated, notifying admin - BEGIN
[2023-04-18 15:11:26][INFO] *------------------------------------------------------------------------------------------------------*
[2023-04-18 15:11:36][INFO] Mail could not be sent
[2023-04-18 15:11:36][INFO] *------------------------------------------------------------------------------------------------------*
[2023-04-18 15:11:36][INFO] Job Offer - 4835 updated, notifying admin - END
[2023-04-18 15:11:36][INFO] *------------------------------------------------------------------------------------------------------*
[2023-04-18 15:11:36][INFO] Post ID 4021 saved, status is publish , parent is 0
[2023-04-18 15:11:36][INFO] *------------------------------------------------------------------------------------------------------*
[2023-04-18 15:11:36][INFO] Job Offer - 4836 updated, notifying admin - BEGIN
[2023-04-18 15:11:36][INFO] *------------------------------------------------------------------------------------------------------*
[2023-04-18 15:11:46][INFO] Mail could not be sent
[2023-04-18 15:11:46][INFO] *------------------------------------------------------------------------------------------------------*
[2023-04-18 15:11:46][INFO] Job Offer - 4836 updated, notifying admin - END
[2023-04-18 15:11:46][INFO] *------------------------------------------------------------------------------------------------------*
[2023-04-18 15:11:46][INFO] Post ID 4021 saved, status is publish , parent is 0
[2023-04-18 15:11:46][INFO] *------------------------------------------------------------------------------------------------------*
[2023-04-18 15:11:46][INFO] Job Offer - 4021 updated, notifying admin - BEGIN
[2023-04-18 15:11:46][INFO] *------------------------------------------------------------------------------------------------------*
[2023-04-18 15:11:56][INFO] Mail could not be sent
[2023-04-18 15:11:56][INFO] *------------------------------------------------------------------------------------------------------*
[2023-04-18 15:11:56][INFO] Job Offer - 4021 updated, notifying admin - END
[2023-04-18 15:11:56][INFO] *------------------------------------------------------------------------------------------------------*
[2023-04-18 15:11:56][INFO] Post ID 4021 saved, status is publish , parent is 0
[2023-04-18 15:13:55][INFO] *------------------------------------------------------------------------------------------------------*
[2023-04-18 15:13:55][INFO] Job Offer - 4408 updated, notifying admin - BEGIN
[2023-04-18 15:13:55][INFO] *------------------------------------------------------------------------------------------------------*
[2023-04-18 15:14:05][INFO] Mail could not be sent
[2023-04-18 15:14:05][INFO] *------------------------------------------------------------------------------------------------------*
[2023-04-18 15:14:05][INFO] Job Offer - 4408 updated, notifying admin - END
[2023-04-18 15:14:05][INFO] *------------------------------------------------------------------------------------------------------*
[2023-04-18 15:14:06][INFO] Post ID 4408 saved, status is publish , parent is 4398
[2023-04-18 15:14:06][INFO] Post ID 4408 saved, status is publish , parent is 4398
[2023-04-18 15:16:01][INFO] *------------------------------------------------------------------------------------------------------*
[2023-04-18 15:16:01][INFO] Job Offer - 4411 updated, notifying admin - BEGIN
[2023-04-18 15:16:01][INFO] *------------------------------------------------------------------------------------------------------*
[2023-04-18 15:16:11][INFO] Mail could not be sent
[2023-04-18 15:16:11][INFO] *------------------------------------------------------------------------------------------------------*
[2023-04-18 15:16:11][INFO] Job Offer - 4411 updated, notifying admin - END
[2023-04-18 15:16:11][INFO] *------------------------------------------------------------------------------------------------------*
[2023-04-18 15:16:11][INFO] Post ID 4411 saved, status is publish , parent is 4398
[2023-04-18 15:16:11][INFO] Post ID 4411 saved, status is publish , parent is 4398
[2023-04-18 15:17:49][INFO] *------------------------------------------------------------------------------------------------------*
[2023-04-18 15:17:49][INFO] Job Offer - 4417 updated, notifying admin - BEGIN
[2023-04-18 15:17:49][INFO] *------------------------------------------------------------------------------------------------------*
[2023-04-18 15:17:59][INFO] Mail could not be sent
[2023-04-18 15:17:59][INFO] *------------------------------------------------------------------------------------------------------*
[2023-04-18 15:17:59][INFO] Job Offer - 4417 updated, notifying admin - END
[2023-04-18 15:17:59][INFO] *------------------------------------------------------------------------------------------------------*
[2023-04-18 15:18:00][INFO] Post ID 4417 saved, status is publish , parent is 4398
[2023-04-18 15:18:00][INFO] Post ID 4417 saved, status is publish , parent is 4398
[2023-04-18 15:20:02][INFO] *------------------------------------------------------------------------------------------------------*
[2023-04-18 15:20:02][INFO] Job Offer - 4415 updated, notifying admin - BEGIN
[2023-04-18 15:20:02][INFO] *------------------------------------------------------------------------------------------------------*
[2023-04-18 15:20:12][INFO] Mail could not be sent
[2023-04-18 15:20:12][INFO] *------------------------------------------------------------------------------------------------------*
[2023-04-18 15:20:12][INFO] Job Offer - 4415 updated, notifying admin - END
[2023-04-18 15:20:12][INFO] *------------------------------------------------------------------------------------------------------*
[2023-04-18 15:20:12][INFO] Post ID 4415 saved, status is publish , parent is 4398
[2023-04-18 15:20:12][INFO] Post ID 4415 saved, status is publish , parent is 4398
[2023-04-18 15:21:49][INFO] *------------------------------------------------------------------------------------------------------*
[2023-04-18 15:21:49][INFO] Job Offer - 4413 updated, notifying admin - BEGIN
[2023-04-18 15:21:49][INFO] *------------------------------------------------------------------------------------------------------*
[2023-04-18 15:21:59][INFO] Mail could not be sent
[2023-04-18 15:21:59][INFO] *------------------------------------------------------------------------------------------------------*
[2023-04-18 15:21:59][INFO] Job Offer - 4413 updated, notifying admin - END
[2023-04-18 15:21:59][INFO] *------------------------------------------------------------------------------------------------------*
[2023-04-18 15:21:59][INFO] Post ID 4413 saved, status is publish , parent is 4398
[2023-04-18 15:21:59][INFO] Post ID 4413 saved, status is publish , parent is 4398
[2023-04-18 15:23:49][INFO] *------------------------------------------------------------------------------------------------------*
[2023-04-18 15:23:49][INFO] Job Offer - 4383 updated, notifying admin - BEGIN
[2023-04-18 15:23:49][INFO] *------------------------------------------------------------------------------------------------------*
[2023-04-18 15:23:59][INFO] Mail could not be sent
[2023-04-18 15:23:59][INFO] *------------------------------------------------------------------------------------------------------*
[2023-04-18 15:23:59][INFO] Job Offer - 4383 updated, notifying admin - END
[2023-04-18 15:23:59][INFO] *------------------------------------------------------------------------------------------------------*
[2023-04-18 15:23:59][INFO] Post ID 4383 saved, status is publish , parent is 4398
[2023-04-18 15:23:59][INFO] Post ID 4383 saved, status is publish , parent is 4398
[2023-04-18 15:27:04][INFO] *------------------------------------------------------------------------------------------------------*
[2023-04-18 15:27:04][INFO] Job Offer - 5415 updated, notifying admin - BEGIN
[2023-04-18 15:27:04][INFO] *------------------------------------------------------------------------------------------------------*
[2023-04-18 15:27:14][INFO] Mail could not be sent
[2023-04-18 15:27:14][INFO] *------------------------------------------------------------------------------------------------------*
[2023-04-18 15:27:14][INFO] Job Offer - 5415 updated, notifying admin - END
[2023-04-18 15:27:14][INFO] *------------------------------------------------------------------------------------------------------*
[2023-04-18 15:27:14][INFO] Post ID 5415 saved, status is publish , parent is 0
[2023-04-18 15:27:14][INFO] Post ID 5415 saved, status is publish , parent is 0
[2023-04-18 15:29:32][INFO] *------------------------------------------------------------------------------------------------------*
[2023-04-18 15:29:32][INFO] Job Offer - 5515 updated, notifying admin - BEGIN
[2023-04-18 15:29:32][INFO] *------------------------------------------------------------------------------------------------------*
[2023-04-18 15:29:42][INFO] Mail could not be sent
[2023-04-18 15:29:42][INFO] *------------------------------------------------------------------------------------------------------*
[2023-04-18 15:29:42][INFO] Job Offer - 5515 updated, notifying admin - END
[2023-04-18 15:29:42][INFO] *------------------------------------------------------------------------------------------------------*
[2023-04-18 15:29:42][INFO] Post ID 5515 saved, status is publish , parent is 0
[2023-04-18 15:29:42][INFO] Post ID 5515 saved, status is publish , parent is 0
[2023-04-18 16:43:47][INFO] *------------------------------------------------------------------------------------------------------*
[2023-04-18 16:43:47][INFO] Job Offer - 5521 updated, notifying admin - BEGIN
[2023-04-18 16:43:47][INFO] *------------------------------------------------------------------------------------------------------*
[2023-04-18 16:43:57][INFO] Mail could not be sent
[2023-04-18 16:43:57][INFO] *------------------------------------------------------------------------------------------------------*
[2023-04-18 16:43:57][INFO] Job Offer - 5521 updated, notifying admin - END
[2023-04-18 16:43:57][INFO] *------------------------------------------------------------------------------------------------------*
[2023-04-18 16:43:57][INFO] Post ID 5521 saved, status is publish , parent is 0
[2023-04-18 16:43:57][INFO] Post ID 5521 saved, status is publish , parent is 0
[2023-04-18 16:45:47][INFO] *------------------------------------------------------------------------------------------------------*
[2023-04-18 16:45:47][INFO] Job Offer - 5527 updated, notifying admin - BEGIN
[2023-04-18 16:45:47][INFO] *------------------------------------------------------------------------------------------------------*
[2023-04-18 16:45:57][INFO] Mail could not be sent
[2023-04-18 16:45:57][INFO] *------------------------------------------------------------------------------------------------------*
[2023-04-18 16:45:57][INFO] Job Offer - 5527 updated, notifying admin - END
[2023-04-18 16:45:57][INFO] *------------------------------------------------------------------------------------------------------*
[2023-04-18 16:45:57][INFO] Post ID 5527 saved, status is publish , parent is 0
[2023-04-18 16:45:57][INFO] Post ID 5527 saved, status is publish , parent is 0
[2023-04-18 17:39:02][INFO] Post ID 1 saved, status is publish , parent is 0
[2023-04-18 17:42:49][INFO] *------------------------------------------------------------------------------------------------------*
[2023-04-18 17:42:49][INFO] Job Offer - 4021 updated, notifying admin - BEGIN
[2023-04-18 17:42:49][INFO] *------------------------------------------------------------------------------------------------------*
[2023-04-18 17:42:59][INFO] Mail could not be sent
[2023-04-18 17:42:59][INFO] *------------------------------------------------------------------------------------------------------*
[2023-04-18 17:42:59][INFO] Job Offer - 4021 updated, notifying admin - END
[2023-04-18 17:42:59][INFO] *------------------------------------------------------------------------------------------------------*
[2023-04-18 17:42:59][INFO] Post ID 4021 saved, status is publish , parent is 0
[2023-04-18 17:42:59][INFO] *------------------------------------------------------------------------------------------------------*
[2023-04-18 17:42:59][INFO] Job Offer - 4103 updated, notifying admin - BEGIN
[2023-04-18 17:42:59][INFO] *------------------------------------------------------------------------------------------------------*
[2023-04-18 17:43:09][INFO] Mail could not be sent
[2023-04-18 17:43:09][INFO] *------------------------------------------------------------------------------------------------------*
[2023-04-18 17:43:09][INFO] Job Offer - 4103 updated, notifying admin - END
[2023-04-18 17:43:09][INFO] *------------------------------------------------------------------------------------------------------*
[2023-04-18 17:43:09][INFO] Post ID 4021 saved, status is publish , parent is 0
[2023-04-18 17:43:09][INFO] *------------------------------------------------------------------------------------------------------*
[2023-04-18 17:43:09][INFO] Job Offer - 4104 updated, notifying admin - BEGIN
[2023-04-18 17:43:09][INFO] *------------------------------------------------------------------------------------------------------*
[2023-04-18 17:43:19][INFO] Mail could not be sent
[2023-04-18 17:43:19][INFO] *------------------------------------------------------------------------------------------------------*
[2023-04-18 17:43:19][INFO] Job Offer - 4104 updated, notifying admin - END
[2023-04-18 17:43:19][INFO] *------------------------------------------------------------------------------------------------------*
[2023-04-18 17:43:19][INFO] Post ID 4021 saved, status is publish , parent is 0
[2023-04-18 17:43:19][INFO] *------------------------------------------------------------------------------------------------------*
[2023-04-18 17:43:19][INFO] Job Offer - 4021 updated, notifying admin - BEGIN
[2023-04-18 17:43:19][INFO] *------------------------------------------------------------------------------------------------------*
[2023-04-18 17:43:29][INFO] Mail could not be sent
[2023-04-18 17:43:29][INFO] *------------------------------------------------------------------------------------------------------*
[2023-04-18 17:43:29][INFO] Job Offer - 4021 updated, notifying admin - END
[2023-04-18 17:43:29][INFO] *------------------------------------------------------------------------------------------------------*
[2023-04-18 17:43:29][INFO] Post ID 4021 saved, status is publish , parent is 0
