[2023-04-21 08:28:01][INFO] *------------------------------------------------------------------------------------------------------*
[2023-04-21 08:28:01][INFO] Job Offer - 7715 updated, notifying admin - BEGIN
[2023-04-21 08:28:01][INFO] *------------------------------------------------------------------------------------------------------*
[2023-04-21 08:28:31][INFO] Mail could not be sent
[2023-04-21 08:28:31][INFO] *------------------------------------------------------------------------------------------------------*
[2023-04-21 08:28:31][INFO] Job Offer - 7715 updated, notifying admin - END
[2023-04-21 08:28:31][INFO] *------------------------------------------------------------------------------------------------------*
[2023-04-21 08:28:31][INFO] Post ID 7715 saved, status is publish , parent is 0
[2023-04-21 08:31:44][INFO] New user registered with ID: 97
[2023-04-21 08:31:44][INFO] *------------------------------------------------------------------------------------------------------*
[2023-04-21 08:31:44][INFO] User Create/Update routine started
[2023-04-21 08:31:44][INFO] *------------------------------------------------------------------------------------------------------*
[2023-04-21 08:31:44][INFO] Get candidate by email - bruno.franquet@gmail.com
[2023-04-21 08:31:44][INFO] JobconvoApiClient - Request method
[2023-04-21 08:31:44][INFO] METHOD - GET
[2023-04-21 08:31:44][INFO] URL - https://test-homolog.jobconvo.com/pt-br/api/companycandidate/?candidate=bruno.franquet@gmail.com
[2023-04-21 08:31:44][INFO] GET Methods enter: GET
[2023-04-21 08:31:44][WARN] Retry request attempt 1
[2023-04-21 08:31:44][ERROR] Can't acess Jobconvo API, error:
[2023-04-21 08:31:44][ERROR] Code: 404
[2023-04-21 08:31:44][ERROR] Message: Not Found
[2023-04-21 08:31:44][ERROR] Body details: {"detail":"Não encontrado."}
[2023-04-21 08:31:44][INFO] User - bruno.franquet@gmail.com not found on JobConvo, creating new one...
[2023-04-21 08:31:44][INFO] Candidate - Creating...
[2023-04-21 08:31:44][INFO] JobconvoApiClient - Request method
[2023-04-21 08:31:44][INFO] METHOD - POST
[2023-04-21 08:31:44][INFO] URL - https://test-homolog.jobconvo.com/pt-br/api/companycandidate/
[2023-04-21 08:31:44][INFO] wp_json_encode: {"profile":{"first_name":"brunofranquetgmailcom","last_name":"brunofranquetgmailcom","email":"bruno.franquet@gmail.com"}}
[2023-04-21 08:31:45][WARN] Retry request attempt 1
[2023-04-21 08:31:45][INFO] Candidate created.
[2023-04-21 08:31:45][INFO] Array
(
    [pk] => e6f1d4b6-c2cf-4d3b-bcf3-0c8de6d40ffe
    [date] => 2023-04-21T05:31:46.174363-03:00
    [source] => Página de Carreiras
    [favorite] => 
    [blacklist] => 
    [by_recruiter] => 
    [referral] => Array
        (
            [by_name] => 
            [by_email] => 
            [confirmed] => 
            [answer_date] => 
            [answer_comments] => 
        )

    [profile] => Array
        (
            [first_name] => brunofranquetgmailcom
            [last_name] => brunofranquetgmailcom
            [full_name] => brunofranquetgmailcom brunofranquetgmailcom
            [email] => bruno.franquet@gmail.com
            [birthday] => 
            [social_status] => 
            [gender] => 
            [rais] => 
            [photo] => 
            [social_name] => 
            [sexuality] => 0
            [ethnicity] => 0
            [pronoun] => 0
            [country_code] => 
            [area_code] => 
            [phone1] => 
            [phone2] => 
            [public_place_type] => 
            [address] => 
            [adddressnumber] => 
            [complement] => 
            [neighbourhood] => 
            [state] => 
            [city] => 
            [country] => 
            [latitude] => 
            [longitude] => 
            [cep] => 
            [user_language] => pt-br
            [complete_cv] => 
            [nationality] => 
        )

    [disability] => Array
        (
            [disability] => Não
            [disability_id] => 0
        )

    [documents] => Array
        (
            [cpf] => 
            [doctype] => 
            [rg] => 
            [pis] => 
            [not_brazilian] => 
        )

    [work_experiences] => Array
        (
        )

    [career_objectives] => Array
        (
            [career_objective] => 
            [range_of_experience] => 
            [last_salary] => 
            [min_salary] => 
            [currency] => 
        )

    [educations] => Array
        (
        )

    [skills] => Array
        (
        )

    [languages] => Array
        (
        )

    [salary] => Array
        (
            [last_salary] => 
            [min_salary] => 
            [max_salary] => 
            [currency] => 
        )

    [website] => Array
        (
        )

    [applications] => Array
        (
        )

    [resume_file] => 
)

[2023-04-21 08:31:45][INFO] *------------------------------------------------------------------------------------------------------*
[2023-04-21 08:31:45][INFO] User Create/Update routine finished
[2023-04-21 08:31:45][INFO] *------------------------------------------------------------------------------------------------------*
[21-Apr-2023 08:31:45 UTC] PHP Notice:  Undefined offset: 1 in /home/cpahosti/public_html/kn0wer4sversion/wp-content/themes/st4rt3r_theme-child/functions/setup.php on line 289
[21-Apr-2023 08:31:45 UTC] PHP Notice:  Undefined index: icl_user_admin_language in /home/cpahosti/public_html/kn0wer4sversion/wp-content/plugins/sitepress-multilingual-cms/sitepress.class.php on line 3555
[2023-04-21 08:31:45][INFO] *------------------------------------------------------------------------------------------------------*
[2023-04-21 08:31:45][INFO] User Create/Update routine started
[2023-04-21 08:31:45][INFO] *------------------------------------------------------------------------------------------------------*
[2023-04-21 08:31:45][INFO] Get candidate by email - bruno.franquet@gmail.com
[2023-04-21 08:31:45][INFO] JobconvoApiClient - Request method
[2023-04-21 08:31:45][INFO] METHOD - GET
[2023-04-21 08:31:45][INFO] URL - https://test-homolog.jobconvo.com/pt-br/api/companycandidate/?candidate=bruno.franquet@gmail.com
[2023-04-21 08:31:45][INFO] GET Methods enter: GET
[2023-04-21 08:31:46][WARN] Retry request attempt 1
[2023-04-21 08:31:46][INFO] User - bruno.franquet@gmail.com and pk - e6f1d4b6-c2cf-4d3b-bcf3-0c8de6d40ffe found on JobConvo, updating...
[2023-04-21 08:31:46][INFO] Checking User Educations
[2023-04-21 08:31:46][INFO] Educations found on Wordpress:
[2023-04-21 08:31:46][INFO] Array
(
)

[2023-04-21 08:31:46][INFO] Educations Now:
[2023-04-21 08:31:46][INFO] Array
(
)

[2023-04-21 08:31:46][INFO] Checking User Work Experiences
[2023-04-21 08:31:46][INFO] Work Experiences found on Wordpress:
[2023-04-21 08:31:46][INFO] Array
(
)

[2023-04-21 08:31:46][INFO] Work Experiences Now:
[2023-04-21 08:31:46][INFO] Array
(
)

[2023-04-21 08:31:46][INFO] Checking User Languages
[2023-04-21 08:31:46][INFO] Languages found on Wordpress:
[2023-04-21 08:31:46][INFO] Array
(
)

[2023-04-21 08:31:46][INFO] Languages Now:
[2023-04-21 08:31:46][INFO] Array
(
)

[2023-04-21 08:31:46][INFO] Checking User Websites
[2023-04-21 08:31:46][INFO] Websites found on Wordpress:
[2023-04-21 08:31:46][INFO] Array
(
)

[2023-04-21 08:31:46][INFO] Websites Now:
[2023-04-21 08:31:46][INFO] Array
(
)

[2023-04-21 08:31:46][INFO] Candidate id: e6f1d4b6-c2cf-4d3b-bcf3-0c8de6d40ffe - Updating ...
[2023-04-21 08:31:46][INFO] JobconvoApiClient - Request method
[2023-04-21 08:31:46][INFO] METHOD - PATCH
[2023-04-21 08:31:46][INFO] URL - https://test-homolog.jobconvo.com/pt-br/api/companycandidate/e6f1d4b6-c2cf-4d3b-bcf3-0c8de6d40ffe/
[2023-04-21 08:31:46][INFO] wp_json_encode: {"profile":{"email":"bruno.franquet@gmail.com","birthday":null,"address":"","adddressnumber":null,"complement":"-","neighbourhood":null,"city":null,"country":"Portugal","cep":null},"documents":{"doctype":null,"rg":null,"not_brazilian":true}}
[2023-04-21 08:31:46][WARN] Retry request attempt 1
[2023-04-21 08:31:46][INFO] Candidate id: e6f1d4b6-c2cf-4d3b-bcf3-0c8de6d40ffe - Updating ...
[2023-04-21 08:31:46][INFO] JobconvoApiClient - Request method
[2023-04-21 08:31:46][INFO] METHOD - PATCH
[2023-04-21 08:31:46][INFO] URL - https://test-homolog.jobconvo.com/pt-br/api/userprofile/e6f1d4b6-c2cf-4d3b-bcf3-0c8de6d40ffe/
[2023-04-21 08:31:46][INFO] wp_json_encode: {"first_name":"TesteBruno","last_name":"brunofranquetgmailcom","full_name":"brunofranquetgmailcom","country_code":"351","area_code":"0","phone1":"00000000000","phone2":"00000000000","social_status":"1","born_sex":"4"}
[2023-04-21 08:31:47][WARN] Retry request attempt 1
[2023-04-21 08:31:47][INFO] Candidate updated.
[2023-04-21 08:31:47][INFO] Array
(
    [id] => e6f1d4b6-c2cf-4d3b-bcf3-0c8de6d40ffe
    [profile] => Array
        (
            [first_name] => brunofranquetgmailcom
            [last_name] => brunofranquetgmailcom
            [full_name] => brunofranquetgmailcom brunofranquetgmailcom
            [email] => bruno.franquet@gmail.com
            [birthday] => 
            [social_status] => 
            [gender] => 
            [rais] => 
            [photo] => 
            [social_name] => 
            [sexuality] => 0
            [ethnicity] => 0
            [pronoun] => 0
            [country_code] => 351
            [area_code] => 
            [phone1] => 
            [phone2] => 
            [public_place_type] => 
            [address] => 
            [adddressnumber] => 
            [complement] => -
            [neighbourhood] => 
            [state] => 
            [city] => 
            [country] => Portugal
            [latitude] => 40.0332629
            [longitude] => -7.8896263
            [cep] => 
            [user_language] => pt-br
            [complete_cv] => 
            [nationality] => 
        )

    [documents] => Array
        (
            [cpf] => 
            [doctype] => 
            [rg] => 
            [pis] => 
            [not_brazilian] => 1
        )

    [disability] => Array
        (
            [disability] => Não
            [disability_id] => 0
        )

    [salary] => Array
        (
            [last_salary] => 
            [min_salary] => 
            [max_salary] => 
            [currency] => 
        )

    [educations] => Array
        (
        )

    [career_objectives] => Array
        (
            [career_objective] => 
            [range_of_experience] => 
            [last_salary] => 
            [min_salary] => 
            [currency] => 
        )

    [languages] => Array
        (
        )

    [work_experiences] => Array
        (
        )

    [resume_file] => 
    [date] => 2023-04-21T05:31:46-03:00
    [source] => Página de Carreiras
    [referred_by] => 
    [referred_by_email] => 
    [favorite] => 
    [blacklist] => 
    [confirmed_referral] => 
    [referral_answer_date] => 
    [referral_answer_comments] => 
    [candidate] => 3169411
    [career_page_source] => 
    [by_recruiter] => 
)

[2023-04-21 08:31:47][INFO] *------------------------------------------------------------------------------------------------------*
[2023-04-21 08:31:47][INFO] User Create/Update routine finished
[2023-04-21 08:31:47][INFO] *------------------------------------------------------------------------------------------------------*
[2023-04-21 09:19:42][INFO] *------------------------------------------------------------------------------------------------------*
[2023-04-21 09:19:42][INFO] Job Offer - 7 updated, notifying admin - BEGIN
[2023-04-21 09:19:42][INFO] *------------------------------------------------------------------------------------------------------*
[2023-04-21 09:20:12][INFO] Mail could not be sent
[2023-04-21 09:20:12][INFO] *------------------------------------------------------------------------------------------------------*
[2023-04-21 09:20:12][INFO] Job Offer - 7 updated, notifying admin - END
[2023-04-21 09:20:12][INFO] *------------------------------------------------------------------------------------------------------*
[2023-04-21 09:20:12][INFO] Post ID 7 saved, status is publish , parent is 0
[2023-04-21 09:20:12][INFO] Post ID 7 saved, status is publish , parent is 0
[2023-04-21 09:25:03][INFO] *------------------------------------------------------------------------------------------------------*
[2023-04-21 09:25:03][INFO] Job Offer - 4402 updated, notifying admin - BEGIN
[2023-04-21 09:25:03][INFO] *------------------------------------------------------------------------------------------------------*
[2023-04-21 09:25:34][INFO] Mail could not be sent
[2023-04-21 09:25:34][INFO] *------------------------------------------------------------------------------------------------------*
[2023-04-21 09:25:34][INFO] Job Offer - 4402 updated, notifying admin - END
[2023-04-21 09:25:34][INFO] *------------------------------------------------------------------------------------------------------*
[2023-04-21 09:25:34][INFO] Post ID 4402 saved, status is publish , parent is 4398
[2023-04-21 09:25:34][INFO] Post ID 4402 saved, status is publish , parent is 4398
[2023-04-21 09:33:20][INFO] *------------------------------------------------------------------------------------------------------*
[2023-04-21 09:33:20][INFO] Job Offer - 4402 updated, notifying admin - BEGIN
[2023-04-21 09:33:20][INFO] *------------------------------------------------------------------------------------------------------*
[2023-04-21 09:33:50][INFO] Mail could not be sent
[2023-04-21 09:33:50][INFO] *------------------------------------------------------------------------------------------------------*
[2023-04-21 09:33:50][INFO] Job Offer - 4402 updated, notifying admin - END
[2023-04-21 09:33:50][INFO] *------------------------------------------------------------------------------------------------------*
[2023-04-21 09:33:50][INFO] Post ID 4402 saved, status is publish , parent is 4398
[2023-04-21 09:33:50][INFO] Post ID 4402 saved, status is publish , parent is 4398
[2023-04-21 09:36:15][INFO] *------------------------------------------------------------------------------------------------------*
[2023-04-21 09:36:15][INFO] Job Offer - 5095 updated, notifying admin - BEGIN
[2023-04-21 09:36:15][INFO] *------------------------------------------------------------------------------------------------------*
[2023-04-21 09:36:45][INFO] Mail could not be sent
[2023-04-21 09:36:45][INFO] *------------------------------------------------------------------------------------------------------*
[2023-04-21 09:36:45][INFO] Job Offer - 5095 updated, notifying admin - END
[2023-04-21 09:36:45][INFO] *------------------------------------------------------------------------------------------------------*
[2023-04-21 09:36:45][INFO] Post ID 5095 saved, status is publish , parent is 0
[2023-04-21 09:36:45][INFO] Post ID 5095 saved, status is publish , parent is 0
[2023-04-21 09:40:37][INFO] *------------------------------------------------------------------------------------------------------*
[2023-04-21 09:40:37][INFO] Job Offer - 5095 updated, notifying admin - BEGIN
[2023-04-21 09:40:37][INFO] *------------------------------------------------------------------------------------------------------*
[2023-04-21 09:41:07][INFO] Mail could not be sent
[2023-04-21 09:41:07][INFO] *------------------------------------------------------------------------------------------------------*
[2023-04-21 09:41:07][INFO] Job Offer - 5095 updated, notifying admin - END
[2023-04-21 09:41:07][INFO] *------------------------------------------------------------------------------------------------------*
[2023-04-21 09:41:07][INFO] Post ID 5095 saved, status is publish , parent is 0
[2023-04-21 09:41:07][INFO] Post ID 5095 saved, status is publish , parent is 0
[2023-04-21 09:43:39][INFO] *------------------------------------------------------------------------------------------------------*
[2023-04-21 09:43:39][INFO] Job Offer - 5095 updated, notifying admin - BEGIN
[2023-04-21 09:43:39][INFO] *------------------------------------------------------------------------------------------------------*
[2023-04-21 09:44:09][INFO] Mail could not be sent
[2023-04-21 09:44:09][INFO] *------------------------------------------------------------------------------------------------------*
[2023-04-21 09:44:09][INFO] Job Offer - 5095 updated, notifying admin - END
[2023-04-21 09:44:09][INFO] *------------------------------------------------------------------------------------------------------*
[2023-04-21 09:44:09][INFO] Post ID 5095 saved, status is publish , parent is 0
[2023-04-21 09:44:09][INFO] Post ID 5095 saved, status is publish , parent is 0
[2023-04-21 09:52:26][INFO] *------------------------------------------------------------------------------------------------------*
[2023-04-21 09:52:26][INFO] Job Offer - 5095 updated, notifying admin - BEGIN
[2023-04-21 09:52:26][INFO] *------------------------------------------------------------------------------------------------------*
[2023-04-21 09:52:56][INFO] Mail could not be sent
[2023-04-21 09:52:56][INFO] *------------------------------------------------------------------------------------------------------*
[2023-04-21 09:52:56][INFO] Job Offer - 5095 updated, notifying admin - END
[2023-04-21 09:52:56][INFO] *------------------------------------------------------------------------------------------------------*
[2023-04-21 09:52:56][INFO] Post ID 5095 saved, status is publish , parent is 0
[2023-04-21 09:52:56][INFO] Post ID 5095 saved, status is publish , parent is 0
[2023-04-21 14:52:49][INFO] *------------------------------------------------------------------------------------------------------*
[2023-04-21 14:52:49][INFO] Job Offer - 5 updated, notifying admin - BEGIN
[2023-04-21 14:52:49][INFO] *------------------------------------------------------------------------------------------------------*
[2023-04-21 14:53:19][INFO] Mail could not be sent
[2023-04-21 14:53:19][INFO] *------------------------------------------------------------------------------------------------------*
[2023-04-21 14:53:19][INFO] Job Offer - 5 updated, notifying admin - END
[2023-04-21 14:53:19][INFO] *------------------------------------------------------------------------------------------------------*
[2023-04-21 14:53:19][INFO] Post auto-draft
[2023-04-21 14:54:02][INFO] *------------------------------------------------------------------------------------------------------*
[2023-04-21 14:54:02][INFO] Job Offer - 5188 updated, notifying admin - BEGIN
[2023-04-21 14:54:02][INFO] *------------------------------------------------------------------------------------------------------*
[2023-04-21 14:54:32][INFO] Mail could not be sent
[2023-04-21 14:54:32][INFO] *------------------------------------------------------------------------------------------------------*
[2023-04-21 14:54:32][INFO] Job Offer - 5188 updated, notifying admin - END
[2023-04-21 14:54:32][INFO] *------------------------------------------------------------------------------------------------------*
[2023-04-21 14:54:32][INFO] Post auto-draft
[2023-04-21 14:54:56][INFO] *------------------------------------------------------------------------------------------------------*
[2023-04-21 14:54:56][INFO] Job Offer - 5188 updated, notifying admin - BEGIN
[2023-04-21 14:54:56][INFO] *------------------------------------------------------------------------------------------------------*
[2023-04-21 14:55:26][INFO] Mail could not be sent
[2023-04-21 14:55:26][INFO] *------------------------------------------------------------------------------------------------------*
[2023-04-21 14:55:26][INFO] Job Offer - 5188 updated, notifying admin - END
[2023-04-21 14:55:26][INFO] *------------------------------------------------------------------------------------------------------*
[2023-04-21 14:55:26][INFO] Post auto-draft
[2023-04-21 14:55:42][INFO] *------------------------------------------------------------------------------------------------------*
[2023-04-21 14:55:42][INFO] Job Offer - 5 updated, notifying admin - BEGIN
[2023-04-21 14:55:42][INFO] *------------------------------------------------------------------------------------------------------*
[2023-04-21 14:56:12][INFO] Mail could not be sent
[2023-04-21 14:56:12][INFO] *------------------------------------------------------------------------------------------------------*
[2023-04-21 14:56:12][INFO] Job Offer - 5 updated, notifying admin - END
[2023-04-21 14:56:12][INFO] *------------------------------------------------------------------------------------------------------*
[2023-04-21 14:56:12][INFO] Post auto-draft
[2023-04-21 14:57:29][INFO] *------------------------------------------------------------------------------------------------------*
[2023-04-21 14:57:29][INFO] Job Offer - 5293 updated, notifying admin - BEGIN
[2023-04-21 14:57:29][INFO] *------------------------------------------------------------------------------------------------------*
[2023-04-21 14:57:59][INFO] Mail could not be sent
[2023-04-21 14:57:59][INFO] *------------------------------------------------------------------------------------------------------*
[2023-04-21 14:57:59][INFO] Job Offer - 5293 updated, notifying admin - END
[2023-04-21 14:57:59][INFO] *------------------------------------------------------------------------------------------------------*
[2023-04-21 14:57:59][INFO] Post auto-draft
[2023-04-21 14:59:21][INFO] *------------------------------------------------------------------------------------------------------*
[2023-04-21 14:59:21][INFO] Job Offer - 5293 updated, notifying admin - BEGIN
[2023-04-21 14:59:21][INFO] *------------------------------------------------------------------------------------------------------*
[2023-04-21 14:59:51][INFO] Mail could not be sent
[2023-04-21 14:59:51][INFO] *------------------------------------------------------------------------------------------------------*
[2023-04-21 14:59:51][INFO] Job Offer - 5293 updated, notifying admin - END
[2023-04-21 14:59:51][INFO] *------------------------------------------------------------------------------------------------------*
[2023-04-21 14:59:51][INFO] Post auto-draft
[2023-04-21 15:01:12][INFO] *------------------------------------------------------------------------------------------------------*
[2023-04-21 15:01:12][INFO] Job Offer - 5293 updated, notifying admin - BEGIN
[2023-04-21 15:01:12][INFO] *------------------------------------------------------------------------------------------------------*
[2023-04-21 15:01:42][INFO] Mail could not be sent
[2023-04-21 15:01:42][INFO] *------------------------------------------------------------------------------------------------------*
[2023-04-21 15:01:42][INFO] Job Offer - 5293 updated, notifying admin - END
[2023-04-21 15:01:42][INFO] *------------------------------------------------------------------------------------------------------*
[2023-04-21 15:01:42][INFO] Post auto-draft
[2023-04-21 15:10:52][INFO] *------------------------------------------------------------------------------------------------------*
[2023-04-21 15:10:52][INFO] Job Offer - 5293 updated, notifying admin - BEGIN
[2023-04-21 15:10:52][INFO] *------------------------------------------------------------------------------------------------------*
[2023-04-21 15:11:23][INFO] Mail could not be sent
[2023-04-21 15:11:23][INFO] *------------------------------------------------------------------------------------------------------*
[2023-04-21 15:11:23][INFO] Job Offer - 5293 updated, notifying admin - END
[2023-04-21 15:11:23][INFO] *------------------------------------------------------------------------------------------------------*
[2023-04-21 15:11:23][INFO] Post auto-draft
[2023-04-21 15:15:57][INFO] *------------------------------------------------------------------------------------------------------*
[2023-04-21 15:15:57][INFO] Job Offer - 5293 updated, notifying admin - BEGIN
[2023-04-21 15:15:57][INFO] *------------------------------------------------------------------------------------------------------*
[2023-04-21 15:15:57][INFO] Mail sent successfully
[2023-04-21 15:15:57][INFO] *------------------------------------------------------------------------------------------------------*
[2023-04-21 15:15:57][INFO] Job Offer - 5293 updated, notifying admin - END
[2023-04-21 15:15:57][INFO] *------------------------------------------------------------------------------------------------------*
[2023-04-21 15:15:57][INFO] Post auto-draft
[2023-04-21 15:16:07][INFO] *------------------------------------------------------------------------------------------------------*
[2023-04-21 15:16:07][INFO] Job Offer - 5293 updated, notifying admin - BEGIN
[2023-04-21 15:16:07][INFO] *------------------------------------------------------------------------------------------------------*
[2023-04-21 15:16:07][INFO] Mail sent successfully
[2023-04-21 15:16:07][INFO] *------------------------------------------------------------------------------------------------------*
[2023-04-21 15:16:07][INFO] Job Offer - 5293 updated, notifying admin - END
[2023-04-21 15:16:07][INFO] *------------------------------------------------------------------------------------------------------*
[2023-04-21 15:16:07][INFO] Post auto-draft
[2023-04-21 15:16:18][INFO] *------------------------------------------------------------------------------------------------------*
[2023-04-21 15:16:18][INFO] Job Offer - 5188 updated, notifying admin - BEGIN
[2023-04-21 15:16:18][INFO] *------------------------------------------------------------------------------------------------------*
[2023-04-21 15:16:18][INFO] Mail sent successfully
[2023-04-21 15:16:18][INFO] *------------------------------------------------------------------------------------------------------*
[2023-04-21 15:16:18][INFO] Job Offer - 5188 updated, notifying admin - END
[2023-04-21 15:16:18][INFO] *------------------------------------------------------------------------------------------------------*
[2023-04-21 15:16:18][INFO] Post auto-draft
[2023-04-21 15:16:39][INFO] *------------------------------------------------------------------------------------------------------*
[2023-04-21 15:16:39][INFO] Job Offer - 5 updated, notifying admin - BEGIN
[2023-04-21 15:16:39][INFO] *------------------------------------------------------------------------------------------------------*
[2023-04-21 15:16:39][INFO] Mail sent successfully
[2023-04-21 15:16:39][INFO] *------------------------------------------------------------------------------------------------------*
[2023-04-21 15:16:39][INFO] Job Offer - 5 updated, notifying admin - END
[2023-04-21 15:16:39][INFO] *------------------------------------------------------------------------------------------------------*
[2023-04-21 15:16:39][INFO] Post auto-draft
[2023-04-21 15:16:58][INFO] *------------------------------------------------------------------------------------------------------*
[2023-04-21 15:16:58][INFO] Job Offer - 5293 updated, notifying admin - BEGIN
[2023-04-21 15:16:58][INFO] *------------------------------------------------------------------------------------------------------*
[2023-04-21 15:16:58][INFO] Mail sent successfully
[2023-04-21 15:16:58][INFO] *------------------------------------------------------------------------------------------------------*
[2023-04-21 15:16:58][INFO] Job Offer - 5293 updated, notifying admin - END
[2023-04-21 15:16:58][INFO] *------------------------------------------------------------------------------------------------------*
[2023-04-21 15:16:58][INFO] Post auto-draft
