[28-Apr-2023 09:37:47 UTC] PHP Warning:  exif_read_data(KnowerOutsourcingITQuiz.jpg): Incorrect APP1 Exif Identifier Code in /home/cpahosti/public_html/kn0wer4sversion/wp-admin/includes/image.php on line 848
[28-Apr-2023 09:37:47 UTC] PHP Warning:  exif_read_data(KnowerOutsourcingITQuiz.jpg): Incorrect APP1 Exif Identifier Code in /home/cpahosti/public_html/kn0wer4sversion/wp-admin/includes/image.php on line 848
[2023-04-28 09:37:58][INFO] *------------------------------------------------------------------------------------------------------*
[2023-04-28 09:37:58][INFO] Job Offer - 7720 updated, notifying admin - BEGIN
[2023-04-28 09:37:58][INFO] *------------------------------------------------------------------------------------------------------*
[2023-04-28 09:37:58][INFO] Mail sent successfully
[2023-04-28 09:37:58][INFO] *------------------------------------------------------------------------------------------------------*
[2023-04-28 09:37:58][INFO] Job Offer - 7720 updated, notifying admin - END
[2023-04-28 09:37:58][INFO] *------------------------------------------------------------------------------------------------------*
[2023-04-28 09:37:58][INFO] Post ID 7720 saved, status is publish , parent is 0
[28-Apr-2023 09:38:33 UTC] PHP Warning:  exif_read_data(KnowerOutsourcingITQuiz1920x721.jpg): Incorrect APP1 Exif Identifier Code in /home/cpahosti/public_html/kn0wer4sversion/wp-admin/includes/image.php on line 848
[28-Apr-2023 09:38:33 UTC] PHP Warning:  exif_read_data(KnowerOutsourcingITQuiz1920x721.jpg): Incorrect APP1 Exif Identifier Code in /home/cpahosti/public_html/kn0wer4sversion/wp-admin/includes/image.php on line 848
[2023-04-28 09:39:26][INFO] *------------------------------------------------------------------------------------------------------*
[2023-04-28 09:39:26][INFO] Job Offer - 7720 updated, notifying admin - BEGIN
[2023-04-28 09:39:26][INFO] *------------------------------------------------------------------------------------------------------*
[2023-04-28 09:39:26][INFO] Mail sent successfully
[2023-04-28 09:39:26][INFO] *------------------------------------------------------------------------------------------------------*
[2023-04-28 09:39:26][INFO] Job Offer - 7720 updated, notifying admin - END
[2023-04-28 09:39:26][INFO] *------------------------------------------------------------------------------------------------------*
[2023-04-28 09:39:26][INFO] Post ID 7720 saved, status is publish , parent is 0
[2023-04-28 09:39:26][INFO] Post ID 7720 saved, status is publish , parent is 0
[2023-04-28 10:39:40][INFO] *------------------------------------------------------------------------------------------------------*
[2023-04-28 10:39:40][INFO] Job Offer - 5056 updated, notifying admin - BEGIN
[2023-04-28 10:39:40][INFO] *------------------------------------------------------------------------------------------------------*
[2023-04-28 10:39:40][INFO] Mail sent successfully
[2023-04-28 10:39:40][INFO] *------------------------------------------------------------------------------------------------------*
[2023-04-28 10:39:40][INFO] Job Offer - 5056 updated, notifying admin - END
[2023-04-28 10:39:40][INFO] *------------------------------------------------------------------------------------------------------*
[2023-04-28 10:39:40][INFO] Post ID 5056 saved, status is publish , parent is 0
[2023-04-28 10:39:44][INFO] *------------------------------------------------------------------------------------------------------*
[2023-04-28 10:39:44][INFO] Job Offer - 5112 updated, notifying admin - BEGIN
[2023-04-28 10:39:44][INFO] *------------------------------------------------------------------------------------------------------*
[2023-04-28 10:39:44][INFO] Mail sent successfully
[2023-04-28 10:39:44][INFO] *------------------------------------------------------------------------------------------------------*
[2023-04-28 10:39:44][INFO] Job Offer - 5112 updated, notifying admin - END
[2023-04-28 10:39:44][INFO] *------------------------------------------------------------------------------------------------------*
[2023-04-28 10:39:44][INFO] Post ID 5112 saved, status is publish , parent is 0
[2023-04-28 10:40:03][INFO] *------------------------------------------------------------------------------------------------------*
[2023-04-28 10:40:03][INFO] Job Offer - 5142 updated, notifying admin - BEGIN
[2023-04-28 10:40:03][INFO] *------------------------------------------------------------------------------------------------------*
[2023-04-28 10:40:03][INFO] Mail sent successfully
[2023-04-28 10:40:03][INFO] *------------------------------------------------------------------------------------------------------*
[2023-04-28 10:40:03][INFO] Job Offer - 5142 updated, notifying admin - END
[2023-04-28 10:40:03][INFO] *------------------------------------------------------------------------------------------------------*
[2023-04-28 10:40:03][INFO] Post ID 5142 saved, status is publish , parent is 0
[2023-04-28 11:20:13][INFO] *------------------------------------------------------------------------------------------------------*
[2023-04-28 11:20:13][INFO] Job Offer - 4564 updated, notifying admin - BEGIN
[2023-04-28 11:20:13][INFO] *------------------------------------------------------------------------------------------------------*
[2023-04-28 11:20:13][INFO] Mail sent successfully
[2023-04-28 11:20:13][INFO] *------------------------------------------------------------------------------------------------------*
[2023-04-28 11:20:13][INFO] Job Offer - 4564 updated, notifying admin - END
[2023-04-28 11:20:13][INFO] *------------------------------------------------------------------------------------------------------*
[2023-04-28 11:20:13][INFO] Post ID 4564 saved, status is publish , parent is 0
[2023-04-28 11:24:25][INFO] *------------------------------------------------------------------------------------------------------*
[2023-04-28 11:24:25][INFO] Job Offer - 5285 updated, notifying admin - BEGIN
[2023-04-28 11:24:25][INFO] *------------------------------------------------------------------------------------------------------*
[2023-04-28 11:24:25][INFO] Mail sent successfully
[2023-04-28 11:24:25][INFO] *------------------------------------------------------------------------------------------------------*
[2023-04-28 11:24:25][INFO] Job Offer - 5285 updated, notifying admin - END
[2023-04-28 11:24:25][INFO] *------------------------------------------------------------------------------------------------------*
[2023-04-28 11:26:13][INFO] *------------------------------------------------------------------------------------------------------*
[2023-04-28 11:26:13][INFO] Job Offer - 5142 updated, notifying admin - BEGIN
[2023-04-28 11:26:13][INFO] *------------------------------------------------------------------------------------------------------*
[2023-04-28 11:26:13][INFO] Mail sent successfully
[2023-04-28 11:26:13][INFO] *------------------------------------------------------------------------------------------------------*
[2023-04-28 11:26:13][INFO] Job Offer - 5142 updated, notifying admin - END
[2023-04-28 11:26:13][INFO] *------------------------------------------------------------------------------------------------------*
[2023-04-28 11:26:55][INFO] *------------------------------------------------------------------------------------------------------*
[2023-04-28 11:26:55][INFO] Job Offer - 5056 updated, notifying admin - BEGIN
[2023-04-28 11:26:55][INFO] *------------------------------------------------------------------------------------------------------*
[2023-04-28 11:26:56][INFO] Mail sent successfully
[2023-04-28 11:26:56][INFO] *------------------------------------------------------------------------------------------------------*
[2023-04-28 11:26:56][INFO] Job Offer - 5056 updated, notifying admin - END
[2023-04-28 11:26:56][INFO] *------------------------------------------------------------------------------------------------------*
[2023-04-28 11:27:23][INFO] *------------------------------------------------------------------------------------------------------*
[2023-04-28 11:27:23][INFO] Job Offer - 5112 updated, notifying admin - BEGIN
[2023-04-28 11:27:23][INFO] *------------------------------------------------------------------------------------------------------*
[2023-04-28 11:27:23][INFO] Mail sent successfully
[2023-04-28 11:27:23][INFO] *------------------------------------------------------------------------------------------------------*
[2023-04-28 11:27:23][INFO] Job Offer - 5112 updated, notifying admin - END
[2023-04-28 11:27:23][INFO] *------------------------------------------------------------------------------------------------------*
[2023-04-28 11:28:05][INFO] *------------------------------------------------------------------------------------------------------*
[2023-04-28 11:28:05][INFO] Job Offer - 4566 updated, notifying admin - BEGIN
[2023-04-28 11:28:05][INFO] *------------------------------------------------------------------------------------------------------*
[2023-04-28 11:28:05][INFO] Mail sent successfully
[2023-04-28 11:28:05][INFO] *------------------------------------------------------------------------------------------------------*
[2023-04-28 11:28:05][INFO] Job Offer - 4566 updated, notifying admin - END
[2023-04-28 11:28:05][INFO] *------------------------------------------------------------------------------------------------------*
[2023-04-28 11:28:05][INFO] Post ID 4566 saved, status is publish , parent is 0
[2023-04-28 11:29:09][INFO] *------------------------------------------------------------------------------------------------------*
[2023-04-28 11:29:09][INFO] Job Offer - 5147 updated, notifying admin - BEGIN
[2023-04-28 11:29:09][INFO] *------------------------------------------------------------------------------------------------------*
[2023-04-28 11:29:09][INFO] Mail sent successfully
[2023-04-28 11:29:09][INFO] *------------------------------------------------------------------------------------------------------*
[2023-04-28 11:29:09][INFO] Job Offer - 5147 updated, notifying admin - END
[2023-04-28 11:29:09][INFO] *------------------------------------------------------------------------------------------------------*
[2023-04-28 11:29:09][INFO] Post ID 5147 saved, status is publish , parent is 0
[2023-04-28 11:29:32][INFO] *------------------------------------------------------------------------------------------------------*
[2023-04-28 11:29:32][INFO] Job Offer - 4467 updated, notifying admin - BEGIN
[2023-04-28 11:29:32][INFO] *------------------------------------------------------------------------------------------------------*
[2023-04-28 11:29:32][INFO] Mail sent successfully
[2023-04-28 11:29:32][INFO] *------------------------------------------------------------------------------------------------------*
[2023-04-28 11:29:32][INFO] Job Offer - 4467 updated, notifying admin - END
[2023-04-28 11:29:32][INFO] *------------------------------------------------------------------------------------------------------*
[2023-04-28 11:29:32][INFO] Post ID 4467 saved, status is publish , parent is 0
[2023-04-28 11:29:48][INFO] *------------------------------------------------------------------------------------------------------*
[2023-04-28 11:29:48][INFO] Job Offer - 4645 updated, notifying admin - BEGIN
[2023-04-28 11:29:48][INFO] *------------------------------------------------------------------------------------------------------*
[2023-04-28 11:29:48][INFO] Mail sent successfully
[2023-04-28 11:29:48][INFO] *------------------------------------------------------------------------------------------------------*
[2023-04-28 11:29:48][INFO] Job Offer - 4645 updated, notifying admin - END
[2023-04-28 11:29:48][INFO] *------------------------------------------------------------------------------------------------------*
[2023-04-28 11:29:48][INFO] Post ID 4645 saved, status is publish , parent is 0
[2023-04-28 11:30:12][INFO] *------------------------------------------------------------------------------------------------------*
[2023-04-28 11:30:12][INFO] Job Offer - 4552 updated, notifying admin - BEGIN
[2023-04-28 11:30:12][INFO] *------------------------------------------------------------------------------------------------------*
[2023-04-28 11:30:12][INFO] Mail sent successfully
[2023-04-28 11:30:12][INFO] *------------------------------------------------------------------------------------------------------*
[2023-04-28 11:30:12][INFO] Job Offer - 4552 updated, notifying admin - END
[2023-04-28 11:30:12][INFO] *------------------------------------------------------------------------------------------------------*
[2023-04-28 11:30:12][INFO] Post ID 4552 saved, status is publish , parent is 0
[2023-04-28 11:30:39][INFO] *------------------------------------------------------------------------------------------------------*
[2023-04-28 11:30:39][INFO] Job Offer - 4560 updated, notifying admin - BEGIN
[2023-04-28 11:30:39][INFO] *------------------------------------------------------------------------------------------------------*
[2023-04-28 11:30:39][INFO] Mail sent successfully
[2023-04-28 11:30:39][INFO] *------------------------------------------------------------------------------------------------------*
[2023-04-28 11:30:39][INFO] Job Offer - 4560 updated, notifying admin - END
[2023-04-28 11:30:39][INFO] *------------------------------------------------------------------------------------------------------*
[2023-04-28 11:30:39][INFO] Post ID 4560 saved, status is publish , parent is 0
[2023-04-28 11:31:38][INFO] *------------------------------------------------------------------------------------------------------*
[2023-04-28 11:31:38][INFO] Job Offer - 4562 updated, notifying admin - BEGIN
[2023-04-28 11:31:38][INFO] *------------------------------------------------------------------------------------------------------*
[2023-04-28 11:31:38][INFO] Mail sent successfully
[2023-04-28 11:31:38][INFO] *------------------------------------------------------------------------------------------------------*
[2023-04-28 11:31:38][INFO] Job Offer - 4562 updated, notifying admin - END
[2023-04-28 11:31:38][INFO] *------------------------------------------------------------------------------------------------------*
[2023-04-28 11:31:38][INFO] Post ID 4562 saved, status is publish , parent is 0
[2023-04-28 11:31:57][INFO] *------------------------------------------------------------------------------------------------------*
[2023-04-28 11:31:57][INFO] Job Offer - 4564 updated, notifying admin - BEGIN
[2023-04-28 11:31:57][INFO] *------------------------------------------------------------------------------------------------------*
[2023-04-28 11:31:57][INFO] Mail sent successfully
[2023-04-28 11:31:57][INFO] *------------------------------------------------------------------------------------------------------*
[2023-04-28 11:31:57][INFO] Job Offer - 4564 updated, notifying admin - END
[2023-04-28 11:31:57][INFO] *------------------------------------------------------------------------------------------------------*
[2023-04-28 11:31:57][INFO] Post ID 4564 saved, status is publish , parent is 0
[2023-04-28 12:43:17][INFO] *------------------------------------------------------------------------------------------------------*
[2023-04-28 12:43:17][INFO] User Create/Update routine started
[2023-04-28 12:43:17][INFO] *------------------------------------------------------------------------------------------------------*
[2023-04-28 12:43:17][INFO] Get candidate by email - minesck@hotmail.com
[2023-04-28 12:43:17][INFO] JobconvoApiClient - Request method
[2023-04-28 12:43:17][INFO] METHOD - GET
[2023-04-28 12:43:17][INFO] URL - https://test-homolog.jobconvo.com/pt-br/api/companycandidate/?candidate=minesck@hotmail.com
[2023-04-28 12:43:17][INFO] GET Methods enter: GET
[2023-04-28 12:43:17][WARN] Retry request attempt 1
[2023-04-28 12:43:17][INFO] User - minesck@hotmail.com and pk - 012e8dba-1205-4f88-91dd-69e6a43e5c1d found on JobConvo, updating...
[2023-04-28 12:43:17][INFO] Checking User Educations
[2023-04-28 12:43:17][INFO] Educations found on Wordpress:
[2023-04-28 12:43:17][INFO] Array
(
)

[2023-04-28 12:43:17][INFO] Educations Now:
[2023-04-28 12:43:17][INFO] Array
(
)

[2023-04-28 12:43:17][INFO] Checking User Work Experiences
[2023-04-28 12:43:17][INFO] Work Experiences found on Wordpress:
[2023-04-28 12:43:17][INFO] Array
(
)

[2023-04-28 12:43:17][INFO] Work Experiences Now:
[2023-04-28 12:43:17][INFO] Array
(
)

[2023-04-28 12:43:17][INFO] Checking User Languages
[2023-04-28 12:43:17][INFO] Languages found on Wordpress:
[2023-04-28 12:43:17][INFO] Array
(
)

[2023-04-28 12:43:17][INFO] Languages Now:
[2023-04-28 12:43:17][INFO] Array
(
)

[2023-04-28 12:43:17][INFO] Checking User Websites
[2023-04-28 12:43:17][INFO] Websites found on Wordpress:
[2023-04-28 12:43:17][INFO] Array
(
)

[2023-04-28 12:43:17][INFO] Websites Now:
[2023-04-28 12:43:17][INFO] Array
(
)

[2023-04-28 12:43:17][INFO] Candidate id: 012e8dba-1205-4f88-91dd-69e6a43e5c1d - Updating ...
[2023-04-28 12:43:17][INFO] JobconvoApiClient - Request method
[2023-04-28 12:43:17][INFO] METHOD - PATCH
[2023-04-28 12:43:17][INFO] URL - https://test-homolog.jobconvo.com/pt-br/api/companycandidate/012e8dba-1205-4f88-91dd-69e6a43e5c1d/
[2023-04-28 12:43:17][INFO] wp_json_encode: {"profile":{"email":"minesck@hotmail.com","birthday":null,"address":"","adddressnumber":null,"complement":"-","neighbourhood":null,"city":null,"country":"Portugal","cep":null},"documents":{"doctype":null,"rg":"02065963085","not_brazilian":true}}
[2023-04-28 12:43:18][WARN] Retry request attempt 1
[2023-04-28 12:43:18][INFO] Candidate id: 012e8dba-1205-4f88-91dd-69e6a43e5c1d - Updating ...
[2023-04-28 12:43:18][INFO] JobconvoApiClient - Request method
[2023-04-28 12:43:18][INFO] METHOD - PATCH
[2023-04-28 12:43:18][INFO] URL - https://test-homolog.jobconvo.com/pt-br/api/userprofile/012e8dba-1205-4f88-91dd-69e6a43e5c1d/
[2023-04-28 12:43:18][INFO] wp_json_encode: {"first_name":"Michele","last_name":"Ins","full_name":"minesck@hotmail.com","country_code":"351","area_code":"0","phone1":"987536945","phone2":"00000000000","social_status":"1","born_sex":"4"}
[2023-04-28 12:43:18][WARN] Retry request attempt 1
[2023-04-28 12:43:18][INFO] Candidate updated.
[2023-04-28 12:43:18][INFO] Array
(
    [id] => 012e8dba-1205-4f88-91dd-69e6a43e5c1d
    [profile] => Array
        (
            [first_name] => Michele
            [last_name] => Ins
            [full_name] => Michele Ins
            [email] => minesck@hotmail.com
            [birthday] => 
            [social_status] => Solteiro
            [gender] => Nao informado
            [rais] => 
            [photo] => 
            [nationality] => 
            [social_name] => 
            [sexuality] => 0
            [ethnicity] => 0
            [pronoun] => 0
            [country_code] => 351
            [area_code] => 0
            [phone1] => 987536945
            [phone2] => 00000000000
            [public_place_type] => 
            [address] => -
            [adddressnumber] => 
            [complement] => -
            [neighbourhood] => 
            [state] => 
            [city] => 
            [country] => Portugal
            [latitude] => 40.0332629
            [longitude] => -7.8896263
            [cep] => 
            [user_language] => pt-br
            [complete_cv] => 
        )

    [documents] => Array
        (
            [cpf] => 
            [doctype] => 
            [rg] => 02065963085
            [pis] => 
            [not_brazilian] => 1
        )

    [disability] => Array
        (
            [disability] => Não
            [disability_id] => 0
        )

    [salary] => Array
        (
            [last_salary] => 
            [min_salary] => 
            [max_salary] => 
            [currency] => 
        )

    [educations] => Array
        (
        )

    [career_objectives] => Array
        (
            [career_objective] => 
            [range_of_experience] => 
            [last_salary] => 
            [min_salary] => 
            [currency] => 
        )

    [languages] => Array
        (
        )

    [work_experiences] => Array
        (
        )

    [resume_file] => 
    [date] => 2022-12-28T15:32:49-03:00
    [source] => Página de Carreiras
    [referred_by] => 
    [referred_by_email] => 
    [favorite] => 
    [blacklist] => 
    [confirmed_referral] => 
    [referral_answer_date] => 
    [referral_answer_comments] => 
    [candidate] => 3069940
    [career_page_source] => 
    [by_recruiter] => 
)

[2023-04-28 12:43:18][INFO] *------------------------------------------------------------------------------------------------------*
[2023-04-28 12:43:18][INFO] User Create/Update routine finished
[2023-04-28 12:43:18][INFO] *------------------------------------------------------------------------------------------------------*
[2023-04-28 16:20:43][INFO] *------------------------------------------------------------------------------------------------------*
[2023-04-28 16:20:43][INFO] Job Offer - 7720 updated, notifying admin - BEGIN
[2023-04-28 16:20:43][INFO] *------------------------------------------------------------------------------------------------------*
[2023-04-28 16:20:43][INFO] Mail sent successfully
[2023-04-28 16:20:43][INFO] *------------------------------------------------------------------------------------------------------*
[2023-04-28 16:20:43][INFO] Job Offer - 7720 updated, notifying admin - END
[2023-04-28 16:20:43][INFO] *------------------------------------------------------------------------------------------------------*
[2023-04-28 16:20:43][INFO] Post ID 7720 saved, status is publish , parent is 0
[2023-04-28 16:20:43][INFO] Post ID 7720 saved, status is publish , parent is 0
[2023-04-28 16:21:43][INFO] *------------------------------------------------------------------------------------------------------*
[2023-04-28 16:21:43][INFO] Job Offer - 7720 updated, notifying admin - BEGIN
[2023-04-28 16:21:43][INFO] *------------------------------------------------------------------------------------------------------*
[2023-04-28 16:21:43][INFO] Mail sent successfully
[2023-04-28 16:21:43][INFO] *------------------------------------------------------------------------------------------------------*
[2023-04-28 16:21:43][INFO] Job Offer - 7720 updated, notifying admin - END
[2023-04-28 16:21:43][INFO] *------------------------------------------------------------------------------------------------------*
[2023-04-28 16:21:43][INFO] Post ID 7720 saved, status is publish , parent is 0
[2023-04-28 16:21:43][INFO] Post ID 7720 saved, status is publish , parent is 0
[2023-04-28 22:15:50][INFO] *------------------------------------------------------------------------------------------------------*
[2023-04-28 22:15:50][INFO] Job Offer - 5415 updated, notifying admin - BEGIN
[2023-04-28 22:15:50][INFO] *------------------------------------------------------------------------------------------------------*
[2023-04-28 22:15:51][INFO] Mail sent successfully
[2023-04-28 22:15:51][INFO] *------------------------------------------------------------------------------------------------------*
[2023-04-28 22:15:51][INFO] Job Offer - 5415 updated, notifying admin - END
[2023-04-28 22:15:51][INFO] *------------------------------------------------------------------------------------------------------*
[2023-04-28 22:15:51][INFO] Post ID 5415 saved, status is publish , parent is 0
[2023-04-28 22:15:51][INFO] Post ID 5415 saved, status is publish , parent is 0
