[2023-04-25 19:57:13][INFO] *------------------------------------------------------------------------------------------------------*
[2023-04-25 19:57:13][INFO] Job Offer - 7681 updated, notifying admin - BEGIN
[2023-04-25 19:57:13][INFO] *------------------------------------------------------------------------------------------------------*
[2023-04-25 19:57:13][INFO] Mail sent successfully
[2023-04-25 19:57:13][INFO] *------------------------------------------------------------------------------------------------------*
[2023-04-25 19:57:13][INFO] Job Offer - 7681 updated, notifying admin - END
[2023-04-25 19:57:13][INFO] *------------------------------------------------------------------------------------------------------*
[2023-04-25 19:57:13][INFO] Post ID 7681 saved, status is publish , parent is 0
[2023-04-25 19:57:13][INFO] Post ID 7681 saved, status is publish , parent is 0
[2023-04-25 19:57:49][INFO] *------------------------------------------------------------------------------------------------------*
[2023-04-25 19:57:49][INFO] Job Offer - 7681 updated, notifying admin - BEGIN
[2023-04-25 19:57:49][INFO] *------------------------------------------------------------------------------------------------------*
[2023-04-25 19:57:49][INFO] Mail sent successfully
[2023-04-25 19:57:49][INFO] *------------------------------------------------------------------------------------------------------*
[2023-04-25 19:57:49][INFO] Job Offer - 7681 updated, notifying admin - END
[2023-04-25 19:57:49][INFO] *------------------------------------------------------------------------------------------------------*
[2023-04-25 19:57:49][INFO] Post ID 7681 saved, status is publish , parent is 0
[2023-04-25 19:57:49][INFO] Post ID 7681 saved, status is publish , parent is 0
[2023-04-25 19:58:32][INFO] *------------------------------------------------------------------------------------------------------*
[2023-04-25 19:58:32][INFO] Job Offer - 7720 updated, notifying admin - BEGIN
[2023-04-25 19:58:32][INFO] *------------------------------------------------------------------------------------------------------*
[2023-04-25 19:58:32][INFO] Mail sent successfully
[2023-04-25 19:58:32][INFO] *------------------------------------------------------------------------------------------------------*
[2023-04-25 19:58:32][INFO] Job Offer - 7720 updated, notifying admin - END
[2023-04-25 19:58:32][INFO] *------------------------------------------------------------------------------------------------------*
[2023-04-25 19:58:32][INFO] Post ID 7720 saved, status is publish , parent is 0
[2023-04-25 19:58:32][INFO] Post ID 7720 saved, status is publish , parent is 0
[2023-04-25 19:59:34][INFO] *------------------------------------------------------------------------------------------------------*
[2023-04-25 19:59:34][INFO] Job Offer - 7697 updated, notifying admin - BEGIN
[2023-04-25 19:59:34][INFO] *------------------------------------------------------------------------------------------------------*
[2023-04-25 19:59:34][INFO] Mail sent successfully
[2023-04-25 19:59:34][INFO] *------------------------------------------------------------------------------------------------------*
[2023-04-25 19:59:34][INFO] Job Offer - 7697 updated, notifying admin - END
[2023-04-25 19:59:34][INFO] *------------------------------------------------------------------------------------------------------*
[2023-04-25 19:59:34][INFO] Post ID 7697 saved, status is publish , parent is 0
[2023-04-25 19:59:34][INFO] Post ID 7697 saved, status is publish , parent is 0
