[2023-04-27 08:24:02][INFO] Post ID 7698 saved, status is publish , parent is 0
[2023-04-27 14:15:27][INFO] *------------------------------------------------------------------------------------------------------*
[2023-04-27 14:15:27][INFO] Job Offer - 4402 updated, notifying admin - BEGIN
[2023-04-27 14:15:27][INFO] *------------------------------------------------------------------------------------------------------*
[2023-04-27 14:15:27][INFO] Mail sent successfully
[2023-04-27 14:15:27][INFO] *------------------------------------------------------------------------------------------------------*
[2023-04-27 14:15:27][INFO] Job Offer - 4402 updated, notifying admin - END
[2023-04-27 14:15:27][INFO] *------------------------------------------------------------------------------------------------------*
[2023-04-27 14:15:27][INFO] Post ID 4402 saved, status is publish , parent is 4398
[2023-04-27 14:15:27][INFO] Post ID 4402 saved, status is publish , parent is 4398
[2023-04-27 14:26:42][INFO] *------------------------------------------------------------------------------------------------------*
[2023-04-27 14:26:42][INFO] Job Offer - 5471 updated, notifying admin - BEGIN
[2023-04-27 14:26:42][INFO] *------------------------------------------------------------------------------------------------------*
[2023-04-27 14:26:42][INFO] Mail sent successfully
[2023-04-27 14:26:42][INFO] *------------------------------------------------------------------------------------------------------*
[2023-04-27 14:26:42][INFO] Job Offer - 5471 updated, notifying admin - END
[2023-04-27 14:26:42][INFO] *------------------------------------------------------------------------------------------------------*
[2023-04-27 14:26:42][INFO] Post ID 5471 saved, status is publish , parent is 4398
[2023-04-27 14:26:42][INFO] Post ID 5471 saved, status is publish , parent is 4398
[2023-04-27 14:28:19][INFO] *------------------------------------------------------------------------------------------------------*
[2023-04-27 14:28:19][INFO] Job Offer - 5471 updated, notifying admin - BEGIN
[2023-04-27 14:28:19][INFO] *------------------------------------------------------------------------------------------------------*
[2023-04-27 14:28:19][INFO] Mail sent successfully
[2023-04-27 14:28:19][INFO] *------------------------------------------------------------------------------------------------------*
[2023-04-27 14:28:19][INFO] Job Offer - 5471 updated, notifying admin - END
[2023-04-27 14:28:19][INFO] *------------------------------------------------------------------------------------------------------*
[2023-04-27 14:28:19][INFO] Post ID 5471 saved, status is publish , parent is 4398
[2023-04-27 14:56:45][INFO] *------------------------------------------------------------------------------------------------------*
[2023-04-27 14:56:45][INFO] Job Offer - 4408 updated, notifying admin - BEGIN
[2023-04-27 14:56:45][INFO] *------------------------------------------------------------------------------------------------------*
[2023-04-27 14:56:45][INFO] Mail sent successfully
[2023-04-27 14:56:45][INFO] *------------------------------------------------------------------------------------------------------*
[2023-04-27 14:56:45][INFO] Job Offer - 4408 updated, notifying admin - END
[2023-04-27 14:56:45][INFO] *------------------------------------------------------------------------------------------------------*
[2023-04-27 14:56:45][INFO] Post ID 4408 saved, status is publish , parent is 4398
[2023-04-27 14:56:45][INFO] Post ID 4408 saved, status is publish , parent is 4398
[2023-04-27 15:50:45][INFO] *------------------------------------------------------------------------------------------------------*
[2023-04-27 15:50:45][INFO] Job Offer - 4408 updated, notifying admin - BEGIN
[2023-04-27 15:50:45][INFO] *------------------------------------------------------------------------------------------------------*
[2023-04-27 15:50:45][INFO] Mail sent successfully
[2023-04-27 15:50:45][INFO] *------------------------------------------------------------------------------------------------------*
[2023-04-27 15:50:45][INFO] Job Offer - 4408 updated, notifying admin - END
[2023-04-27 15:50:45][INFO] *------------------------------------------------------------------------------------------------------*
[2023-04-27 15:50:45][INFO] Post ID 4408 saved, status is publish , parent is 4398
[2023-04-27 15:50:45][INFO] Post ID 4408 saved, status is publish , parent is 4398
[2023-04-27 15:52:24][INFO] *------------------------------------------------------------------------------------------------------*
[2023-04-27 15:52:24][INFO] Job Offer - 4408 updated, notifying admin - BEGIN
[2023-04-27 15:52:24][INFO] *------------------------------------------------------------------------------------------------------*
[2023-04-27 15:52:24][INFO] Mail sent successfully
[2023-04-27 15:52:24][INFO] *------------------------------------------------------------------------------------------------------*
[2023-04-27 15:52:24][INFO] Job Offer - 4408 updated, notifying admin - END
[2023-04-27 15:52:24][INFO] *------------------------------------------------------------------------------------------------------*
[2023-04-27 15:52:24][INFO] Post ID 4408 saved, status is publish , parent is 4398
[2023-04-27 15:52:24][INFO] Post ID 4408 saved, status is publish , parent is 4398
[2023-04-27 16:07:22][INFO] *------------------------------------------------------------------------------------------------------*
[2023-04-27 16:07:22][INFO] Job Offer - 4408 updated, notifying admin - BEGIN
[2023-04-27 16:07:22][INFO] *------------------------------------------------------------------------------------------------------*
[2023-04-27 16:07:22][INFO] Mail sent successfully
[2023-04-27 16:07:22][INFO] *------------------------------------------------------------------------------------------------------*
[2023-04-27 16:07:22][INFO] Job Offer - 4408 updated, notifying admin - END
[2023-04-27 16:07:22][INFO] *------------------------------------------------------------------------------------------------------*
[2023-04-27 16:07:22][INFO] Post ID 4408 saved, status is publish , parent is 4398
[2023-04-27 16:07:22][INFO] Post ID 4408 saved, status is publish , parent is 4398
[2023-04-27 16:07:51][INFO] *------------------------------------------------------------------------------------------------------*
[2023-04-27 16:07:51][INFO] Job Offer - 4408 updated, notifying admin - BEGIN
[2023-04-27 16:07:51][INFO] *------------------------------------------------------------------------------------------------------*
[2023-04-27 16:07:51][INFO] Mail sent successfully
[2023-04-27 16:07:51][INFO] *------------------------------------------------------------------------------------------------------*
[2023-04-27 16:07:51][INFO] Job Offer - 4408 updated, notifying admin - END
[2023-04-27 16:07:51][INFO] *------------------------------------------------------------------------------------------------------*
[2023-04-27 16:07:51][INFO] Post ID 4408 saved, status is publish , parent is 4398
[2023-04-27 16:07:51][INFO] Post ID 4408 saved, status is publish , parent is 4398
[2023-04-27 16:32:35][INFO] *------------------------------------------------------------------------------------------------------*
[2023-04-27 16:32:35][INFO] Job Offer - 4408 updated, notifying admin - BEGIN
[2023-04-27 16:32:35][INFO] *------------------------------------------------------------------------------------------------------*
[2023-04-27 16:32:36][INFO] Mail sent successfully
[2023-04-27 16:32:36][INFO] *------------------------------------------------------------------------------------------------------*
[2023-04-27 16:32:36][INFO] Job Offer - 4408 updated, notifying admin - END
[2023-04-27 16:32:36][INFO] *------------------------------------------------------------------------------------------------------*
[2023-04-27 16:32:36][INFO] Post ID 4408 saved, status is publish , parent is 4398
[2023-04-27 18:00:56][INFO] *------------------------------------------------------------------------------------------------------*
[2023-04-27 18:00:56][INFO] Job Offer - 4408 updated, notifying admin - BEGIN
[2023-04-27 18:00:56][INFO] *------------------------------------------------------------------------------------------------------*
[2023-04-27 18:00:56][INFO] Mail sent successfully
[2023-04-27 18:00:56][INFO] *------------------------------------------------------------------------------------------------------*
[2023-04-27 18:00:56][INFO] Job Offer - 4408 updated, notifying admin - END
[2023-04-27 18:00:56][INFO] *------------------------------------------------------------------------------------------------------*
[2023-04-27 18:00:56][INFO] Post ID 4408 saved, status is publish , parent is 4398
[2023-04-27 22:34:06][INFO] Post ID 7698 saved, status is publish , parent is 0
[27-Apr-2023 22:44:41 UTC] PHP Warning:  exif_read_data(Knower_ImagemSite_Quiz_1920x1280.jpg): Incorrect APP1 Exif Identifier Code in /home/cpahosti/public_html/kn0wer4sversion/wp-admin/includes/image.php on line 848
[27-Apr-2023 22:44:41 UTC] PHP Warning:  exif_read_data(Knower_ImagemSite_Quiz_1920x1280.jpg): Incorrect APP1 Exif Identifier Code in /home/cpahosti/public_html/kn0wer4sversion/wp-admin/includes/image.php on line 848
