[2023-04-19 08:32:59][INFO] *------------------------------------------------------------------------------------------------------*
[2023-04-19 08:32:59][INFO] Job Offer - 5471 updated, notifying admin - BEGIN
[2023-04-19 08:32:59][INFO] *------------------------------------------------------------------------------------------------------*
[2023-04-19 08:33:09][INFO] Mail could not be sent
[2023-04-19 08:33:09][INFO] *------------------------------------------------------------------------------------------------------*
[2023-04-19 08:33:09][INFO] Job Offer - 5471 updated, notifying admin - END
[2023-04-19 08:33:09][INFO] *------------------------------------------------------------------------------------------------------*
[2023-04-19 08:33:09][INFO] Post ID 5471 saved, status is publish , parent is 4398
[2023-04-19 08:33:09][INFO] Post ID 5471 saved, status is publish , parent is 4398
[2023-04-19 08:38:52][INFO] *------------------------------------------------------------------------------------------------------*
[2023-04-19 08:38:52][INFO] Job Offer - 3998 updated, notifying admin - BEGIN
[2023-04-19 08:38:52][INFO] *------------------------------------------------------------------------------------------------------*
[2023-04-19 08:39:02][INFO] Mail could not be sent
[2023-04-19 08:39:02][INFO] *------------------------------------------------------------------------------------------------------*
[2023-04-19 08:39:02][INFO] Job Offer - 3998 updated, notifying admin - END
[2023-04-19 08:39:02][INFO] *------------------------------------------------------------------------------------------------------*
[2023-04-19 08:39:02][INFO] Post ID 3998 saved, status is publish , parent is 0
[2023-04-19 08:39:02][INFO] *------------------------------------------------------------------------------------------------------*
[2023-04-19 08:39:02][INFO] Job Offer - 3999 updated, notifying admin - BEGIN
[2023-04-19 08:39:02][INFO] *------------------------------------------------------------------------------------------------------*
[2023-04-19 08:39:12][INFO] Mail could not be sent
[2023-04-19 08:39:12][INFO] *------------------------------------------------------------------------------------------------------*
[2023-04-19 08:39:12][INFO] Job Offer - 3999 updated, notifying admin - END
[2023-04-19 08:39:12][INFO] *------------------------------------------------------------------------------------------------------*
[2023-04-19 08:39:12][INFO] Post ID 3998 saved, status is publish , parent is 0
[2023-04-19 08:39:12][INFO] *------------------------------------------------------------------------------------------------------*
[2023-04-19 08:39:12][INFO] Job Offer - 4000 updated, notifying admin - BEGIN
[2023-04-19 08:39:12][INFO] *------------------------------------------------------------------------------------------------------*
[2023-04-19 08:39:22][INFO] Mail could not be sent
[2023-04-19 08:39:22][INFO] *------------------------------------------------------------------------------------------------------*
[2023-04-19 08:39:22][INFO] Job Offer - 4000 updated, notifying admin - END
[2023-04-19 08:39:22][INFO] *------------------------------------------------------------------------------------------------------*
[2023-04-19 08:39:22][INFO] Post ID 3998 saved, status is publish , parent is 0
[2023-04-19 08:39:22][INFO] *------------------------------------------------------------------------------------------------------*
[2023-04-19 08:39:22][INFO] Job Offer - 3998 updated, notifying admin - BEGIN
[2023-04-19 08:39:22][INFO] *------------------------------------------------------------------------------------------------------*
[2023-04-19 08:39:32][INFO] Mail could not be sent
[2023-04-19 08:39:32][INFO] *------------------------------------------------------------------------------------------------------*
[2023-04-19 08:39:32][INFO] Job Offer - 3998 updated, notifying admin - END
[2023-04-19 08:39:32][INFO] *------------------------------------------------------------------------------------------------------*
[2023-04-19 08:39:32][INFO] Post ID 3998 saved, status is publish , parent is 0
[2023-04-19 08:52:33][INFO] *------------------------------------------------------------------------------------------------------*
[2023-04-19 08:52:33][INFO] Job Offer - 3998 updated, notifying admin - BEGIN
[2023-04-19 08:52:33][INFO] *------------------------------------------------------------------------------------------------------*
[2023-04-19 08:52:43][INFO] Mail could not be sent
[2023-04-19 08:52:43][INFO] *------------------------------------------------------------------------------------------------------*
[2023-04-19 08:52:43][INFO] Job Offer - 3998 updated, notifying admin - END
[2023-04-19 08:52:43][INFO] *------------------------------------------------------------------------------------------------------*
[2023-04-19 08:52:43][INFO] Post ID 3998 saved, status is publish , parent is 0
[2023-04-19 08:52:43][INFO] *------------------------------------------------------------------------------------------------------*
[2023-04-19 08:52:43][INFO] Job Offer - 4000 updated, notifying admin - BEGIN
[2023-04-19 08:52:43][INFO] *------------------------------------------------------------------------------------------------------*
[2023-04-19 08:52:53][INFO] Mail could not be sent
[2023-04-19 08:52:53][INFO] *------------------------------------------------------------------------------------------------------*
[2023-04-19 08:52:53][INFO] Job Offer - 4000 updated, notifying admin - END
[2023-04-19 08:52:53][INFO] *------------------------------------------------------------------------------------------------------*
[2023-04-19 08:52:53][INFO] Post ID 3998 saved, status is publish , parent is 0
[2023-04-19 08:52:53][INFO] *------------------------------------------------------------------------------------------------------*
[2023-04-19 08:52:53][INFO] Job Offer - 3999 updated, notifying admin - BEGIN
[2023-04-19 08:52:53][INFO] *------------------------------------------------------------------------------------------------------*
[2023-04-19 08:53:03][INFO] Mail could not be sent
[2023-04-19 08:53:03][INFO] *------------------------------------------------------------------------------------------------------*
[2023-04-19 08:53:03][INFO] Job Offer - 3999 updated, notifying admin - END
[2023-04-19 08:53:03][INFO] *------------------------------------------------------------------------------------------------------*
[2023-04-19 08:53:03][INFO] Post ID 3998 saved, status is publish , parent is 0
[2023-04-19 08:53:03][INFO] *------------------------------------------------------------------------------------------------------*
[2023-04-19 08:53:03][INFO] Job Offer - 4001 updated, notifying admin - BEGIN
[2023-04-19 08:53:03][INFO] *------------------------------------------------------------------------------------------------------*
[2023-04-19 08:53:13][INFO] Mail could not be sent
[2023-04-19 08:53:13][INFO] *------------------------------------------------------------------------------------------------------*
[2023-04-19 08:53:13][INFO] Job Offer - 4001 updated, notifying admin - END
[2023-04-19 08:53:13][INFO] *------------------------------------------------------------------------------------------------------*
[2023-04-19 08:53:13][INFO] Post ID 3998 saved, status is publish , parent is 0
[2023-04-19 08:53:13][INFO] *------------------------------------------------------------------------------------------------------*
[2023-04-19 08:53:13][INFO] Job Offer - 4002 updated, notifying admin - BEGIN
[2023-04-19 08:53:13][INFO] *------------------------------------------------------------------------------------------------------*
[2023-04-19 08:53:23][INFO] Mail could not be sent
[2023-04-19 08:53:23][INFO] *------------------------------------------------------------------------------------------------------*
[2023-04-19 08:53:23][INFO] Job Offer - 4002 updated, notifying admin - END
[2023-04-19 08:53:23][INFO] *------------------------------------------------------------------------------------------------------*
[2023-04-19 08:53:23][INFO] Post ID 3998 saved, status is publish , parent is 0
[2023-04-19 08:53:23][INFO] *------------------------------------------------------------------------------------------------------*
[2023-04-19 08:53:23][INFO] Job Offer - 4007 updated, notifying admin - BEGIN
[2023-04-19 08:53:23][INFO] *------------------------------------------------------------------------------------------------------*
[2023-04-19 08:53:33][INFO] Mail could not be sent
[2023-04-19 08:53:33][INFO] *------------------------------------------------------------------------------------------------------*
[2023-04-19 08:53:33][INFO] Job Offer - 4007 updated, notifying admin - END
[2023-04-19 08:53:33][INFO] *------------------------------------------------------------------------------------------------------*
[2023-04-19 08:53:33][INFO] Post ID 3998 saved, status is publish , parent is 0
[2023-04-19 08:53:33][INFO] *------------------------------------------------------------------------------------------------------*
[2023-04-19 08:53:33][INFO] Job Offer - 4008 updated, notifying admin - BEGIN
[2023-04-19 08:53:33][INFO] *------------------------------------------------------------------------------------------------------*
[2023-04-19 08:53:43][INFO] Mail could not be sent
[2023-04-19 08:53:43][INFO] *------------------------------------------------------------------------------------------------------*
[2023-04-19 08:53:43][INFO] Job Offer - 4008 updated, notifying admin - END
[2023-04-19 08:53:43][INFO] *------------------------------------------------------------------------------------------------------*
[2023-04-19 08:53:43][INFO] Post ID 3998 saved, status is publish , parent is 0
[2023-04-19 08:53:43][INFO] *------------------------------------------------------------------------------------------------------*
[2023-04-19 08:53:43][INFO] Job Offer - 4009 updated, notifying admin - BEGIN
[2023-04-19 08:53:43][INFO] *------------------------------------------------------------------------------------------------------*
[2023-04-19 08:53:53][INFO] Mail could not be sent
[2023-04-19 08:53:53][INFO] *------------------------------------------------------------------------------------------------------*
[2023-04-19 08:53:53][INFO] Job Offer - 4009 updated, notifying admin - END
[2023-04-19 08:53:53][INFO] *------------------------------------------------------------------------------------------------------*
[2023-04-19 08:53:53][INFO] Post ID 3998 saved, status is publish , parent is 0
[2023-04-19 08:53:53][INFO] *------------------------------------------------------------------------------------------------------*
[2023-04-19 08:53:53][INFO] Job Offer - 4006 updated, notifying admin - BEGIN
[2023-04-19 08:53:53][INFO] *------------------------------------------------------------------------------------------------------*
[2023-04-19 08:53:58][INFO] *------------------------------------------------------------------------------------------------------*
[2023-04-19 08:53:58][INFO] Job Offer - 330 updated, notifying admin - BEGIN
[2023-04-19 08:53:58][INFO] *------------------------------------------------------------------------------------------------------*
[2023-04-19 08:54:03][INFO] Mail could not be sent
[2023-04-19 08:54:03][INFO] *------------------------------------------------------------------------------------------------------*
[2023-04-19 08:54:03][INFO] Job Offer - 4006 updated, notifying admin - END
[2023-04-19 08:54:03][INFO] *------------------------------------------------------------------------------------------------------*
[2023-04-19 08:54:03][INFO] Post ID 3998 saved, status is publish , parent is 0
[2023-04-19 08:54:03][INFO] *------------------------------------------------------------------------------------------------------*
[2023-04-19 08:54:03][INFO] Job Offer - 4014 updated, notifying admin - BEGIN
[2023-04-19 08:54:03][INFO] *------------------------------------------------------------------------------------------------------*
[2023-04-19 08:54:08][INFO] Mail could not be sent
[2023-04-19 08:54:08][INFO] *------------------------------------------------------------------------------------------------------*
[2023-04-19 08:54:08][INFO] Job Offer - 330 updated, notifying admin - END
[2023-04-19 08:54:08][INFO] *------------------------------------------------------------------------------------------------------*
[2023-04-19 08:54:08][INFO] Post ID 330 saved, status is publish , parent is 0
[2023-04-19 08:54:08][INFO] Post ID 330 saved, status is publish , parent is 0
[2023-04-19 08:54:13][INFO] Mail could not be sent
[2023-04-19 08:54:13][INFO] *------------------------------------------------------------------------------------------------------*
[2023-04-19 08:54:13][INFO] Job Offer - 4014 updated, notifying admin - END
[2023-04-19 08:54:13][INFO] *------------------------------------------------------------------------------------------------------*
[2023-04-19 08:54:13][INFO] Post ID 3998 saved, status is publish , parent is 0
[2023-04-19 08:54:13][INFO] *------------------------------------------------------------------------------------------------------*
[2023-04-19 08:54:13][INFO] Job Offer - 4012 updated, notifying admin - BEGIN
[2023-04-19 08:54:13][INFO] *------------------------------------------------------------------------------------------------------*
[2023-04-19 08:54:23][INFO] Mail could not be sent
[2023-04-19 08:54:23][INFO] *------------------------------------------------------------------------------------------------------*
[2023-04-19 08:54:23][INFO] Job Offer - 4012 updated, notifying admin - END
[2023-04-19 08:54:23][INFO] *------------------------------------------------------------------------------------------------------*
[2023-04-19 08:54:23][INFO] Post ID 3998 saved, status is publish , parent is 0
[2023-04-19 08:54:23][INFO] *------------------------------------------------------------------------------------------------------*
[2023-04-19 08:54:23][INFO] Job Offer - 4013 updated, notifying admin - BEGIN
[2023-04-19 08:54:23][INFO] *------------------------------------------------------------------------------------------------------*
[2023-04-19 08:54:33][INFO] Mail could not be sent
[2023-04-19 08:54:33][INFO] *------------------------------------------------------------------------------------------------------*
[2023-04-19 08:54:33][INFO] Job Offer - 4013 updated, notifying admin - END
[2023-04-19 08:54:33][INFO] *------------------------------------------------------------------------------------------------------*
[2023-04-19 08:54:33][INFO] Post ID 3998 saved, status is publish , parent is 0
[2023-04-19 08:54:33][INFO] *------------------------------------------------------------------------------------------------------*
[2023-04-19 08:54:33][INFO] Job Offer - 3998 updated, notifying admin - BEGIN
[2023-04-19 08:54:33][INFO] *------------------------------------------------------------------------------------------------------*
[2023-04-19 08:54:43][INFO] Mail could not be sent
[2023-04-19 08:54:43][INFO] *------------------------------------------------------------------------------------------------------*
[2023-04-19 08:54:43][INFO] Job Offer - 3998 updated, notifying admin - END
[2023-04-19 08:54:43][INFO] *------------------------------------------------------------------------------------------------------*
[2023-04-19 08:54:43][INFO] Post ID 3998 saved, status is publish , parent is 0
[2023-04-19 08:56:36][INFO] *------------------------------------------------------------------------------------------------------*
[2023-04-19 08:56:36][INFO] Job Offer - 3998 updated, notifying admin - BEGIN
[2023-04-19 08:56:36][INFO] *------------------------------------------------------------------------------------------------------*
[2023-04-19 08:56:46][INFO] Mail could not be sent
[2023-04-19 08:56:46][INFO] *------------------------------------------------------------------------------------------------------*
[2023-04-19 08:56:46][INFO] Job Offer - 3998 updated, notifying admin - END
[2023-04-19 08:56:46][INFO] *------------------------------------------------------------------------------------------------------*
[2023-04-19 08:56:46][INFO] Post ID 3998 saved, status is publish , parent is 0
[2023-04-19 08:56:46][INFO] *------------------------------------------------------------------------------------------------------*
[2023-04-19 08:56:46][INFO] Job Offer - 4015 updated, notifying admin - BEGIN
[2023-04-19 08:56:46][INFO] *------------------------------------------------------------------------------------------------------*
[2023-04-19 08:56:57][INFO] Mail could not be sent
[2023-04-19 08:56:57][INFO] *------------------------------------------------------------------------------------------------------*
[2023-04-19 08:56:57][INFO] Job Offer - 4015 updated, notifying admin - END
[2023-04-19 08:56:57][INFO] *------------------------------------------------------------------------------------------------------*
[2023-04-19 08:56:57][INFO] Post ID 3998 saved, status is publish , parent is 0
[2023-04-19 08:56:57][INFO] *------------------------------------------------------------------------------------------------------*
[2023-04-19 08:56:57][INFO] Job Offer - 4016 updated, notifying admin - BEGIN
[2023-04-19 08:56:57][INFO] *------------------------------------------------------------------------------------------------------*
[2023-04-19 08:57:07][INFO] Mail could not be sent
[2023-04-19 08:57:07][INFO] *------------------------------------------------------------------------------------------------------*
[2023-04-19 08:57:07][INFO] Job Offer - 4016 updated, notifying admin - END
[2023-04-19 08:57:07][INFO] *------------------------------------------------------------------------------------------------------*
[2023-04-19 08:57:07][INFO] Post ID 3998 saved, status is publish , parent is 0
[2023-04-19 08:57:07][INFO] *------------------------------------------------------------------------------------------------------*
[2023-04-19 08:57:07][INFO] Job Offer - 3998 updated, notifying admin - BEGIN
[2023-04-19 08:57:07][INFO] *------------------------------------------------------------------------------------------------------*
[2023-04-19 08:57:17][INFO] Mail could not be sent
[2023-04-19 08:57:17][INFO] *------------------------------------------------------------------------------------------------------*
[2023-04-19 08:57:17][INFO] Job Offer - 3998 updated, notifying admin - END
[2023-04-19 08:57:17][INFO] *------------------------------------------------------------------------------------------------------*
[2023-04-19 08:57:17][INFO] Post ID 3998 saved, status is publish , parent is 0
[2023-04-19 08:58:44][INFO] *------------------------------------------------------------------------------------------------------*
[2023-04-19 08:58:44][INFO] Job Offer - 3998 updated, notifying admin - BEGIN
[2023-04-19 08:58:44][INFO] *------------------------------------------------------------------------------------------------------*
[2023-04-19 08:58:54][INFO] Mail could not be sent
[2023-04-19 08:58:54][INFO] *------------------------------------------------------------------------------------------------------*
[2023-04-19 08:58:54][INFO] Job Offer - 3998 updated, notifying admin - END
[2023-04-19 08:58:54][INFO] *------------------------------------------------------------------------------------------------------*
[2023-04-19 08:58:54][INFO] Post ID 3998 saved, status is publish , parent is 0
[2023-04-19 08:58:54][INFO] *------------------------------------------------------------------------------------------------------*
[2023-04-19 08:58:54][INFO] Job Offer - 4004 updated, notifying admin - BEGIN
[2023-04-19 08:58:54][INFO] *------------------------------------------------------------------------------------------------------*
[2023-04-19 08:59:04][INFO] Mail could not be sent
[2023-04-19 08:59:04][INFO] *------------------------------------------------------------------------------------------------------*
[2023-04-19 08:59:04][INFO] Job Offer - 4004 updated, notifying admin - END
[2023-04-19 08:59:04][INFO] *------------------------------------------------------------------------------------------------------*
[2023-04-19 08:59:04][INFO] Post ID 3998 saved, status is publish , parent is 0
[2023-04-19 08:59:04][INFO] *------------------------------------------------------------------------------------------------------*
[2023-04-19 08:59:04][INFO] Job Offer - 4005 updated, notifying admin - BEGIN
[2023-04-19 08:59:04][INFO] *------------------------------------------------------------------------------------------------------*
[2023-04-19 08:59:14][INFO] Mail could not be sent
[2023-04-19 08:59:14][INFO] *------------------------------------------------------------------------------------------------------*
[2023-04-19 08:59:14][INFO] Job Offer - 4005 updated, notifying admin - END
[2023-04-19 08:59:14][INFO] *------------------------------------------------------------------------------------------------------*
[2023-04-19 08:59:14][INFO] Post ID 3998 saved, status is publish , parent is 0
[2023-04-19 08:59:14][INFO] *------------------------------------------------------------------------------------------------------*
[2023-04-19 08:59:14][INFO] Job Offer - 4006 updated, notifying admin - BEGIN
[2023-04-19 08:59:14][INFO] *------------------------------------------------------------------------------------------------------*
[2023-04-19 08:59:24][INFO] Mail could not be sent
[2023-04-19 08:59:24][INFO] *------------------------------------------------------------------------------------------------------*
[2023-04-19 08:59:24][INFO] Job Offer - 4006 updated, notifying admin - END
[2023-04-19 08:59:24][INFO] *------------------------------------------------------------------------------------------------------*
[2023-04-19 08:59:24][INFO] Post ID 3998 saved, status is publish , parent is 0
[2023-04-19 08:59:24][INFO] *------------------------------------------------------------------------------------------------------*
[2023-04-19 08:59:24][INFO] Job Offer - 3998 updated, notifying admin - BEGIN
[2023-04-19 08:59:24][INFO] *------------------------------------------------------------------------------------------------------*
[2023-04-19 08:59:34][INFO] Mail could not be sent
[2023-04-19 08:59:34][INFO] *------------------------------------------------------------------------------------------------------*
[2023-04-19 08:59:34][INFO] Job Offer - 3998 updated, notifying admin - END
[2023-04-19 08:59:34][INFO] *------------------------------------------------------------------------------------------------------*
[2023-04-19 08:59:34][INFO] Post ID 3998 saved, status is publish , parent is 0
[2023-04-19 09:01:49][INFO] *------------------------------------------------------------------------------------------------------*
[2023-04-19 09:01:49][INFO] Job Offer - 3998 updated, notifying admin - BEGIN
[2023-04-19 09:01:49][INFO] *------------------------------------------------------------------------------------------------------*
[2023-04-19 09:01:59][INFO] Mail could not be sent
[2023-04-19 09:01:59][INFO] *------------------------------------------------------------------------------------------------------*
[2023-04-19 09:01:59][INFO] Job Offer - 3998 updated, notifying admin - END
[2023-04-19 09:01:59][INFO] *------------------------------------------------------------------------------------------------------*
[2023-04-19 09:01:59][INFO] Post ID 3998 saved, status is publish , parent is 0
[2023-04-19 09:01:59][INFO] *------------------------------------------------------------------------------------------------------*
[2023-04-19 09:01:59][INFO] Job Offer - 4005 updated, notifying admin - BEGIN
[2023-04-19 09:01:59][INFO] *------------------------------------------------------------------------------------------------------*
[2023-04-19 09:02:09][INFO] Mail could not be sent
[2023-04-19 09:02:09][INFO] *------------------------------------------------------------------------------------------------------*
[2023-04-19 09:02:09][INFO] Job Offer - 4005 updated, notifying admin - END
[2023-04-19 09:02:09][INFO] *------------------------------------------------------------------------------------------------------*
[2023-04-19 09:02:09][INFO] Post ID 3998 saved, status is publish , parent is 0
[2023-04-19 09:02:09][INFO] *------------------------------------------------------------------------------------------------------*
[2023-04-19 09:02:09][INFO] Job Offer - 3998 updated, notifying admin - BEGIN
[2023-04-19 09:02:09][INFO] *------------------------------------------------------------------------------------------------------*
[2023-04-19 09:02:19][INFO] Mail could not be sent
[2023-04-19 09:02:19][INFO] *------------------------------------------------------------------------------------------------------*
[2023-04-19 09:02:19][INFO] Job Offer - 3998 updated, notifying admin - END
[2023-04-19 09:02:19][INFO] *------------------------------------------------------------------------------------------------------*
[2023-04-19 09:02:19][INFO] Post ID 3998 saved, status is publish , parent is 0
[2023-04-19 09:03:50][INFO] *------------------------------------------------------------------------------------------------------*
[2023-04-19 09:03:50][INFO] Job Offer - 330 updated, notifying admin - BEGIN
[2023-04-19 09:03:50][INFO] *------------------------------------------------------------------------------------------------------*
[2023-04-19 09:04:00][INFO] Mail could not be sent
[2023-04-19 09:04:00][INFO] *------------------------------------------------------------------------------------------------------*
[2023-04-19 09:04:00][INFO] Job Offer - 330 updated, notifying admin - END
[2023-04-19 09:04:00][INFO] *------------------------------------------------------------------------------------------------------*
[2023-04-19 09:04:00][INFO] Post ID 330 saved, status is publish , parent is 0
[2023-04-19 09:04:00][INFO] Post ID 330 saved, status is publish , parent is 0
[2023-04-19 09:12:37][INFO] *------------------------------------------------------------------------------------------------------*
[2023-04-19 09:12:37][INFO] Job Offer - 330 updated, notifying admin - BEGIN
[2023-04-19 09:12:37][INFO] *------------------------------------------------------------------------------------------------------*
[2023-04-19 09:12:47][INFO] Mail could not be sent
[2023-04-19 09:12:47][INFO] *------------------------------------------------------------------------------------------------------*
[2023-04-19 09:12:47][INFO] Job Offer - 330 updated, notifying admin - END
[2023-04-19 09:12:47][INFO] *------------------------------------------------------------------------------------------------------*
[2023-04-19 09:12:47][INFO] Post ID 330 saved, status is publish , parent is 0
[2023-04-19 09:12:47][INFO] Post ID 330 saved, status is publish , parent is 0
[2023-04-19 09:13:42][INFO] *------------------------------------------------------------------------------------------------------*
[2023-04-19 09:13:42][INFO] Job Offer - 330 updated, notifying admin - BEGIN
[2023-04-19 09:13:42][INFO] *------------------------------------------------------------------------------------------------------*
[2023-04-19 09:13:52][INFO] Mail could not be sent
[2023-04-19 09:13:52][INFO] *------------------------------------------------------------------------------------------------------*
[2023-04-19 09:13:52][INFO] Job Offer - 330 updated, notifying admin - END
[2023-04-19 09:13:52][INFO] *------------------------------------------------------------------------------------------------------*
[2023-04-19 09:13:52][INFO] Post ID 330 saved, status is publish , parent is 0
[2023-04-19 09:13:52][INFO] Post ID 330 saved, status is publish , parent is 0
[2023-04-19 09:14:09][INFO] *------------------------------------------------------------------------------------------------------*
[2023-04-19 09:14:09][INFO] Job Offer - 330 updated, notifying admin - BEGIN
[2023-04-19 09:14:09][INFO] *------------------------------------------------------------------------------------------------------*
[2023-04-19 09:14:19][INFO] Mail could not be sent
[2023-04-19 09:14:19][INFO] *------------------------------------------------------------------------------------------------------*
[2023-04-19 09:14:19][INFO] Job Offer - 330 updated, notifying admin - END
[2023-04-19 09:14:19][INFO] *------------------------------------------------------------------------------------------------------*
[2023-04-19 09:14:19][INFO] Post ID 330 saved, status is publish , parent is 0
[2023-04-19 09:14:19][INFO] Post ID 330 saved, status is publish , parent is 0
[2023-04-19 09:44:37][INFO] New user registered with ID: 94
[2023-04-19 09:44:37][INFO] *------------------------------------------------------------------------------------------------------*
[2023-04-19 09:44:37][INFO] User Create/Update routine started
[2023-04-19 09:44:37][INFO] *------------------------------------------------------------------------------------------------------*
[2023-04-19 09:44:37][INFO] Get candidate by email - suporte@websystems.pt
[2023-04-19 09:44:37][INFO] JobconvoApiClient - Request method
[2023-04-19 09:44:37][INFO] METHOD - GET
[2023-04-19 09:44:37][INFO] URL - https://test-homolog.jobconvo.com/pt-br/api/companycandidate/?candidate=suporte@websystems.pt
[2023-04-19 09:44:37][INFO] GET Methods enter: GET
[2023-04-19 09:44:38][WARN] Retry request attempt 1
[2023-04-19 09:44:38][ERROR] Can't acess Jobconvo API, error:
[2023-04-19 09:44:38][ERROR] Code: 404
[2023-04-19 09:44:38][ERROR] Message: Not Found
[2023-04-19 09:44:38][ERROR] Body details: {"detail":"Não encontrado."}
[2023-04-19 09:44:38][INFO] User - suporte@websystems.pt not found on JobConvo, creating new one...
[2023-04-19 09:44:38][INFO] Candidate - Creating...
[2023-04-19 09:44:38][INFO] JobconvoApiClient - Request method
[2023-04-19 09:44:38][INFO] METHOD - POST
[2023-04-19 09:44:38][INFO] URL - https://test-homolog.jobconvo.com/pt-br/api/companycandidate/
[2023-04-19 09:44:38][INFO] wp_json_encode: {"profile":{"first_name":"WS_Editor","last_name":"WS_Editor","email":"suporte@websystems.pt"}}
[2023-04-19 09:44:39][WARN] Retry request attempt 1
[2023-04-19 09:44:39][INFO] Candidate created.
[2023-04-19 09:44:39][INFO] Array
(
    [pk] => 7dee272a-afd2-41ba-be10-f59ec8fe580a
    [date] => 2023-04-19T06:44:40.668807-03:00
    [source] => Página de Carreiras
    [favorite] => 
    [blacklist] => 
    [by_recruiter] => 
    [referral] => Array
        (
            [by_name] => 
            [by_email] => 
            [confirmed] => 
            [answer_date] => 
            [answer_comments] => 
        )

    [profile] => Array
        (
            [first_name] => WS_Editor
            [last_name] => WS_Editor
            [full_name] => WS_Editor WS_Editor
            [email] => suporte@websystems.pt
            [birthday] => 
            [social_status] => 
            [gender] => 
            [rais] => 
            [photo] => 
            [social_name] => 
            [sexuality] => 0
            [ethnicity] => 0
            [pronoun] => 0
            [country_code] => 
            [area_code] => 
            [phone1] => 
            [phone2] => 
            [public_place_type] => 
            [address] => 
            [adddressnumber] => 
            [complement] => 
            [neighbourhood] => 
            [state] => 
            [city] => 
            [country] => 
            [latitude] => 
            [longitude] => 
            [cep] => 
            [user_language] => pt-br
            [complete_cv] => 
            [nationality] => 
        )

    [disability] => Array
        (
            [disability] => Não
            [disability_id] => 0
        )

    [documents] => Array
        (
            [cpf] => 
            [doctype] => 
            [rg] => 
            [pis] => 
            [not_brazilian] => 
        )

    [work_experiences] => Array
        (
        )

    [career_objectives] => Array
        (
            [career_objective] => 
            [range_of_experience] => 
            [last_salary] => 
            [min_salary] => 
            [currency] => 
        )

    [educations] => Array
        (
        )

    [skills] => Array
        (
        )

    [languages] => Array
        (
        )

    [salary] => Array
        (
            [last_salary] => 
            [min_salary] => 
            [max_salary] => 
            [currency] => 
        )

    [website] => Array
        (
        )

    [applications] => Array
        (
        )

    [resume_file] => 
)

[2023-04-19 09:44:39][INFO] *------------------------------------------------------------------------------------------------------*
[2023-04-19 09:44:39][INFO] User Create/Update routine finished
[2023-04-19 09:44:39][INFO] *------------------------------------------------------------------------------------------------------*
[2023-04-19 09:53:04][INFO] *------------------------------------------------------------------------------------------------------*
[2023-04-19 09:53:04][INFO] Job Offer - 4402 updated, notifying admin - BEGIN
[2023-04-19 09:53:04][INFO] *------------------------------------------------------------------------------------------------------*
[2023-04-19 09:53:14][INFO] Mail could not be sent
[2023-04-19 09:53:14][INFO] *------------------------------------------------------------------------------------------------------*
[2023-04-19 09:53:14][INFO] Job Offer - 4402 updated, notifying admin - END
[2023-04-19 09:53:14][INFO] *------------------------------------------------------------------------------------------------------*
[2023-04-19 09:53:14][INFO] Post ID 4402 saved, status is publish , parent is 4398
[2023-04-19 09:54:26][INFO] *------------------------------------------------------------------------------------------------------*
[2023-04-19 09:54:26][INFO] Job Offer - 3962 updated, notifying admin - BEGIN
[2023-04-19 09:54:26][INFO] *------------------------------------------------------------------------------------------------------*
[2023-04-19 09:54:36][INFO] Mail could not be sent
[2023-04-19 09:54:36][INFO] *------------------------------------------------------------------------------------------------------*
[2023-04-19 09:54:36][INFO] Job Offer - 3962 updated, notifying admin - END
[2023-04-19 09:54:36][INFO] *------------------------------------------------------------------------------------------------------*
[2023-04-19 09:54:36][INFO] Post ID 3962 saved, status is publish , parent is 0
[2023-04-19 09:54:36][INFO] *------------------------------------------------------------------------------------------------------*
[2023-04-19 09:54:36][INFO] Job Offer - 3962 updated, notifying admin - BEGIN
[2023-04-19 09:54:36][INFO] *------------------------------------------------------------------------------------------------------*
[2023-04-19 09:54:47][INFO] Mail could not be sent
[2023-04-19 09:54:47][INFO] *------------------------------------------------------------------------------------------------------*
[2023-04-19 09:54:47][INFO] Job Offer - 3962 updated, notifying admin - END
[2023-04-19 09:54:47][INFO] *------------------------------------------------------------------------------------------------------*
[2023-04-19 09:54:47][INFO] Post ID 3962 saved, status is publish , parent is 0
[2023-04-19 09:55:28][INFO] *------------------------------------------------------------------------------------------------------*
[2023-04-19 09:55:28][INFO] Job Offer - 3989 updated, notifying admin - BEGIN
[2023-04-19 09:55:28][INFO] *------------------------------------------------------------------------------------------------------*
[2023-04-19 09:55:38][INFO] Mail could not be sent
[2023-04-19 09:55:38][INFO] *------------------------------------------------------------------------------------------------------*
[2023-04-19 09:55:38][INFO] Job Offer - 3989 updated, notifying admin - END
[2023-04-19 09:55:38][INFO] *------------------------------------------------------------------------------------------------------*
[2023-04-19 09:55:38][INFO] Post ID 3989 saved, status is publish , parent is 0
[2023-04-19 09:55:38][INFO] *------------------------------------------------------------------------------------------------------*
[2023-04-19 09:55:38][INFO] Job Offer - 3989 updated, notifying admin - BEGIN
[2023-04-19 09:55:38][INFO] *------------------------------------------------------------------------------------------------------*
[2023-04-19 09:55:48][INFO] Mail could not be sent
[2023-04-19 09:55:48][INFO] *------------------------------------------------------------------------------------------------------*
[2023-04-19 09:55:48][INFO] Job Offer - 3989 updated, notifying admin - END
[2023-04-19 09:55:48][INFO] *------------------------------------------------------------------------------------------------------*
[2023-04-19 09:55:48][INFO] Post ID 3989 saved, status is publish , parent is 0
[2023-04-19 09:59:35][INFO] *------------------------------------------------------------------------------------------------------*
[2023-04-19 09:59:35][INFO] Job Offer - 3985 updated, notifying admin - BEGIN
[2023-04-19 09:59:35][INFO] *------------------------------------------------------------------------------------------------------*
[2023-04-19 09:59:45][INFO] Mail could not be sent
[2023-04-19 09:59:45][INFO] *------------------------------------------------------------------------------------------------------*
[2023-04-19 09:59:45][INFO] Job Offer - 3985 updated, notifying admin - END
[2023-04-19 09:59:45][INFO] *------------------------------------------------------------------------------------------------------*
[2023-04-19 09:59:45][INFO] Post ID 3985 saved, status is publish , parent is 0
[2023-04-19 09:59:45][INFO] *------------------------------------------------------------------------------------------------------*
[2023-04-19 09:59:45][INFO] Job Offer - 7588 updated, notifying admin - BEGIN
[2023-04-19 09:59:45][INFO] *------------------------------------------------------------------------------------------------------*
[2023-04-19 09:59:55][INFO] Mail could not be sent
[2023-04-19 09:59:55][INFO] *------------------------------------------------------------------------------------------------------*
[2023-04-19 09:59:55][INFO] Job Offer - 7588 updated, notifying admin - END
[2023-04-19 09:59:55][INFO] *------------------------------------------------------------------------------------------------------*
[2023-04-19 09:59:55][INFO] Post ID 3985 saved, status is publish , parent is 0
[2023-04-19 09:59:55][INFO] *------------------------------------------------------------------------------------------------------*
[2023-04-19 09:59:55][INFO] Job Offer - 3985 updated, notifying admin - BEGIN
[2023-04-19 09:59:55][INFO] *------------------------------------------------------------------------------------------------------*
[2023-04-19 10:00:05][INFO] Mail could not be sent
[2023-04-19 10:00:05][INFO] *------------------------------------------------------------------------------------------------------*
[2023-04-19 10:00:05][INFO] Job Offer - 3985 updated, notifying admin - END
[2023-04-19 10:00:05][INFO] *------------------------------------------------------------------------------------------------------*
[2023-04-19 10:00:05][INFO] Post ID 3985 saved, status is publish , parent is 0
[2023-04-19 10:00:35][INFO] *------------------------------------------------------------------------------------------------------*
[2023-04-19 10:00:35][INFO] Job Offer - 4021 updated, notifying admin - BEGIN
[2023-04-19 10:00:35][INFO] *------------------------------------------------------------------------------------------------------*
[2023-04-19 10:00:45][INFO] Mail could not be sent
[2023-04-19 10:00:45][INFO] *------------------------------------------------------------------------------------------------------*
[2023-04-19 10:00:45][INFO] Job Offer - 4021 updated, notifying admin - END
[2023-04-19 10:00:45][INFO] *------------------------------------------------------------------------------------------------------*
[2023-04-19 10:00:45][INFO] Post ID 4021 saved, status is publish , parent is 0
[2023-04-19 10:00:45][INFO] *------------------------------------------------------------------------------------------------------*
[2023-04-19 10:00:45][INFO] Job Offer - 4021 updated, notifying admin - BEGIN
[2023-04-19 10:00:45][INFO] *------------------------------------------------------------------------------------------------------*
[2023-04-19 10:00:55][INFO] Mail could not be sent
[2023-04-19 10:00:55][INFO] *------------------------------------------------------------------------------------------------------*
[2023-04-19 10:00:55][INFO] Job Offer - 4021 updated, notifying admin - END
[2023-04-19 10:00:55][INFO] *------------------------------------------------------------------------------------------------------*
[2023-04-19 10:00:55][INFO] Post ID 4021 saved, status is publish , parent is 0
[2023-04-19 10:07:25][INFO] *------------------------------------------------------------------------------------------------------*
[2023-04-19 10:07:25][INFO] Job Offer - 4021 updated, notifying admin - BEGIN
[2023-04-19 10:07:25][INFO] *------------------------------------------------------------------------------------------------------*
[2023-04-19 10:07:35][INFO] Mail could not be sent
[2023-04-19 10:07:35][INFO] *------------------------------------------------------------------------------------------------------*
[2023-04-19 10:07:35][INFO] Job Offer - 4021 updated, notifying admin - END
[2023-04-19 10:07:35][INFO] *------------------------------------------------------------------------------------------------------*
[2023-04-19 10:07:35][INFO] Post ID 4021 saved, status is publish , parent is 0
[2023-04-19 10:07:35][INFO] *------------------------------------------------------------------------------------------------------*
[2023-04-19 10:07:35][INFO] Job Offer - 5577 updated, notifying admin - BEGIN
[2023-04-19 10:07:35][INFO] *------------------------------------------------------------------------------------------------------*
[2023-04-19 10:07:45][INFO] Mail could not be sent
[2023-04-19 10:07:45][INFO] *------------------------------------------------------------------------------------------------------*
[2023-04-19 10:07:45][INFO] Job Offer - 5577 updated, notifying admin - END
[2023-04-19 10:07:45][INFO] *------------------------------------------------------------------------------------------------------*
[2023-04-19 10:07:45][INFO] Post ID 4021 saved, status is publish , parent is 0
[2023-04-19 10:07:45][INFO] *------------------------------------------------------------------------------------------------------*
[2023-04-19 10:07:45][INFO] Job Offer - 4771 updated, notifying admin - BEGIN
[2023-04-19 10:07:45][INFO] *------------------------------------------------------------------------------------------------------*
[2023-04-19 10:07:55][INFO] Mail could not be sent
[2023-04-19 10:07:55][INFO] *------------------------------------------------------------------------------------------------------*
[2023-04-19 10:07:55][INFO] Job Offer - 4771 updated, notifying admin - END
[2023-04-19 10:07:55][INFO] *------------------------------------------------------------------------------------------------------*
[2023-04-19 10:07:55][INFO] Post ID 4021 saved, status is publish , parent is 0
[2023-04-19 10:07:55][INFO] *------------------------------------------------------------------------------------------------------*
[2023-04-19 10:07:55][INFO] Job Offer - 4772 updated, notifying admin - BEGIN
[2023-04-19 10:07:55][INFO] *------------------------------------------------------------------------------------------------------*
[2023-04-19 10:08:05][INFO] Mail could not be sent
[2023-04-19 10:08:05][INFO] *------------------------------------------------------------------------------------------------------*
[2023-04-19 10:08:05][INFO] Job Offer - 4772 updated, notifying admin - END
[2023-04-19 10:08:05][INFO] *------------------------------------------------------------------------------------------------------*
[2023-04-19 10:08:05][INFO] Post ID 4021 saved, status is publish , parent is 0
[2023-04-19 10:08:05][INFO] *------------------------------------------------------------------------------------------------------*
[2023-04-19 10:08:05][INFO] Job Offer - 4773 updated, notifying admin - BEGIN
[2023-04-19 10:08:05][INFO] *------------------------------------------------------------------------------------------------------*
[2023-04-19 10:08:15][INFO] Mail could not be sent
[2023-04-19 10:08:15][INFO] *------------------------------------------------------------------------------------------------------*
[2023-04-19 10:08:15][INFO] Job Offer - 4773 updated, notifying admin - END
[2023-04-19 10:08:15][INFO] *------------------------------------------------------------------------------------------------------*
[2023-04-19 10:08:15][INFO] Post ID 4021 saved, status is publish , parent is 0
[2023-04-19 10:08:15][INFO] *------------------------------------------------------------------------------------------------------*
[2023-04-19 10:08:15][INFO] Job Offer - 4774 updated, notifying admin - BEGIN
[2023-04-19 10:08:15][INFO] *------------------------------------------------------------------------------------------------------*
[2023-04-19 10:08:25][INFO] Mail could not be sent
[2023-04-19 10:08:25][INFO] *------------------------------------------------------------------------------------------------------*
[2023-04-19 10:08:25][INFO] Job Offer - 4774 updated, notifying admin - END
[2023-04-19 10:08:25][INFO] *------------------------------------------------------------------------------------------------------*
[2023-04-19 10:08:25][INFO] Post ID 4021 saved, status is publish , parent is 0
[2023-04-19 10:08:25][INFO] *------------------------------------------------------------------------------------------------------*
[2023-04-19 10:08:25][INFO] Job Offer - 4775 updated, notifying admin - BEGIN
[2023-04-19 10:08:25][INFO] *------------------------------------------------------------------------------------------------------*
[2023-04-19 10:08:35][INFO] Mail could not be sent
[2023-04-19 10:08:35][INFO] *------------------------------------------------------------------------------------------------------*
[2023-04-19 10:08:35][INFO] Job Offer - 4775 updated, notifying admin - END
[2023-04-19 10:08:35][INFO] *------------------------------------------------------------------------------------------------------*
[2023-04-19 10:08:35][INFO] Post ID 4021 saved, status is publish , parent is 0
[2023-04-19 10:08:35][INFO] *------------------------------------------------------------------------------------------------------*
[2023-04-19 10:08:35][INFO] Job Offer - 4776 updated, notifying admin - BEGIN
[2023-04-19 10:08:35][INFO] *------------------------------------------------------------------------------------------------------*
[2023-04-19 10:08:45][INFO] Mail could not be sent
[2023-04-19 10:08:45][INFO] *------------------------------------------------------------------------------------------------------*
[2023-04-19 10:08:45][INFO] Job Offer - 4776 updated, notifying admin - END
[2023-04-19 10:08:45][INFO] *------------------------------------------------------------------------------------------------------*
[2023-04-19 10:08:45][INFO] Post ID 4021 saved, status is publish , parent is 0
[2023-04-19 10:08:45][INFO] *------------------------------------------------------------------------------------------------------*
[2023-04-19 10:08:45][INFO] Job Offer - 4021 updated, notifying admin - BEGIN
[2023-04-19 10:08:45][INFO] *------------------------------------------------------------------------------------------------------*
[2023-04-19 10:08:55][INFO] Mail could not be sent
[2023-04-19 10:08:55][INFO] *------------------------------------------------------------------------------------------------------*
[2023-04-19 10:08:55][INFO] Job Offer - 4021 updated, notifying admin - END
[2023-04-19 10:08:55][INFO] *------------------------------------------------------------------------------------------------------*
[2023-04-19 10:08:55][INFO] Post ID 4021 saved, status is publish , parent is 0
[2023-04-19 10:10:34][INFO] *------------------------------------------------------------------------------------------------------*
[2023-04-19 10:10:34][INFO] Job Offer - 4021 updated, notifying admin - BEGIN
[2023-04-19 10:10:34][INFO] *------------------------------------------------------------------------------------------------------*
[2023-04-19 10:10:44][INFO] Mail could not be sent
[2023-04-19 10:10:44][INFO] *------------------------------------------------------------------------------------------------------*
[2023-04-19 10:10:44][INFO] Job Offer - 4021 updated, notifying admin - END
[2023-04-19 10:10:44][INFO] *------------------------------------------------------------------------------------------------------*
[2023-04-19 10:10:44][INFO] Post ID 4021 saved, status is publish , parent is 0
[2023-04-19 10:10:44][INFO] *------------------------------------------------------------------------------------------------------*
[2023-04-19 10:10:44][INFO] Job Offer - 4770 updated, notifying admin - BEGIN
[2023-04-19 10:10:44][INFO] *------------------------------------------------------------------------------------------------------*
[2023-04-19 10:10:54][INFO] Mail could not be sent
[2023-04-19 10:10:54][INFO] *------------------------------------------------------------------------------------------------------*
[2023-04-19 10:10:54][INFO] Job Offer - 4770 updated, notifying admin - END
[2023-04-19 10:10:54][INFO] *------------------------------------------------------------------------------------------------------*
[2023-04-19 10:10:54][INFO] Post ID 4021 saved, status is publish , parent is 0
[2023-04-19 10:10:54][INFO] *------------------------------------------------------------------------------------------------------*
[2023-04-19 10:10:54][INFO] Job Offer - 4021 updated, notifying admin - BEGIN
[2023-04-19 10:10:54][INFO] *------------------------------------------------------------------------------------------------------*
[2023-04-19 10:11:04][INFO] Mail could not be sent
[2023-04-19 10:11:04][INFO] *------------------------------------------------------------------------------------------------------*
[2023-04-19 10:11:04][INFO] Job Offer - 4021 updated, notifying admin - END
[2023-04-19 10:11:04][INFO] *------------------------------------------------------------------------------------------------------*
[2023-04-19 10:11:04][INFO] Post ID 4021 saved, status is publish , parent is 0
[2023-04-19 10:47:42][INFO] *------------------------------------------------------------------------------------------------------*
[2023-04-19 10:47:42][INFO] Job Offer - 330 updated, notifying admin - BEGIN
[2023-04-19 10:47:42][INFO] *------------------------------------------------------------------------------------------------------*
[2023-04-19 10:47:52][INFO] Mail could not be sent
[2023-04-19 10:47:52][INFO] *------------------------------------------------------------------------------------------------------*
[2023-04-19 10:47:52][INFO] Job Offer - 330 updated, notifying admin - END
[2023-04-19 10:47:52][INFO] *------------------------------------------------------------------------------------------------------*
[2023-04-19 10:47:52][INFO] Post ID 330 saved, status is publish , parent is 0
[2023-04-19 10:47:52][INFO] Post ID 330 saved, status is publish , parent is 0
[2023-04-19 10:51:16][INFO] *------------------------------------------------------------------------------------------------------*
[2023-04-19 10:51:16][INFO] Job Offer - 330 updated, notifying admin - BEGIN
[2023-04-19 10:51:16][INFO] *------------------------------------------------------------------------------------------------------*
[2023-04-19 10:51:26][INFO] Mail could not be sent
[2023-04-19 10:51:26][INFO] *------------------------------------------------------------------------------------------------------*
[2023-04-19 10:51:26][INFO] Job Offer - 330 updated, notifying admin - END
[2023-04-19 10:51:26][INFO] *------------------------------------------------------------------------------------------------------*
[2023-04-19 10:51:26][INFO] Post ID 330 saved, status is publish , parent is 0
[2023-04-19 10:51:26][INFO] Post ID 330 saved, status is publish , parent is 0
[2023-04-19 10:52:51][INFO] *------------------------------------------------------------------------------------------------------*
[2023-04-19 10:52:51][INFO] Job Offer - 330 updated, notifying admin - BEGIN
[2023-04-19 10:52:51][INFO] *------------------------------------------------------------------------------------------------------*
[2023-04-19 10:53:01][INFO] Mail could not be sent
[2023-04-19 10:53:01][INFO] *------------------------------------------------------------------------------------------------------*
[2023-04-19 10:53:01][INFO] Job Offer - 330 updated, notifying admin - END
[2023-04-19 10:53:01][INFO] *------------------------------------------------------------------------------------------------------*
[2023-04-19 10:53:01][INFO] Post ID 330 saved, status is publish , parent is 0
[2023-04-19 10:57:52][INFO] *------------------------------------------------------------------------------------------------------*
[2023-04-19 10:57:52][INFO] Job Offer - 5355 updated, notifying admin - BEGIN
[2023-04-19 10:57:52][INFO] *------------------------------------------------------------------------------------------------------*
[2023-04-19 10:58:02][INFO] Mail could not be sent
[2023-04-19 10:58:02][INFO] *------------------------------------------------------------------------------------------------------*
[2023-04-19 10:58:02][INFO] Job Offer - 5355 updated, notifying admin - END
[2023-04-19 10:58:02][INFO] *------------------------------------------------------------------------------------------------------*
[2023-04-19 10:58:02][INFO] Post ID 5355 saved, status is publish , parent is 0
[2023-04-19 10:59:11][INFO] *------------------------------------------------------------------------------------------------------*
[2023-04-19 10:59:11][INFO] Job Offer - 5355 updated, notifying admin - BEGIN
[2023-04-19 10:59:11][INFO] *------------------------------------------------------------------------------------------------------*
[2023-04-19 10:59:21][INFO] Mail could not be sent
[2023-04-19 10:59:21][INFO] *------------------------------------------------------------------------------------------------------*
[2023-04-19 10:59:21][INFO] Job Offer - 5355 updated, notifying admin - END
[2023-04-19 10:59:21][INFO] *------------------------------------------------------------------------------------------------------*
[2023-04-19 10:59:21][INFO] Post ID 5355 saved, status is publish , parent is 0
[2023-04-19 10:59:57][INFO] *------------------------------------------------------------------------------------------------------*
[2023-04-19 10:59:57][INFO] Job Offer - 5355 updated, notifying admin - BEGIN
[2023-04-19 10:59:57][INFO] *------------------------------------------------------------------------------------------------------*
[2023-04-19 11:00:07][INFO] Mail could not be sent
[2023-04-19 11:00:07][INFO] *------------------------------------------------------------------------------------------------------*
[2023-04-19 11:00:07][INFO] Job Offer - 5355 updated, notifying admin - END
[2023-04-19 11:00:07][INFO] *------------------------------------------------------------------------------------------------------*
[2023-04-19 11:00:07][INFO] Post ID 5355 saved, status is private , parent is 0
[2023-04-19 11:51:41][INFO] *------------------------------------------------------------------------------------------------------*
[2023-04-19 11:51:41][INFO] User Create/Update routine started
[2023-04-19 11:51:41][INFO] *------------------------------------------------------------------------------------------------------*
[2023-04-19 11:51:41][INFO] Get candidate by email - bruno.franquet@alfasoft.pt
[2023-04-19 11:51:41][INFO] JobconvoApiClient - Request method
[2023-04-19 11:51:41][INFO] METHOD - GET
[2023-04-19 11:51:41][INFO] URL - https://test-homolog.jobconvo.com/pt-br/api/companycandidate/?candidate=bruno.franquet@alfasoft.pt
[2023-04-19 11:51:41][INFO] GET Methods enter: GET
[2023-04-19 11:51:42][WARN] Retry request attempt 1
[2023-04-19 11:51:42][INFO] Sending CV file to JobConvo
[2023-04-19 11:51:42][INFO] Response: 
[2023-04-19 11:51:42][INFO] {"id":"75c33b21-4270-478a-bc0d-c5acb0e758f0","profile":{"first_name":"Bruno","last_name":"SantosSilva","full_name":"Bruno SantosSilva","email":"bruno.franquet@alfasoft.pt","birthday":"1979-11-30","social_status":"Solteiro","gender":"Nao informado","rais":null,"photo":null,"social_name":null,"sexuality":"0","ethnicity":0,"pronoun":0,"country_code":"351","area_code":"0","phone1":"966470228","phone2":"00000000000","public_place_type":null,"address":"-","adddressnumber":null,"complement":"-","neighbourhood":null,"state":null,"city":null,"country":"Portugal","latitude":"40.0332629","longitude":"-7.8896263","cep":null,"user_language":"pt-br","complete_cv":false,"nationality":null},"documents":{"cpf":null,"doctype":null,"rg":"224606573","pis":null,"not_brazilian":true},"disability":{"disability":"Não","disability_id":"0"},"salary":{"last_salary":null,"min_salary":null,"max_salary":null,"currency":null},"educations":[],"career_objectives":{"career_objective":null,"range_of_experience":null,"last_salary":null,"min_salary":null,"currency":null},"languages":[{"id":1122407,"idiom":"Inglês","level":"Todos","writing":"2","speaking":"2","reading":"2"},{"id":1122408,"idiom":"Italiano","level":"Todos","writing":"4","speaking":"3","reading":"3"}],"work_experiences":[{"id":6855501,"title":"WebDesigner","detail":"Websites Wordpress","employer":"Websystems","start":"2016-05-03","end":null},{"id":6855506,"title":"WebDesigner","detail":"Websites Wordpress","employer":"Websystems","start":"2016-05-03","end":null},{"id":6855500,"title":"Designer Industrial","detail":"Design de Mobiliário","employer":"Bleach","start":"2004-03-01","end":"2005-03-01"},{"id":6855505,"title":"Designer Industrial","detail":"Design de Mobiliário","employer":"Bleach","start":"2004-03-01","end":"2005-03-01"}],"resume_file":"https://jobquiz.s3.amazonaws.com/resumes/2023-04-19/bd1abe55-80c4-4be7-a8ad-6827f9c2c97f.pdf?AWSAccessKeyId=AKIAZKSAQCLUMNZ2255T&Signature=S5BdeGB7M2KghUSZ6dhRf9fiMpY%3D&Expires=1681908704","date":"2022-12-28T15:32:44-03:00","source":"Página de Carreiras","referred_by":null,"referred_by_email":null,"favorite":false,"blacklist":false,"confirmed_referral":false,"referral_answer_date":null,"referral_answer_comments":null,"candidate":3069936,"career_page_source":null,"by_recruiter":null}
[2023-04-19 11:51:42][INFO] User - bruno.franquet@alfasoft.pt and pk - 75c33b21-4270-478a-bc0d-c5acb0e758f0 found on JobConvo, updating...
[2023-04-19 11:51:42][INFO] Checking User Educations
[2023-04-19 11:51:42][INFO] Educations found on Wordpress:
[2023-04-19 11:51:42][INFO] Array
(
    [0] => Array
        (
            [level] => 13
            [school] => FBAUL
            [status] => 1
            [start] => 1997-10-01
            [end] => 2023-10-01
            [area] => Design
        )

    [1] => Array
        (
            [start] => 1991-07-15
            [level] => 4
            [school] => Colégio Moderno
            [status] => 4
            [end] => 1997-07-15
            [area] => Geral
        )

)

[2023-04-19 11:51:42][INFO] Education not found on JobConvo, Creating...
[2023-04-19 11:51:42][INFO] JobconvoApiClient - Request method
[2023-04-19 11:51:42][INFO] METHOD - POST
[2023-04-19 11:51:42][INFO] URL - https://test-homolog.jobconvo.com//pt-br/api/companycandidate/75c33b21-4270-478a-bc0d-c5acb0e758f0/educations/
[2023-04-19 11:51:42][INFO] wp_json_encode: {"level":"13","school":"FBAUL","status":"1","start":"1997-10-01","end":"2023-10-01","area":"Design"}
[2023-04-19 11:51:43][WARN] Retry request attempt 1
[2023-04-19 11:51:43][ERROR] Education not created:
[2023-04-19 11:51:43][ERROR] Array
(
    [code] => 400
    [body] => Array
        (
            [title] => Array
                (
                    [0] => Este campo é obrigatório.
                )

        )

)

[2023-04-19 11:51:43][INFO] Education not found on JobConvo, Creating...
[2023-04-19 11:51:43][INFO] JobconvoApiClient - Request method
[2023-04-19 11:51:43][INFO] METHOD - POST
[2023-04-19 11:51:43][INFO] URL - https://test-homolog.jobconvo.com//pt-br/api/companycandidate/75c33b21-4270-478a-bc0d-c5acb0e758f0/educations/
[2023-04-19 11:51:43][INFO] wp_json_encode: {"start":"1991-07-15","level":"4","school":"Col\u00e9gio Moderno","status":"4","end":"1997-07-15","area":"Geral"}
[2023-04-19 11:51:43][WARN] Retry request attempt 1
[2023-04-19 11:51:43][ERROR] Education not created:
[2023-04-19 11:51:43][ERROR] Array
(
    [code] => 400
    [body] => Array
        (
            [title] => Array
                (
                    [0] => Este campo é obrigatório.
                )

        )

)

[2023-04-19 11:51:43][INFO] Educations Now:
[2023-04-19 11:51:43][INFO] Array
(
    [0] => Array
        (
            [level] => 13
            [school] => FBAUL
            [status] => 1
            [start] => 1997-10-01
            [end] => 2023-10-01
            [area] => Design
        )

    [1] => Array
        (
            [start] => 1991-07-15
            [level] => 4
            [school] => Colégio Moderno
            [status] => 4
            [end] => 1997-07-15
            [area] => Geral
        )

)

[2023-04-19 11:51:43][INFO] Checking User Work Experiences
[2023-04-19 11:51:43][INFO] Work Experiences found on Wordpress:
[2023-04-19 11:51:43][INFO] Array
(
    [0] => Array
        (
            [jobtitle] => Designer Industrial
            [employer] => Bleach
            [detail] => Design de Mobiliário 
            [start] => 2004-03-01
            [end] => 2005-03-01
            [id] => 5410396
        )

    [1] => Array
        (
            [jobtitle] => WebDesigner 
            [employer] => Websystems
            [detail] => Websites Wordpress
            [start] => 2016-05-03
            [id] => 5410397
        )

)

[2023-04-19 11:51:43][INFO] Work Experience 5410396 found on JobConvo, Updating...
[2023-04-19 11:51:43][INFO] JobconvoApiClient - Request method
[2023-04-19 11:51:43][INFO] METHOD - PATCH
[2023-04-19 11:51:43][INFO] URL - https://test-homolog.jobconvo.com//pt-br/api/companycandidate/75c33b21-4270-478a-bc0d-c5acb0e758f0/work/5410396/
[2023-04-19 11:51:43][INFO] wp_json_encode: {"jobtitle":"Designer Industrial","employer":"Bleach","detail":"Design de Mobili\u00e1rio ","start":"2004-03-01","end":"2005-03-01","id":"5410396"}
[2023-04-19 11:51:44][WARN] Retry request attempt 1
[2023-04-19 11:51:44][ERROR] Can't acess Jobconvo API, error:
[2023-04-19 11:51:44][ERROR] Code: 406
[2023-04-19 11:51:44][ERROR] Message: Not Acceptable
[2023-04-19 11:51:44][ERROR] Body details: {"Erro":"Informações não encontradas. "}
[2023-04-19 11:51:44][INFO] Response:
[2023-04-19 11:51:44][INFO] 
[2023-04-19 11:51:44][INFO] Work Experience 5410397 found on JobConvo, Updating...
[2023-04-19 11:51:44][INFO] JobconvoApiClient - Request method
[2023-04-19 11:51:44][INFO] METHOD - PATCH
[2023-04-19 11:51:44][INFO] URL - https://test-homolog.jobconvo.com//pt-br/api/companycandidate/75c33b21-4270-478a-bc0d-c5acb0e758f0/work/5410397/
[2023-04-19 11:51:44][INFO] wp_json_encode: {"jobtitle":"WebDesigner ","employer":"Websystems","detail":"Websites Wordpress","start":"2016-05-03","id":"5410397"}
[2023-04-19 11:51:44][WARN] Retry request attempt 1
[2023-04-19 11:51:44][ERROR] Can't acess Jobconvo API, error:
[2023-04-19 11:51:44][ERROR] Code: 406
[2023-04-19 11:51:44][ERROR] Message: Not Acceptable
[2023-04-19 11:51:44][ERROR] Body details: {"Erro":"Informações não encontradas. "}
[2023-04-19 11:51:44][INFO] Response:
[2023-04-19 11:51:44][INFO] 
[2023-04-19 11:51:44][INFO] Work Experiences Now:
[2023-04-19 11:51:44][INFO] Array
(
    [0] => Array
        (
            [jobtitle] => Designer Industrial
            [employer] => Bleach
            [detail] => Design de Mobiliário 
            [start] => 2004-03-01
            [end] => 2005-03-01
            [id] => 5410396
        )

    [1] => Array
        (
            [jobtitle] => WebDesigner 
            [employer] => Websystems
            [detail] => Websites Wordpress
            [start] => 2016-05-03
            [id] => 5410397
        )

)

[2023-04-19 11:51:44][INFO] Checking User Languages
[2023-04-19 11:51:44][INFO] Languages found on Wordpress:
[2023-04-19 11:51:44][INFO] Array
(
    [0] => Array
        (
            [idiom] => EN
            [writing] => 2
            [speaking] => 2
            [reading] => 2
            [id] => 864404
        )

    [1] => Array
        (
            [idiom] => IT
            [writing] => 4
            [speaking] => 3
            [reading] => 3
            [id] => 864405
        )

)

[2023-04-19 11:51:44][INFO] Language 864404 found on JobConvo, Updating...
[2023-04-19 11:51:44][INFO] JobconvoApiClient - Request method
[2023-04-19 11:51:44][INFO] METHOD - GET
[2023-04-19 11:51:44][INFO] URL - https://test-homolog.jobconvo.com//pt-br/api/companycandidate/75c33b21-4270-478a-bc0d-c5acb0e758f0/languages/864404
[2023-04-19 11:51:44][INFO] GET Methods enter: GET
[2023-04-19 11:51:45][WARN] Retry request attempt 1
[2023-04-19 11:51:45][ERROR] Can't acess Jobconvo API, error:
[2023-04-19 11:51:45][ERROR] Code: 404
[2023-04-19 11:51:45][ERROR] Message: Not Found
[2023-04-19 11:51:45][ERROR] Body details: {"detail":"Não encontrado."}
[2023-04-19 11:51:45][INFO] JobconvoApiClient - Request method
[2023-04-19 11:51:45][INFO] METHOD - PATCH
[2023-04-19 11:51:45][INFO] URL - https://test-homolog.jobconvo.com//pt-br/api/companycandidate/75c33b21-4270-478a-bc0d-c5acb0e758f0/languages/864404/
[2023-04-19 11:51:45][INFO] wp_json_encode: {"idiom":"EN","writing":"2","speaking":"2","reading":"2","id":"864404"}
[2023-04-19 11:51:45][WARN] Retry request attempt 1
[2023-04-19 11:51:45][ERROR] Can't acess Jobconvo API, error:
[2023-04-19 11:51:45][ERROR] Code: 404
[2023-04-19 11:51:45][ERROR] Message: Not Found
[2023-04-19 11:51:45][ERROR] Body details: {"detail":"Não encontrado."}
[2023-04-19 11:51:45][INFO] Response:
[2023-04-19 11:51:45][INFO] 
[2023-04-19 11:51:45][INFO] Language 864405 found on JobConvo, Updating...
[2023-04-19 11:51:45][INFO] JobconvoApiClient - Request method
[2023-04-19 11:51:45][INFO] METHOD - GET
[2023-04-19 11:51:45][INFO] URL - https://test-homolog.jobconvo.com//pt-br/api/companycandidate/75c33b21-4270-478a-bc0d-c5acb0e758f0/languages/864405
[2023-04-19 11:51:45][INFO] GET Methods enter: GET
[2023-04-19 11:51:46][WARN] Retry request attempt 1
[2023-04-19 11:51:46][ERROR] Can't acess Jobconvo API, error:
[2023-04-19 11:51:46][ERROR] Code: 404
[2023-04-19 11:51:46][ERROR] Message: Not Found
[2023-04-19 11:51:46][ERROR] Body details: {"detail":"Não encontrado."}
[2023-04-19 11:51:46][INFO] JobconvoApiClient - Request method
[2023-04-19 11:51:46][INFO] METHOD - PATCH
[2023-04-19 11:51:46][INFO] URL - https://test-homolog.jobconvo.com//pt-br/api/companycandidate/75c33b21-4270-478a-bc0d-c5acb0e758f0/languages/864405/
[2023-04-19 11:51:46][INFO] wp_json_encode: {"idiom":"IT","writing":"4","speaking":"3","reading":"3","id":"864405"}
[2023-04-19 11:51:46][WARN] Retry request attempt 1
[2023-04-19 11:51:46][ERROR] Can't acess Jobconvo API, error:
[2023-04-19 11:51:46][ERROR] Code: 404
[2023-04-19 11:51:46][ERROR] Message: Not Found
[2023-04-19 11:51:46][ERROR] Body details: {"detail":"Não encontrado."}
[2023-04-19 11:51:46][INFO] Response:
[2023-04-19 11:51:46][INFO] 
[2023-04-19 11:51:46][INFO] Languages Now:
[2023-04-19 11:51:46][INFO] Array
(
    [0] => Array
        (
            [idiom] => EN
            [writing] => 2
            [speaking] => 2
            [reading] => 2
            [id] => 864404
        )

    [1] => Array
        (
            [idiom] => IT
            [writing] => 4
            [speaking] => 3
            [reading] => 3
            [id] => 864405
        )

)

[2023-04-19 11:51:46][INFO] Checking User Websites
[2023-04-19 11:51:46][INFO] Websites found on Wordpress:
[2023-04-19 11:51:46][INFO] Array
(
    [0] => Array
        (
            [website] => teste2
            [link] => https://www.teste.pt
            [id] => 159395
        )

    [1] => Array
        (
            [website] => teste3
            [link] => https://www.teste2.pt
            [id] => 159396
        )

)

[2023-04-19 11:51:46][INFO] Website 159395 found on JobConvo, Updating...
[2023-04-19 11:51:46][INFO] JobconvoApiClient - Request method
[2023-04-19 11:51:46][INFO] METHOD - PATCH
[2023-04-19 11:51:46][INFO] URL - https://test-homolog.jobconvo.com//pt-br/api/companycandidate/75c33b21-4270-478a-bc0d-c5acb0e758f0/websites/159395/
[2023-04-19 11:51:46][INFO] wp_json_encode: {"website":"teste2","link":"https:\/\/www.teste.pt","id":"159395"}
[2023-04-19 11:51:47][WARN] Retry request attempt 1
[2023-04-19 11:51:47][ERROR] Can't acess Jobconvo API, error:
[2023-04-19 11:51:47][ERROR] Code: 404
[2023-04-19 11:51:47][ERROR] Message: Not Found
[2023-04-19 11:51:47][ERROR] Body details: {"detail":"Não encontrado."}
[2023-04-19 11:51:47][INFO] Response:
[2023-04-19 11:51:47][INFO] 
[2023-04-19 11:51:47][INFO] Website 159396 found on JobConvo, Updating...
[2023-04-19 11:51:47][INFO] JobconvoApiClient - Request method
[2023-04-19 11:51:47][INFO] METHOD - PATCH
[2023-04-19 11:51:47][INFO] URL - https://test-homolog.jobconvo.com//pt-br/api/companycandidate/75c33b21-4270-478a-bc0d-c5acb0e758f0/websites/159396/
[2023-04-19 11:51:47][INFO] wp_json_encode: {"website":"teste3","link":"https:\/\/www.teste2.pt","id":"159396"}
[2023-04-19 11:51:47][WARN] Retry request attempt 1
[2023-04-19 11:51:47][ERROR] Can't acess Jobconvo API, error:
[2023-04-19 11:51:47][ERROR] Code: 404
[2023-04-19 11:51:47][ERROR] Message: Not Found
[2023-04-19 11:51:47][ERROR] Body details: {"detail":"Não encontrado."}
[2023-04-19 11:51:47][INFO] Response:
[2023-04-19 11:51:47][INFO] 
[2023-04-19 11:51:47][INFO] Websites Now:
[2023-04-19 11:51:47][INFO] Array
(
    [0] => Array
        (
            [website] => teste2
            [link] => https://www.teste.pt
            [id] => 159395
        )

    [1] => Array
        (
            [website] => teste3
            [link] => https://www.teste2.pt
            [id] => 159396
        )

)

[2023-04-19 11:51:47][INFO] Registering new Candidacy for user - 1 on Job - 018b4c31-9910-48dc-9e82-62f90146d7f5
[2023-04-19 11:51:47][INFO] JobconvoApiClient - Request method
[2023-04-19 11:51:47][INFO] METHOD - POST
[2023-04-19 11:51:47][INFO] URL - https://test-homolog.jobconvo.com//pt-br/api/candidate/
[2023-04-19 11:51:47][INFO] wp_json_encode: {"email":"bruno.franquet@alfasoft.pt","ref_number":"335"}
[2023-04-19 11:51:48][WARN] Retry request attempt 1
[2023-04-19 11:51:48][INFO] Candidacy Registered Successfully
[2023-04-19 11:51:48][INFO] Candidate id: 75c33b21-4270-478a-bc0d-c5acb0e758f0 - Updating ...
[2023-04-19 11:51:48][INFO] JobconvoApiClient - Request method
[2023-04-19 11:51:48][INFO] METHOD - PATCH
[2023-04-19 11:51:48][INFO] URL - https://test-homolog.jobconvo.com/pt-br/api/companycandidate/75c33b21-4270-478a-bc0d-c5acb0e758f0/
[2023-04-19 11:51:48][INFO] wp_json_encode: {"profile":{"email":"bruno.franquet@alfasoft.pt","birthday":"1979-11-30","address":"","adddressnumber":null,"complement":"-","neighbourhood":null,"city":null,"country":"Portugal","cep":null},"documents":{"doctype":null,"rg":"224606573","not_brazilian":true}}
[2023-04-19 11:51:48][WARN] Retry request attempt 1
[2023-04-19 11:51:48][INFO] Candidate id: 75c33b21-4270-478a-bc0d-c5acb0e758f0 - Updating ...
[2023-04-19 11:51:48][INFO] JobconvoApiClient - Request method
[2023-04-19 11:51:48][INFO] METHOD - PATCH
[2023-04-19 11:51:48][INFO] URL - https://test-homolog.jobconvo.com/pt-br/api/userprofile/75c33b21-4270-478a-bc0d-c5acb0e758f0/
[2023-04-19 11:51:48][INFO] wp_json_encode: {"first_name":"Bruno","last_name":"SantosSilva","full_name":"master-admin","country_code":"351","area_code":"0","phone1":"966470228","phone2":"00000000000","social_status":"1","born_sex":"4"}
[2023-04-19 11:51:49][WARN] Retry request attempt 1
[2023-04-19 11:51:49][INFO] Candidate updated.
[2023-04-19 11:51:49][INFO] Array
(
    [id] => 75c33b21-4270-478a-bc0d-c5acb0e758f0
    [profile] => Array
        (
            [first_name] => Bruno
            [last_name] => SantosSilva
            [full_name] => Bruno SantosSilva
            [email] => bruno.franquet@alfasoft.pt
            [birthday] => 1979-11-30
            [social_status] => Solteiro
            [gender] => Nao informado
            [rais] => 
            [photo] => 
            [social_name] => 
            [sexuality] => 0
            [ethnicity] => 0
            [pronoun] => 0
            [country_code] => 351
            [area_code] => 0
            [phone1] => 966470228
            [phone2] => 00000000000
            [public_place_type] => 
            [address] => -
            [adddressnumber] => 
            [complement] => -
            [neighbourhood] => 
            [state] => 
            [city] => 
            [country] => Portugal
            [latitude] => 40.0332629
            [longitude] => -7.8896263
            [cep] => 
            [user_language] => pt-br
            [complete_cv] => 
            [nationality] => 
        )

    [documents] => Array
        (
            [cpf] => 
            [doctype] => 
            [rg] => 224606573
            [pis] => 
            [not_brazilian] => 1
        )

    [disability] => Array
        (
            [disability] => Não
            [disability_id] => 0
        )

    [salary] => Array
        (
            [last_salary] => 
            [min_salary] => 
            [max_salary] => 
            [currency] => 
        )

    [educations] => Array
        (
        )

    [career_objectives] => Array
        (
            [career_objective] => 
            [range_of_experience] => 
            [last_salary] => 
            [min_salary] => 
            [currency] => 
        )

    [languages] => Array
        (
            [0] => Array
                (
                    [id] => 1122407
                    [idiom] => Inglês
                    [level] => Todos
                    [writing] => 2
                    [speaking] => 2
                    [reading] => 2
                )

            [1] => Array
                (
                    [id] => 1122408
                    [idiom] => Italiano
                    [level] => Todos
                    [writing] => 4
                    [speaking] => 3
                    [reading] => 3
                )

        )

    [work_experiences] => Array
        (
            [0] => Array
                (
                    [id] => 6855501
                    [title] => WebDesigner
                    [detail] => Websites Wordpress
                    [employer] => Websystems
                    [start] => 2016-05-03
                    [end] => 
                )

            [1] => Array
                (
                    [id] => 6855506
                    [title] => WebDesigner
                    [detail] => Websites Wordpress
                    [employer] => Websystems
                    [start] => 2016-05-03
                    [end] => 
                )

            [2] => Array
                (
                    [id] => 6855500
                    [title] => Designer Industrial
                    [detail] => Design de Mobiliário
                    [employer] => Bleach
                    [start] => 2004-03-01
                    [end] => 2005-03-01
                )

            [3] => Array
                (
                    [id] => 6855505
                    [title] => Designer Industrial
                    [detail] => Design de Mobiliário
                    [employer] => Bleach
                    [start] => 2004-03-01
                    [end] => 2005-03-01
                )

        )

    [resume_file] => https://jobquiz.s3.amazonaws.com/resumes/2023-04-19/bd1abe55-80c4-4be7-a8ad-6827f9c2c97f.pdf?AWSAccessKeyId=AKIAZKSAQCLUMNZ2255T&Signature=SvcpI1j8ISBoJ2%2Fsz7ZazbNnH8Y%3D&Expires=1681908710
    [date] => 2022-12-28T15:32:44-03:00
    [source] => Página de Carreiras
    [referred_by] => 
    [referred_by_email] => 
    [favorite] => 
    [blacklist] => 
    [confirmed_referral] => 
    [referral_answer_date] => 
    [referral_answer_comments] => 
    [candidate] => 3069936
    [career_page_source] => 
    [by_recruiter] => 
)

[2023-04-19 11:51:49][INFO] *------------------------------------------------------------------------------------------------------*
[2023-04-19 11:51:49][INFO] User Create/Update routine finished
[2023-04-19 11:51:49][INFO] *------------------------------------------------------------------------------------------------------*
[2023-04-19 11:51:49][INFO] *------------------------------------------------------------------------------------------------------*
[2023-04-19 11:51:49][INFO] User Create/Update routine started
[2023-04-19 11:51:49][INFO] *------------------------------------------------------------------------------------------------------*
[2023-04-19 11:51:49][INFO] Get candidate by email - suporte@websystems.pt
[2023-04-19 11:51:49][INFO] JobconvoApiClient - Request method
[2023-04-19 11:51:49][INFO] METHOD - GET
[2023-04-19 11:51:49][INFO] URL - https://test-homolog.jobconvo.com/pt-br/api/companycandidate/?candidate=suporte@websystems.pt
[2023-04-19 11:51:49][INFO] GET Methods enter: GET
[2023-04-19 11:51:49][WARN] Retry request attempt 1
[2023-04-19 11:51:49][INFO] User - suporte@websystems.pt and pk - 7dee272a-afd2-41ba-be10-f59ec8fe580a found on JobConvo, updating...
[2023-04-19 11:51:49][INFO] Checking User Educations
[2023-04-19 11:51:49][INFO] Educations found on Wordpress:
[2023-04-19 11:51:49][INFO] Array
(
)

[2023-04-19 11:51:49][INFO] Educations Now:
[2023-04-19 11:51:49][INFO] Array
(
)

[2023-04-19 11:51:49][INFO] Checking User Work Experiences
[2023-04-19 11:51:49][INFO] Work Experiences found on Wordpress:
[2023-04-19 11:51:49][INFO] Array
(
)

[2023-04-19 11:51:49][INFO] Work Experiences Now:
[2023-04-19 11:51:49][INFO] Array
(
)

[2023-04-19 11:51:49][INFO] Checking User Languages
[2023-04-19 11:51:49][INFO] Languages found on Wordpress:
[2023-04-19 11:51:49][INFO] Array
(
)

[2023-04-19 11:51:49][INFO] Languages Now:
[2023-04-19 11:51:49][INFO] Array
(
)

[2023-04-19 11:51:49][INFO] Checking User Websites
[2023-04-19 11:51:49][INFO] Websites found on Wordpress:
[2023-04-19 11:51:49][INFO] Array
(
)

[2023-04-19 11:51:49][INFO] Websites Now:
[2023-04-19 11:51:49][INFO] Array
(
)

[2023-04-19 11:51:49][INFO] Candidate id: 7dee272a-afd2-41ba-be10-f59ec8fe580a - Updating ...
[2023-04-19 11:51:49][INFO] JobconvoApiClient - Request method
[2023-04-19 11:51:49][INFO] METHOD - PATCH
[2023-04-19 11:51:49][INFO] URL - https://test-homolog.jobconvo.com/pt-br/api/companycandidate/7dee272a-afd2-41ba-be10-f59ec8fe580a/
[2023-04-19 11:51:49][INFO] wp_json_encode: {"profile":{"email":"suporte@websystems.pt","birthday":null,"address":"","adddressnumber":null,"complement":"-","neighbourhood":null,"city":null,"country":"Portugal","cep":null},"documents":{"doctype":null,"rg":null,"not_brazilian":true}}
[2023-04-19 11:51:50][WARN] Retry request attempt 1
[2023-04-19 11:51:50][INFO] Candidate id: 7dee272a-afd2-41ba-be10-f59ec8fe580a - Updating ...
[2023-04-19 11:51:50][INFO] JobconvoApiClient - Request method
[2023-04-19 11:51:50][INFO] METHOD - PATCH
[2023-04-19 11:51:50][INFO] URL - https://test-homolog.jobconvo.com/pt-br/api/userprofile/7dee272a-afd2-41ba-be10-f59ec8fe580a/
[2023-04-19 11:51:50][INFO] wp_json_encode: {"first_name":"WSEditor","last_name":"WSEditor","full_name":"WS_Editor","country_code":"351","area_code":"0","phone1":"00000000000","phone2":"00000000000","social_status":"1","born_sex":"4"}
[2023-04-19 11:51:50][WARN] Retry request attempt 1
[2023-04-19 11:51:50][INFO] Candidate updated.
[2023-04-19 11:51:50][INFO] Array
(
    [id] => 7dee272a-afd2-41ba-be10-f59ec8fe580a
    [profile] => Array
        (
            [first_name] => WSEditor
            [last_name] => WSEditor
            [full_name] => WSEditor WSEditor
            [email] => suporte@websystems.pt
            [birthday] => 
            [social_status] => Solteiro
            [gender] => Nao informado
            [rais] => 
            [photo] => 
            [social_name] => 
            [sexuality] => 0
            [ethnicity] => 0
            [pronoun] => 0
            [country_code] => 351
            [area_code] => 0
            [phone1] => 00000000000
            [phone2] => 00000000000
            [public_place_type] => 
            [address] => 
            [adddressnumber] => 
            [complement] => -
            [neighbourhood] => 
            [state] => 
            [city] => 
            [country] => Portugal
            [latitude] => 40.0332629
            [longitude] => -7.8896263
            [cep] => 
            [user_language] => pt-br
            [complete_cv] => 
            [nationality] => 
        )

    [documents] => Array
        (
            [cpf] => 
            [doctype] => 
            [rg] => 
            [pis] => 
            [not_brazilian] => 1
        )

    [disability] => Array
        (
            [disability] => Não
            [disability_id] => 0
        )

    [salary] => Array
        (
            [last_salary] => 
            [min_salary] => 
            [max_salary] => 
            [currency] => 
        )

    [educations] => Array
        (
        )

    [career_objectives] => Array
        (
            [career_objective] => 
            [range_of_experience] => 
            [last_salary] => 
            [min_salary] => 
            [currency] => 
        )

    [languages] => Array
        (
        )

    [work_experiences] => Array
        (
        )

    [resume_file] => 
    [date] => 2023-04-19T06:44:41-03:00
    [source] => Página de Carreiras
    [referred_by] => 
    [referred_by_email] => 
    [favorite] => 
    [blacklist] => 
    [confirmed_referral] => 
    [referral_answer_date] => 
    [referral_answer_comments] => 
    [candidate] => 3169369
    [career_page_source] => 
    [by_recruiter] => 
)

[2023-04-19 11:51:50][INFO] *------------------------------------------------------------------------------------------------------*
[2023-04-19 11:51:50][INFO] User Create/Update routine finished
[2023-04-19 11:51:50][INFO] *------------------------------------------------------------------------------------------------------*
