[2023-04-22 13:38:12][INFO] *------------------------------------------------------------------------------------------------------*
[2023-04-22 13:38:12][INFO] Job Offer - 4402 updated, notifying admin - BEGIN
[2023-04-22 13:38:12][INFO] *------------------------------------------------------------------------------------------------------*
[2023-04-22 13:38:12][INFO] Mail sent successfully
[2023-04-22 13:38:12][INFO] *------------------------------------------------------------------------------------------------------*
[2023-04-22 13:38:12][INFO] Job Offer - 4402 updated, notifying admin - END
[2023-04-22 13:38:12][INFO] *------------------------------------------------------------------------------------------------------*
[2023-04-22 13:38:12][INFO] Post ID 4402 saved, status is publish , parent is 4398
[2023-04-22 13:38:12][INFO] Post ID 4402 saved, status is publish , parent is 4398
[2023-04-22 13:39:37][INFO] *------------------------------------------------------------------------------------------------------*
[2023-04-22 13:39:37][INFO] Job Offer - 4402 updated, notifying admin - BEGIN
[2023-04-22 13:39:37][INFO] *------------------------------------------------------------------------------------------------------*
[2023-04-22 13:39:37][INFO] Mail sent successfully
[2023-04-22 13:39:37][INFO] *------------------------------------------------------------------------------------------------------*
[2023-04-22 13:39:37][INFO] Job Offer - 4402 updated, notifying admin - END
[2023-04-22 13:39:37][INFO] *------------------------------------------------------------------------------------------------------*
[2023-04-22 13:39:37][INFO] Post ID 4402 saved, status is publish , parent is 4398
[2023-04-22 13:40:20][INFO] *------------------------------------------------------------------------------------------------------*
[2023-04-22 13:40:20][INFO] Job Offer - 4408 updated, notifying admin - BEGIN
[2023-04-22 13:40:20][INFO] *------------------------------------------------------------------------------------------------------*
[2023-04-22 13:40:20][INFO] Mail sent successfully
[2023-04-22 13:40:20][INFO] *------------------------------------------------------------------------------------------------------*
[2023-04-22 13:40:20][INFO] Job Offer - 4408 updated, notifying admin - END
[2023-04-22 13:40:20][INFO] *------------------------------------------------------------------------------------------------------*
[2023-04-22 13:40:20][INFO] Post ID 4408 saved, status is publish , parent is 4398
[2023-04-22 13:40:20][INFO] Post ID 4408 saved, status is publish , parent is 4398
[2023-04-22 13:41:50][INFO] *------------------------------------------------------------------------------------------------------*
[2023-04-22 13:41:50][INFO] Job Offer - 4417 updated, notifying admin - BEGIN
[2023-04-22 13:41:50][INFO] *------------------------------------------------------------------------------------------------------*
[2023-04-22 13:41:50][INFO] Mail sent successfully
[2023-04-22 13:41:50][INFO] *------------------------------------------------------------------------------------------------------*
[2023-04-22 13:41:50][INFO] Job Offer - 4417 updated, notifying admin - END
[2023-04-22 13:41:50][INFO] *------------------------------------------------------------------------------------------------------*
[2023-04-22 13:41:50][INFO] Post ID 4417 saved, status is publish , parent is 4398
[2023-04-22 13:41:50][INFO] Post ID 4417 saved, status is publish , parent is 4398
[2023-04-22 13:42:25][INFO] *------------------------------------------------------------------------------------------------------*
[2023-04-22 13:42:25][INFO] Job Offer - 4415 updated, notifying admin - BEGIN
[2023-04-22 13:42:25][INFO] *------------------------------------------------------------------------------------------------------*
[2023-04-22 13:42:25][INFO] Mail sent successfully
[2023-04-22 13:42:25][INFO] *------------------------------------------------------------------------------------------------------*
[2023-04-22 13:42:25][INFO] Job Offer - 4415 updated, notifying admin - END
[2023-04-22 13:42:25][INFO] *------------------------------------------------------------------------------------------------------*
[2023-04-22 13:42:25][INFO] Post ID 4415 saved, status is publish , parent is 4398
[2023-04-22 13:42:25][INFO] Post ID 4415 saved, status is publish , parent is 4398
[2023-04-22 13:44:25][INFO] *------------------------------------------------------------------------------------------------------*
[2023-04-22 13:44:25][INFO] Job Offer - 4413 updated, notifying admin - BEGIN
[2023-04-22 13:44:25][INFO] *------------------------------------------------------------------------------------------------------*
[2023-04-22 13:44:25][INFO] Mail sent successfully
[2023-04-22 13:44:25][INFO] *------------------------------------------------------------------------------------------------------*
[2023-04-22 13:44:25][INFO] Job Offer - 4413 updated, notifying admin - END
[2023-04-22 13:44:25][INFO] *------------------------------------------------------------------------------------------------------*
[2023-04-22 13:44:25][INFO] Post ID 4413 saved, status is publish , parent is 4398
[2023-04-22 13:44:25][INFO] Post ID 4413 saved, status is publish , parent is 4398
[2023-04-22 13:45:01][INFO] *------------------------------------------------------------------------------------------------------*
[2023-04-22 13:45:01][INFO] Job Offer - 4383 updated, notifying admin - BEGIN
[2023-04-22 13:45:01][INFO] *------------------------------------------------------------------------------------------------------*
[2023-04-22 13:45:02][INFO] Mail sent successfully
[2023-04-22 13:45:02][INFO] *------------------------------------------------------------------------------------------------------*
[2023-04-22 13:45:02][INFO] Job Offer - 4383 updated, notifying admin - END
[2023-04-22 13:45:02][INFO] *------------------------------------------------------------------------------------------------------*
[2023-04-22 13:45:02][INFO] Post ID 4383 saved, status is publish , parent is 4398
[2023-04-22 13:45:02][INFO] Post ID 4383 saved, status is publish , parent is 4398
[2023-04-22 13:48:18][INFO] *------------------------------------------------------------------------------------------------------*
[2023-04-22 13:48:18][INFO] Job Offer - 4907 updated, notifying admin - BEGIN
[2023-04-22 13:48:18][INFO] *------------------------------------------------------------------------------------------------------*
[2023-04-22 13:48:18][INFO] Mail sent successfully
[2023-04-22 13:48:18][INFO] *------------------------------------------------------------------------------------------------------*
[2023-04-22 13:48:18][INFO] Job Offer - 4907 updated, notifying admin - END
[2023-04-22 13:48:18][INFO] *------------------------------------------------------------------------------------------------------*
[2023-04-22 13:48:19][INFO] Post ID 4907 saved, status is publish , parent is 0
[2023-04-22 13:48:19][INFO] Post ID 4907 saved, status is publish , parent is 0
[2023-04-22 14:11:59][INFO] *------------------------------------------------------------------------------------------------------*
[2023-04-22 14:11:59][INFO] Job Offer - 4907 updated, notifying admin - BEGIN
[2023-04-22 14:11:59][INFO] *------------------------------------------------------------------------------------------------------*
[2023-04-22 14:11:59][INFO] Mail sent successfully
[2023-04-22 14:11:59][INFO] *------------------------------------------------------------------------------------------------------*
[2023-04-22 14:11:59][INFO] Job Offer - 4907 updated, notifying admin - END
[2023-04-22 14:11:59][INFO] *------------------------------------------------------------------------------------------------------*
[2023-04-22 14:11:59][INFO] Post ID 4907 saved, status is publish , parent is 0
[2023-04-22 14:11:59][INFO] Post ID 4907 saved, status is publish , parent is 0
[2023-04-22 14:12:29][INFO] *------------------------------------------------------------------------------------------------------*
[2023-04-22 14:12:29][INFO] Job Offer - 5527 updated, notifying admin - BEGIN
[2023-04-22 14:12:29][INFO] *------------------------------------------------------------------------------------------------------*
[2023-04-22 14:12:29][INFO] Mail sent successfully
[2023-04-22 14:12:29][INFO] *------------------------------------------------------------------------------------------------------*
[2023-04-22 14:12:29][INFO] Job Offer - 5527 updated, notifying admin - END
[2023-04-22 14:12:29][INFO] *------------------------------------------------------------------------------------------------------*
[2023-04-22 14:12:29][INFO] Post ID 5527 saved, status is publish , parent is 0
[2023-04-22 14:12:29][INFO] Post ID 5527 saved, status is publish , parent is 0
[2023-04-22 14:17:04][INFO] *------------------------------------------------------------------------------------------------------*
[2023-04-22 14:17:04][INFO] Job Offer - 5527 updated, notifying admin - BEGIN
[2023-04-22 14:17:04][INFO] *------------------------------------------------------------------------------------------------------*
[2023-04-22 14:17:04][INFO] Mail sent successfully
[2023-04-22 14:17:04][INFO] *------------------------------------------------------------------------------------------------------*
[2023-04-22 14:17:04][INFO] Job Offer - 5527 updated, notifying admin - END
[2023-04-22 14:17:04][INFO] *------------------------------------------------------------------------------------------------------*
[2023-04-22 14:17:04][INFO] Post ID 5527 saved, status is publish , parent is 0
[2023-04-22 14:17:04][INFO] Post ID 5527 saved, status is publish , parent is 0
[2023-04-22 14:22:44][INFO] *------------------------------------------------------------------------------------------------------*
[2023-04-22 14:22:44][INFO] Job Offer - 4907 updated, notifying admin - BEGIN
[2023-04-22 14:22:44][INFO] *------------------------------------------------------------------------------------------------------*
[2023-04-22 14:22:44][INFO] Mail sent successfully
[2023-04-22 14:22:44][INFO] *------------------------------------------------------------------------------------------------------*
[2023-04-22 14:22:44][INFO] Job Offer - 4907 updated, notifying admin - END
[2023-04-22 14:22:44][INFO] *------------------------------------------------------------------------------------------------------*
[2023-04-22 14:22:44][INFO] Post ID 4907 saved, status is publish , parent is 0
[2023-04-22 14:22:44][INFO] Post ID 4907 saved, status is publish , parent is 0
[2023-04-22 14:23:06][INFO] *------------------------------------------------------------------------------------------------------*
[2023-04-22 14:23:06][INFO] Job Offer - 4907 updated, notifying admin - BEGIN
[2023-04-22 14:23:06][INFO] *------------------------------------------------------------------------------------------------------*
[2023-04-22 14:23:06][INFO] Mail sent successfully
[2023-04-22 14:23:06][INFO] *------------------------------------------------------------------------------------------------------*
[2023-04-22 14:23:06][INFO] Job Offer - 4907 updated, notifying admin - END
[2023-04-22 14:23:06][INFO] *------------------------------------------------------------------------------------------------------*
[2023-04-22 14:23:06][INFO] Post ID 4907 saved, status is publish , parent is 0
[2023-04-22 14:33:40][INFO] *------------------------------------------------------------------------------------------------------*
[2023-04-22 14:33:40][INFO] Job Offer - 5415 updated, notifying admin - BEGIN
[2023-04-22 14:33:40][INFO] *------------------------------------------------------------------------------------------------------*
[2023-04-22 14:33:40][INFO] Mail sent successfully
[2023-04-22 14:33:40][INFO] *------------------------------------------------------------------------------------------------------*
[2023-04-22 14:33:40][INFO] Job Offer - 5415 updated, notifying admin - END
[2023-04-22 14:33:40][INFO] *------------------------------------------------------------------------------------------------------*
[2023-04-22 14:33:40][INFO] Post ID 5415 saved, status is publish , parent is 0
[2023-04-22 14:33:40][INFO] Post ID 5415 saved, status is publish , parent is 0
[2023-04-22 14:35:56][INFO] *------------------------------------------------------------------------------------------------------*
[2023-04-22 14:35:56][INFO] Job Offer - 5515 updated, notifying admin - BEGIN
[2023-04-22 14:35:56][INFO] *------------------------------------------------------------------------------------------------------*
[2023-04-22 14:35:56][INFO] Mail sent successfully
[2023-04-22 14:35:56][INFO] *------------------------------------------------------------------------------------------------------*
[2023-04-22 14:35:56][INFO] Job Offer - 5515 updated, notifying admin - END
[2023-04-22 14:35:56][INFO] *------------------------------------------------------------------------------------------------------*
[2023-04-22 14:35:56][INFO] Post ID 5515 saved, status is publish , parent is 0
[2023-04-22 14:35:56][INFO] Post ID 5515 saved, status is publish , parent is 0
[2023-04-22 14:37:41][INFO] *------------------------------------------------------------------------------------------------------*
[2023-04-22 14:37:41][INFO] Job Offer - 5521 updated, notifying admin - BEGIN
[2023-04-22 14:37:41][INFO] *------------------------------------------------------------------------------------------------------*
[2023-04-22 14:37:42][INFO] Mail sent successfully
[2023-04-22 14:37:42][INFO] *------------------------------------------------------------------------------------------------------*
[2023-04-22 14:37:42][INFO] Job Offer - 5521 updated, notifying admin - END
[2023-04-22 14:37:42][INFO] *------------------------------------------------------------------------------------------------------*
[2023-04-22 14:37:42][INFO] Post ID 5521 saved, status is publish , parent is 0
[2023-04-22 14:37:42][INFO] Post ID 5521 saved, status is publish , parent is 0
[2023-04-22 14:38:05][INFO] *------------------------------------------------------------------------------------------------------*
[2023-04-22 14:38:05][INFO] Job Offer - 5521 updated, notifying admin - BEGIN
[2023-04-22 14:38:05][INFO] *------------------------------------------------------------------------------------------------------*
[2023-04-22 14:38:05][INFO] Mail sent successfully
[2023-04-22 14:38:05][INFO] *------------------------------------------------------------------------------------------------------*
[2023-04-22 14:38:05][INFO] Job Offer - 5521 updated, notifying admin - END
[2023-04-22 14:38:05][INFO] *------------------------------------------------------------------------------------------------------*
[2023-04-22 14:38:05][INFO] Post ID 5521 saved, status is publish , parent is 0
[2023-04-22 14:41:52][INFO] *------------------------------------------------------------------------------------------------------*
[2023-04-22 14:41:52][INFO] Job Offer - 5527 updated, notifying admin - BEGIN
[2023-04-22 14:41:52][INFO] *------------------------------------------------------------------------------------------------------*
[2023-04-22 14:41:52][INFO] Mail sent successfully
[2023-04-22 14:41:52][INFO] *------------------------------------------------------------------------------------------------------*
[2023-04-22 14:41:52][INFO] Job Offer - 5527 updated, notifying admin - END
[2023-04-22 14:41:52][INFO] *------------------------------------------------------------------------------------------------------*
[2023-04-22 14:41:52][INFO] Post ID 5527 saved, status is publish , parent is 0
[2023-04-22 14:41:52][INFO] Post ID 5527 saved, status is publish , parent is 0
